ARM GAS  C:\Users\Tymek\AppData\Local\Temp\cc8nHY03.s 			page 1


   1              		.syntax unified
   2              		.cpu cortex-m0
   3              		.fpu softvfp
   4              		.eabi_attribute 20, 1
   5              		.eabi_attribute 21, 1
   6              		.eabi_attribute 23, 3
   7              		.eabi_attribute 24, 1
   8              		.eabi_attribute 25, 1
   9              		.eabi_attribute 26, 1
  10              		.eabi_attribute 30, 1
  11              		.eabi_attribute 34, 0
  12              		.eabi_attribute 18, 4
  13              		.thumb
  14              		.syntax unified
  15              		.file	"cymetadata.c"
  16              		.text
  17              	.Ltext0:
  18              		.cfi_sections	.debug_frame
  19              		.global	cy_meta_loader
  20              		.global	cy_meta_loadable
  21              		.section	.cyloadermeta,"a",%progbits
  22              		.align	2
  23              		.type	cy_meta_loader, %object
  24              		.size	cy_meta_loader, 64
  25              	cy_meta_loader:
  26 0000 00       		.byte	0
  27 0001 00       		.byte	0
  28 0002 00       		.byte	0
  29 0003 00       		.byte	0
  30 0004 00       		.byte	0
  31 0005 00       		.byte	0
  32 0006 00       		.byte	0
  33 0007 00       		.byte	0
  34 0008 00       		.byte	0
  35 0009 00       		.byte	0
  36 000a 00       		.byte	0
  37 000b 00       		.byte	0
  38 000c 00       		.byte	0
  39 000d 00       		.byte	0
  40 000e 00       		.byte	0
  41 000f 00       		.byte	0
  42 0010 00       		.byte	0
  43 0011 00       		.byte	0
  44 0012 00       		.byte	0
  45 0013 00       		.byte	0
  46 0014 01       		.byte	1
  47 0015 00       		.byte	0
  48 0016 00       		.byte	0
  49 0017 00       		.byte	0
  50 0018 00       		.byte	0
  51 0019 00       		.byte	0
  52 001a 00       		.byte	0
  53 001b 00       		.byte	0
  54 001c 00       		.byte	0
  55 001d 01       		.byte	1
  56 001e 00       		.byte	0
  57 001f 00       		.byte	0
ARM GAS  C:\Users\Tymek\AppData\Local\Temp\cc8nHY03.s 			page 2


  58 0020 00       		.byte	0
  59 0021 00       		.byte	0
  60 0022 00       		.byte	0
  61 0023 00       		.byte	0
  62 0024 00       		.byte	0
  63 0025 00       		.byte	0
  64 0026 00       		.byte	0
  65 0027 00       		.byte	0
  66 0028 00       		.byte	0
  67 0029 00       		.byte	0
  68 002a 00       		.byte	0
  69 002b 00       		.byte	0
  70 002c 00       		.byte	0
  71 002d 00       		.byte	0
  72 002e 00       		.byte	0
  73 002f 00       		.byte	0
  74 0030 00       		.byte	0
  75 0031 00       		.byte	0
  76 0032 00       		.byte	0
  77 0033 00       		.byte	0
  78 0034 00       		.byte	0
  79 0035 00       		.byte	0
  80 0036 00       		.byte	0
  81 0037 00       		.byte	0
  82 0038 00       		.byte	0
  83 0039 00       		.byte	0
  84 003a 00       		.byte	0
  85 003b 00       		.byte	0
  86 003c 00       		.byte	0
  87 003d 00       		.byte	0
  88 003e 00       		.byte	0
  89 003f 00       		.byte	0
  90              		.section	.cyloadablemeta,"a",%progbits
  91              		.align	2
  92              		.type	cy_meta_loadable, %object
  93              		.size	cy_meta_loadable, 64
  94              	cy_meta_loadable:
  95 0000 00       		.byte	0
  96 0001 00       		.byte	0
  97 0002 00       		.byte	0
  98 0003 00       		.byte	0
  99 0004 00       		.byte	0
 100 0005 00       		.byte	0
 101 0006 00       		.byte	0
 102 0007 00       		.byte	0
 103 0008 00       		.byte	0
 104 0009 00       		.byte	0
 105 000a 00       		.byte	0
 106 000b 00       		.byte	0
 107 000c 00       		.byte	0
 108 000d 00       		.byte	0
 109 000e 00       		.byte	0
 110 000f 00       		.byte	0
 111 0010 00       		.byte	0
 112 0011 00       		.byte	0
 113 0012 00       		.byte	0
 114 0013 00       		.byte	0
ARM GAS  C:\Users\Tymek\AppData\Local\Temp\cc8nHY03.s 			page 3


 115 0014 00       		.byte	0
 116 0015 00       		.byte	0
 117 0016 00       		.byte	0
 118 0017 00       		.byte	0
 119 0018 00       		.byte	0
 120 0019 00       		.byte	0
 121 001a 00       		.byte	0
 122 001b 00       		.byte	0
 123 001c 00       		.byte	0
 124 001d 01       		.byte	1
 125 001e 00       		.byte	0
 126 001f 00       		.byte	0
 127 0020 00       		.byte	0
 128 0021 00       		.byte	0
 129 0022 00       		.byte	0
 130 0023 00       		.byte	0
 131 0024 00       		.byte	0
 132 0025 00       		.byte	0
 133 0026 00       		.byte	0
 134 0027 00       		.byte	0
 135 0028 00       		.byte	0
 136 0029 00       		.byte	0
 137 002a 00       		.byte	0
 138 002b 00       		.byte	0
 139 002c 00       		.byte	0
 140 002d 00       		.byte	0
 141 002e 00       		.byte	0
 142 002f 00       		.byte	0
 143 0030 00       		.byte	0
 144 0031 00       		.byte	0
 145 0032 00       		.byte	0
 146 0033 00       		.byte	0
 147 0034 00       		.byte	0
 148 0035 00       		.byte	0
 149 0036 00       		.byte	0
 150 0037 00       		.byte	0
 151 0038 00       		.byte	0
 152 0039 00       		.byte	0
 153 003a 00       		.byte	0
 154 003b 00       		.byte	0
 155 003c 00       		.byte	0
 156 003d 00       		.byte	0
 157 003e 00       		.byte	0
 158 003f 00       		.byte	0
 159              		.text
 160              	.Letext0:
 161              		.file 1 "d:\\apps\\cypress psoc creator\\psoc creator\\4.1\\psoc creator\\import\\gnu\\arm\\5.4.1\
 162              		.file 2 "d:\\apps\\cypress psoc creator\\psoc creator\\4.1\\psoc creator\\import\\gnu\\arm\\5.4.1\
 163              		.file 3 "Generated_Source\\PSoC4\\cymetadata.c"
 164              		.section	.debug_info,"",%progbits
 165              	.Ldebug_info0:
 166 0000 BE000000 		.4byte	0xbe
 167 0004 0400     		.2byte	0x4
 168 0006 00000000 		.4byte	.Ldebug_abbrev0
 169 000a 04       		.byte	0x4
 170 000b 01       		.uleb128 0x1
 171 000c 21010000 		.4byte	.LASF14
ARM GAS  C:\Users\Tymek\AppData\Local\Temp\cc8nHY03.s 			page 4


 172 0010 0C       		.byte	0xc
 173 0011 9B000000 		.4byte	.LASF15
 174 0015 0A000000 		.4byte	.LASF16
 175 0019 00000000 		.4byte	.Ldebug_line0
 176 001d 02       		.uleb128 0x2
 177 001e 01       		.byte	0x1
 178 001f 06       		.byte	0x6
 179 0020 D9010000 		.4byte	.LASF0
 180 0024 03       		.uleb128 0x3
 181 0025 00000000 		.4byte	.LASF9
 182 0029 01       		.byte	0x1
 183 002a 1D       		.byte	0x1d
 184 002b 2F000000 		.4byte	0x2f
 185 002f 02       		.uleb128 0x2
 186 0030 01       		.byte	0x1
 187 0031 08       		.byte	0x8
 188 0032 8D000000 		.4byte	.LASF1
 189 0036 02       		.uleb128 0x2
 190 0037 02       		.byte	0x2
 191 0038 05       		.byte	0x5
 192 0039 C6010000 		.4byte	.LASF2
 193 003d 02       		.uleb128 0x2
 194 003e 02       		.byte	0x2
 195 003f 07       		.byte	0x7
 196 0040 D1000000 		.4byte	.LASF3
 197 0044 02       		.uleb128 0x2
 198 0045 04       		.byte	0x4
 199 0046 05       		.byte	0x5
 200 0047 D0010000 		.4byte	.LASF4
 201 004b 02       		.uleb128 0x2
 202 004c 04       		.byte	0x4
 203 004d 07       		.byte	0x7
 204 004e BF000000 		.4byte	.LASF5
 205 0052 02       		.uleb128 0x2
 206 0053 08       		.byte	0x8
 207 0054 05       		.byte	0x5
 208 0055 B8010000 		.4byte	.LASF6
 209 0059 02       		.uleb128 0x2
 210 005a 08       		.byte	0x8
 211 005b 07       		.byte	0x7
 212 005c F1000000 		.4byte	.LASF7
 213 0060 04       		.uleb128 0x4
 214 0061 04       		.byte	0x4
 215 0062 05       		.byte	0x5
 216 0063 696E7400 		.ascii	"int\000"
 217 0067 02       		.uleb128 0x2
 218 0068 04       		.byte	0x4
 219 0069 07       		.byte	0x7
 220 006a E4000000 		.4byte	.LASF8
 221 006e 03       		.uleb128 0x3
 222 006f 08010000 		.4byte	.LASF10
 223 0073 02       		.byte	0x2
 224 0074 18       		.byte	0x18
 225 0075 24000000 		.4byte	0x24
 226 0079 05       		.uleb128 0x5
 227 007a 90000000 		.4byte	0x90
 228 007e 89000000 		.4byte	0x89
ARM GAS  C:\Users\Tymek\AppData\Local\Temp\cc8nHY03.s 			page 5


 229 0082 06       		.uleb128 0x6
 230 0083 89000000 		.4byte	0x89
 231 0087 3F       		.byte	0x3f
 232 0088 00       		.byte	0
 233 0089 02       		.uleb128 0x2
 234 008a 04       		.byte	0x4
 235 008b 07       		.byte	0x7
 236 008c AF010000 		.4byte	.LASF11
 237 0090 07       		.uleb128 0x7
 238 0091 6E000000 		.4byte	0x6e
 239 0095 08       		.uleb128 0x8
 240 0096 10010000 		.4byte	.LASF12
 241 009a 03       		.byte	0x3
 242 009b 1F       		.byte	0x1f
 243 009c A6000000 		.4byte	0xa6
 244 00a0 05       		.uleb128 0x5
 245 00a1 03       		.byte	0x3
 246 00a2 00000000 		.4byte	cy_meta_loadable
 247 00a6 07       		.uleb128 0x7
 248 00a7 79000000 		.4byte	0x79
 249 00ab 08       		.uleb128 0x8
 250 00ac 7E000000 		.4byte	.LASF13
 251 00b0 03       		.byte	0x3
 252 00b1 34       		.byte	0x34
 253 00b2 BC000000 		.4byte	0xbc
 254 00b6 05       		.uleb128 0x5
 255 00b7 03       		.byte	0x3
 256 00b8 00000000 		.4byte	cy_meta_loader
 257 00bc 07       		.uleb128 0x7
 258 00bd 79000000 		.4byte	0x79
 259 00c1 00       		.byte	0
 260              		.section	.debug_abbrev,"",%progbits
 261              	.Ldebug_abbrev0:
 262 0000 01       		.uleb128 0x1
 263 0001 11       		.uleb128 0x11
 264 0002 01       		.byte	0x1
 265 0003 25       		.uleb128 0x25
 266 0004 0E       		.uleb128 0xe
 267 0005 13       		.uleb128 0x13
 268 0006 0B       		.uleb128 0xb
 269 0007 03       		.uleb128 0x3
 270 0008 0E       		.uleb128 0xe
 271 0009 1B       		.uleb128 0x1b
 272 000a 0E       		.uleb128 0xe
 273 000b 10       		.uleb128 0x10
 274 000c 17       		.uleb128 0x17
 275 000d 00       		.byte	0
 276 000e 00       		.byte	0
 277 000f 02       		.uleb128 0x2
 278 0010 24       		.uleb128 0x24
 279 0011 00       		.byte	0
 280 0012 0B       		.uleb128 0xb
 281 0013 0B       		.uleb128 0xb
 282 0014 3E       		.uleb128 0x3e
 283 0015 0B       		.uleb128 0xb
 284 0016 03       		.uleb128 0x3
 285 0017 0E       		.uleb128 0xe
ARM GAS  C:\Users\Tymek\AppData\Local\Temp\cc8nHY03.s 			page 6


 286 0018 00       		.byte	0
 287 0019 00       		.byte	0
 288 001a 03       		.uleb128 0x3
 289 001b 16       		.uleb128 0x16
 290 001c 00       		.byte	0
 291 001d 03       		.uleb128 0x3
 292 001e 0E       		.uleb128 0xe
 293 001f 3A       		.uleb128 0x3a
 294 0020 0B       		.uleb128 0xb
 295 0021 3B       		.uleb128 0x3b
 296 0022 0B       		.uleb128 0xb
 297 0023 49       		.uleb128 0x49
 298 0024 13       		.uleb128 0x13
 299 0025 00       		.byte	0
 300 0026 00       		.byte	0
 301 0027 04       		.uleb128 0x4
 302 0028 24       		.uleb128 0x24
 303 0029 00       		.byte	0
 304 002a 0B       		.uleb128 0xb
 305 002b 0B       		.uleb128 0xb
 306 002c 3E       		.uleb128 0x3e
 307 002d 0B       		.uleb128 0xb
 308 002e 03       		.uleb128 0x3
 309 002f 08       		.uleb128 0x8
 310 0030 00       		.byte	0
 311 0031 00       		.byte	0
 312 0032 05       		.uleb128 0x5
 313 0033 01       		.uleb128 0x1
 314 0034 01       		.byte	0x1
 315 0035 49       		.uleb128 0x49
 316 0036 13       		.uleb128 0x13
 317 0037 01       		.uleb128 0x1
 318 0038 13       		.uleb128 0x13
 319 0039 00       		.byte	0
 320 003a 00       		.byte	0
 321 003b 06       		.uleb128 0x6
 322 003c 21       		.uleb128 0x21
 323 003d 00       		.byte	0
 324 003e 49       		.uleb128 0x49
 325 003f 13       		.uleb128 0x13
 326 0040 2F       		.uleb128 0x2f
 327 0041 0B       		.uleb128 0xb
 328 0042 00       		.byte	0
 329 0043 00       		.byte	0
 330 0044 07       		.uleb128 0x7
 331 0045 26       		.uleb128 0x26
 332 0046 00       		.byte	0
 333 0047 49       		.uleb128 0x49
 334 0048 13       		.uleb128 0x13
 335 0049 00       		.byte	0
 336 004a 00       		.byte	0
 337 004b 08       		.uleb128 0x8
 338 004c 34       		.uleb128 0x34
 339 004d 00       		.byte	0
 340 004e 03       		.uleb128 0x3
 341 004f 0E       		.uleb128 0xe
 342 0050 3A       		.uleb128 0x3a
ARM GAS  C:\Users\Tymek\AppData\Local\Temp\cc8nHY03.s 			page 7


 343 0051 0B       		.uleb128 0xb
 344 0052 3B       		.uleb128 0x3b
 345 0053 0B       		.uleb128 0xb
 346 0054 49       		.uleb128 0x49
 347 0055 13       		.uleb128 0x13
 348 0056 3F       		.uleb128 0x3f
 349 0057 19       		.uleb128 0x19
 350 0058 02       		.uleb128 0x2
 351 0059 18       		.uleb128 0x18
 352 005a 00       		.byte	0
 353 005b 00       		.byte	0
 354 005c 00       		.byte	0
 355              		.section	.debug_aranges,"",%progbits
 356 0000 14000000 		.4byte	0x14
 357 0004 0200     		.2byte	0x2
 358 0006 00000000 		.4byte	.Ldebug_info0
 359 000a 04       		.byte	0x4
 360 000b 00       		.byte	0
 361 000c 0000     		.2byte	0
 362 000e 0000     		.2byte	0
 363 0010 00000000 		.4byte	0
 364 0014 00000000 		.4byte	0
 365              		.section	.debug_line,"",%progbits
 366              	.Ldebug_line0:
 367 0000 39010000 		.section	.debug_str,"MS",%progbits,1
 367      02003301 
 367      00000201 
 367      FB0E0D00 
 367      01010101 
 368              	.LASF9:
 369 0000 5F5F7569 		.ascii	"__uint8_t\000"
 369      6E74385F 
 369      7400
 370              	.LASF16:
 371 000a 433A5C55 		.ascii	"C:\\Users\\Tymek\\Documents\\EE\\Programming\\PSoC\\"
 371      73657273 
 371      5C54796D 
 371      656B5C44 
 371      6F63756D 
 372 0037 4359424C 		.ascii	"CYBLE-224110-00_Clock_OTA\\BLE_OTA_UpgradableStackE"
 372      452D3232 
 372      34313130 
 372      2D30305F 
 372      436C6F63 
 373 0069 78616D70 		.ascii	"xample_Stack01.cydsn\000"
 373      6C655F53 
 373      7461636B 
 373      30312E63 
 373      7964736E 
 374              	.LASF13:
 375 007e 63795F6D 		.ascii	"cy_meta_loader\000"
 375      6574615F 
 375      6C6F6164 
 375      657200
 376              	.LASF1:
 377 008d 756E7369 		.ascii	"unsigned char\000"
 377      676E6564 
ARM GAS  C:\Users\Tymek\AppData\Local\Temp\cc8nHY03.s 			page 8


 377      20636861 
 377      7200
 378              	.LASF15:
 379 009b 47656E65 		.ascii	"Generated_Source\\PSoC4\\cymetadata.c\000"
 379      72617465 
 379      645F536F 
 379      75726365 
 379      5C50536F 
 380              	.LASF5:
 381 00bf 6C6F6E67 		.ascii	"long unsigned int\000"
 381      20756E73 
 381      69676E65 
 381      6420696E 
 381      7400
 382              	.LASF3:
 383 00d1 73686F72 		.ascii	"short unsigned int\000"
 383      7420756E 
 383      7369676E 
 383      65642069 
 383      6E7400
 384              	.LASF8:
 385 00e4 756E7369 		.ascii	"unsigned int\000"
 385      676E6564 
 385      20696E74 
 385      00
 386              	.LASF7:
 387 00f1 6C6F6E67 		.ascii	"long long unsigned int\000"
 387      206C6F6E 
 387      6720756E 
 387      7369676E 
 387      65642069 
 388              	.LASF10:
 389 0108 75696E74 		.ascii	"uint8_t\000"
 389      385F7400 
 390              	.LASF12:
 391 0110 63795F6D 		.ascii	"cy_meta_loadable\000"
 391      6574615F 
 391      6C6F6164 
 391      61626C65 
 391      00
 392              	.LASF14:
 393 0121 474E5520 		.ascii	"GNU C11 5.4.1 20160609 (release) [ARM/embedded-5-br"
 393      43313120 
 393      352E342E 
 393      31203230 
 393      31363036 
 394 0154 616E6368 		.ascii	"anch revision 237715] -mcpu=cortex-m0 -mthumb -g -O"
 394      20726576 
 394      6973696F 
 394      6E203233 
 394      37373135 
 395 0187 67202D66 		.ascii	"g -ffunction-sections -ffat-lto-objects\000"
 395      66756E63 
 395      74696F6E 
 395      2D736563 
 395      74696F6E 
 396              	.LASF11:
ARM GAS  C:\Users\Tymek\AppData\Local\Temp\cc8nHY03.s 			page 9


 397 01af 73697A65 		.ascii	"sizetype\000"
 397      74797065 
 397      00
 398              	.LASF6:
 399 01b8 6C6F6E67 		.ascii	"long long int\000"
 399      206C6F6E 
 399      6720696E 
 399      7400
 400              	.LASF2:
 401 01c6 73686F72 		.ascii	"short int\000"
 401      7420696E 
 401      7400
 402              	.LASF4:
 403 01d0 6C6F6E67 		.ascii	"long int\000"
 403      20696E74 
 403      00
 404              	.LASF0:
 405 01d9 7369676E 		.ascii	"signed char\000"
 405      65642063 
 405      68617200 
 406              		.ident	"GCC: (GNU Tools for ARM Embedded Processors) 5.4.1 20160609 (release) [ARM/embedded-5-bran
