ARM GAS  C:\Users\Tymek\AppData\Local\Temp\ccpWw2el.s 			page 1


   1              		.syntax unified
   2              		.cpu cortex-m0
   3              		.fpu softvfp
   4              		.eabi_attribute 20, 1
   5              		.eabi_attribute 21, 1
   6              		.eabi_attribute 23, 3
   7              		.eabi_attribute 24, 1
   8              		.eabi_attribute 25, 1
   9              		.eabi_attribute 26, 1
  10              		.eabi_attribute 30, 1
  11              		.eabi_attribute 34, 0
  12              		.eabi_attribute 18, 4
  13              		.thumb
  14              		.syntax unified
  15              		.file	"debug.c"
  16              		.text
  17              	.Ltext0:
  18              		.cfi_sections	.debug_frame
  19              		.global	__aeabi_uidiv
  20              		.section	.text.divmod10,"ax",%progbits
  21              		.align	2
  22              		.code	16
  23              		.thumb_func
  24              		.type	divmod10, %function
  25              	divmod10:
  26              	.LFB37:
  27              		.file 1 "debug.c"
   1:debug.c       **** /*******************************************************************************
   2:debug.c       **** * File Name: debug.c
   3:debug.c       **** *
   4:debug.c       **** * Version: 1.20
   5:debug.c       **** *
   6:debug.c       **** * Description:
   7:debug.c       **** *
   8:debug.c       **** * Hardware Dependency:
   9:debug.c       **** *  CY8CKIT-042 BLE
  10:debug.c       **** *
  11:debug.c       **** ********************************************************************************
  12:debug.c       **** * Copyright 2014-2016, Cypress Semiconductor Corporation. All rights reserved.
  13:debug.c       **** * This software is owned by Cypress Semiconductor Corporation and is protected
  14:debug.c       **** * by and subject to worldwide patent and copyright laws and treaties.
  15:debug.c       **** * Therefore, you may use this software only as provided in the license agreement
  16:debug.c       **** * accompanying the software package from which you obtained this software.
  17:debug.c       **** * CYPRESS AND ITS SUPPLIERS MAKE NO WARRANTY OF ANY KIND, EXPRESS OR IMPLIED,
  18:debug.c       **** * WITH REGARD TO THIS SOFTWARE, INCLUDING, BUT NOT LIMITED TO, NONINFRINGEMENT,
  19:debug.c       **** * IMPLIED WARRANTIES OF MERCHANTABILITY AND FITNESS FOR A PARTICULAR PURPOSE.
  20:debug.c       **** *******************************************************************************/
  21:debug.c       **** 
  22:debug.c       **** #include "cytypes.h"
  23:debug.c       **** #include "debug.h"
  24:debug.c       **** #include "project.h"
  25:debug.c       **** 
  26:debug.c       **** #if (DEBUG_UART_ENABLED == YES)
  27:debug.c       **** 
  28:debug.c       **** #if defined(__ARMCC_VERSION)
  29:debug.c       **** 
  30:debug.c       **** /* For MDK/RVDS compiler revise fputc() for the printf() */
ARM GAS  C:\Users\Tymek\AppData\Local\Temp\ccpWw2el.s 			page 2


  31:debug.c       **** struct __FILE
  32:debug.c       **** {
  33:debug.c       ****     int handle;
  34:debug.c       **** };
  35:debug.c       **** 
  36:debug.c       **** enum
  37:debug.c       **** {
  38:debug.c       ****     STDIN_HANDLE,
  39:debug.c       ****     STDOUT_HANDLE,
  40:debug.c       ****     STDERR_HANDLE
  41:debug.c       **** } ;
  42:debug.c       **** 
  43:debug.c       **** FILE __stdin = {STDIN_HANDLE};
  44:debug.c       **** FILE __stdout = {STDOUT_HANDLE};
  45:debug.c       **** FILE __stderr = {STDERR_HANDLE};
  46:debug.c       **** 
  47:debug.c       **** int fputc(int ch, FILE *file)
  48:debug.c       **** {
  49:debug.c       ****     int ret = EOF;
  50:debug.c       **** 
  51:debug.c       ****     switch( file->handle )
  52:debug.c       ****     {
  53:debug.c       ****         case STDOUT_HANDLE:
  54:debug.c       ****             UART_PutChar(ch);
  55:debug.c       ****             ret = ch ;
  56:debug.c       ****             break ;
  57:debug.c       **** 
  58:debug.c       ****         case STDERR_HANDLE:
  59:debug.c       ****             ret = ch ;
  60:debug.c       ****             break ;
  61:debug.c       **** 
  62:debug.c       ****         default:
  63:debug.c       ****             file = file;
  64:debug.c       ****             break ;
  65:debug.c       ****     }
  66:debug.c       ****     return ret ;
  67:debug.c       **** }
  68:debug.c       **** 
  69:debug.c       **** #elif defined (__ICCARM__)      /* IAR */
  70:debug.c       **** 
  71:debug.c       **** /* For IAR compiler revise __write() function for printf functionality */
  72:debug.c       **** size_t __write(int handle, const unsigned char * buffer, size_t size)
  73:debug.c       **** {
  74:debug.c       ****     size_t nChars = 0;
  75:debug.c       **** 
  76:debug.c       ****     if (buffer == 0)
  77:debug.c       ****     {
  78:debug.c       ****         /*
  79:debug.c       ****          * This means that we should flush internal buffers.  Since we
  80:debug.c       ****          * don't we just return.  (Remember, "handle" == -1 means that all
  81:debug.c       ****          * handles should be flushed.)
  82:debug.c       ****          */
  83:debug.c       ****         return (0);
  84:debug.c       ****     }
  85:debug.c       **** 
  86:debug.c       ****     for (/* Empty */; size != 0; --size)
  87:debug.c       ****     {
ARM GAS  C:\Users\Tymek\AppData\Local\Temp\ccpWw2el.s 			page 3


  88:debug.c       ****         UART_PutChar(*buffer);
  89:debug.c       ****         ++buffer;
  90:debug.c       ****         ++nChars;
  91:debug.c       ****     }
  92:debug.c       **** 
  93:debug.c       ****     return (nChars);
  94:debug.c       **** }
  95:debug.c       **** 
  96:debug.c       **** #else  /* (__GNUC__)  GCC */
  97:debug.c       **** 
  98:debug.c       **** /* For GCC compiler revise _write() function for printf functionality */
  99:debug.c       **** int _write(int file, char *ptr, int len)
 100:debug.c       **** {
 101:debug.c       ****     int i;
 102:debug.c       ****     file = file;
 103:debug.c       ****     for (i = 0; i < len; i++)
 104:debug.c       ****     {
 105:debug.c       ****         UART_PutChar(*ptr);
 106:debug.c       ****         ++ptr;
 107:debug.c       ****     }
 108:debug.c       ****     return len;
 109:debug.c       **** }
 110:debug.c       **** 
 111:debug.c       **** #endif  /* (__ARMCC_VERSION) */
 112:debug.c       **** 
 113:debug.c       ****     
 114:debug.c       ****     
 115:debug.c       **** #if DEBUG_UART_USE_PRINTF_FORMAT == NO
 116:debug.c       **** 
 117:debug.c       **** static uint32 divmod10(uint32 value, uint32 *reminder)
 118:debug.c       **** {
  28              		.loc 1 118 0
  29              		.cfi_startproc
  30              		@ args = 0, pretend = 0, frame = 0
  31              		@ frame_needed = 0, uses_anonymous_args = 0
  32              	.LVL0:
  33 0000 70B5     		push	{r4, r5, r6, lr}
  34              		.cfi_def_cfa_offset 16
  35              		.cfi_offset 4, -16
  36              		.cfi_offset 5, -12
  37              		.cfi_offset 6, -8
  38              		.cfi_offset 14, -4
  39 0002 0400     		movs	r4, r0
  40 0004 0D00     		movs	r5, r1
 119:debug.c       ****     uint32_t result = value / 10u;
  41              		.loc 1 119 0
  42 0006 0A21     		movs	r1, #10
  43              	.LVL1:
  44 0008 FFF7FEFF 		bl	__aeabi_uidiv
  45              	.LVL2:
 120:debug.c       ****     *reminder = value - result * 10u;
  46              		.loc 1 120 0
  47 000c 8300     		lsls	r3, r0, #2
  48 000e 1B18     		adds	r3, r3, r0
  49 0010 5A00     		lsls	r2, r3, #1
  50 0012 A41A     		subs	r4, r4, r2
  51              	.LVL3:
ARM GAS  C:\Users\Tymek\AppData\Local\Temp\ccpWw2el.s 			page 4


  52 0014 2C60     		str	r4, [r5]
 121:debug.c       ****     return result;
 122:debug.c       **** }
  53              		.loc 1 122 0
  54              		@ sp needed
  55              	.LVL4:
  56 0016 70BD     		pop	{r4, r5, r6, pc}
  57              		.cfi_endproc
  58              	.LFE37:
  59              		.size	divmod10, .-divmod10
  60              		.section	.text._write,"ax",%progbits
  61              		.align	2
  62              		.global	_write
  63              		.code	16
  64              		.thumb_func
  65              		.type	_write, %function
  66              	_write:
  67              	.LFB36:
 100:debug.c       ****     int i;
  68              		.loc 1 100 0
  69              		.cfi_startproc
  70              		@ args = 0, pretend = 0, frame = 0
  71              		@ frame_needed = 0, uses_anonymous_args = 0
  72              	.LVL5:
  73 0000 70B5     		push	{r4, r5, r6, lr}
  74              		.cfi_def_cfa_offset 16
  75              		.cfi_offset 4, -16
  76              		.cfi_offset 5, -12
  77              		.cfi_offset 6, -8
  78              		.cfi_offset 14, -4
  79 0002 0D00     		movs	r5, r1
  80 0004 1600     		movs	r6, r2
  81              	.LVL6:
 103:debug.c       ****     {
  82              		.loc 1 103 0
  83 0006 0024     		movs	r4, #0
  84 0008 04E0     		b	.L3
  85              	.LVL7:
  86              	.L4:
 105:debug.c       ****         ++ptr;
  87              		.loc 1 105 0 discriminator 3
  88 000a 2878     		ldrb	r0, [r5]
  89 000c FFF7FEFF 		bl	UART_PutChar
  90              	.LVL8:
 106:debug.c       ****     }
  91              		.loc 1 106 0 discriminator 3
  92 0010 0135     		adds	r5, r5, #1
  93              	.LVL9:
 103:debug.c       ****     {
  94              		.loc 1 103 0 discriminator 3
  95 0012 0134     		adds	r4, r4, #1
  96              	.LVL10:
  97              	.L3:
 103:debug.c       ****     {
  98              		.loc 1 103 0 is_stmt 0 discriminator 1
  99 0014 B442     		cmp	r4, r6
 100 0016 F8DB     		blt	.L4
ARM GAS  C:\Users\Tymek\AppData\Local\Temp\ccpWw2el.s 			page 5


 109:debug.c       **** 
 101              		.loc 1 109 0 is_stmt 1
 102 0018 3000     		movs	r0, r6
 103              		@ sp needed
 104              	.LVL11:
 105              	.LVL12:
 106              	.LVL13:
 107 001a 70BD     		pop	{r4, r5, r6, pc}
 108              		.cfi_endproc
 109              	.LFE36:
 110              		.size	_write, .-_write
 111              		.section	.text.DBG_PRINT_DEC,"ax",%progbits
 112              		.align	2
 113              		.global	DBG_PRINT_DEC
 114              		.code	16
 115              		.thumb_func
 116              		.type	DBG_PRINT_DEC, %function
 117              	DBG_PRINT_DEC:
 118              	.LFB38:
 123:debug.c       **** 
 124:debug.c       **** void DBG_PRINT_DEC(uint32 value)
 125:debug.c       **** {
 119              		.loc 1 125 0
 120              		.cfi_startproc
 121              		@ args = 0, pretend = 0, frame = 16
 122              		@ frame_needed = 0, uses_anonymous_args = 0
 123              	.LVL14:
 124 0000 30B5     		push	{r4, r5, lr}
 125              		.cfi_def_cfa_offset 12
 126              		.cfi_offset 4, -12
 127              		.cfi_offset 5, -8
 128              		.cfi_offset 14, -4
 129 0002 85B0     		sub	sp, sp, #20
 130              		.cfi_def_cfa_offset 32
 131              	.LVL15:
 126:debug.c       ****     char buf[12];
 127:debug.c       ****     uint32 len = 0;
 132              		.loc 1 127 0
 133 0004 0024     		movs	r4, #0
 134              	.LVL16:
 135              	.L6:
 136              	.LBB2:
 128:debug.c       ****     uint32 i = 0;
 129:debug.c       ****     do
 130:debug.c       ****     {
 131:debug.c       ****         uint32 rem;
 132:debug.c       ****         value = divmod10(value, &rem);
 137              		.loc 1 132 0 discriminator 1
 138 0006 6946     		mov	r1, sp
 139 0008 FFF7FEFF 		bl	divmod10
 140              	.LVL17:
 133:debug.c       ****         buf[len] = '0' + rem;
 141              		.loc 1 133 0 discriminator 1
 142 000c 009B     		ldr	r3, [sp]
 143 000e 3033     		adds	r3, r3, #48
 144 0010 01AA     		add	r2, sp, #4
 145 0012 1355     		strb	r3, [r2, r4]
ARM GAS  C:\Users\Tymek\AppData\Local\Temp\ccpWw2el.s 			page 6


 134:debug.c       ****         ++len;
 146              		.loc 1 134 0 discriminator 1
 147 0014 0134     		adds	r4, r4, #1
 148              	.LVL18:
 149              	.LBE2:
 135:debug.c       ****     } while (value != 0);
 150              		.loc 1 135 0 discriminator 1
 151 0016 0028     		cmp	r0, #0
 152 0018 F5D1     		bne	.L6
 153 001a 0023     		movs	r3, #0
 154 001c 07E0     		b	.L7
 155              	.LVL19:
 156              	.L8:
 157              	.LBB3:
 136:debug.c       ****     for (i = 0; i < len / 2; ++i)
 137:debug.c       ****     {
 138:debug.c       ****         char tmp = buf[len - i - 1];
 158              		.loc 1 138 0 discriminator 3
 159 001e E11A     		subs	r1, r4, r3
 160 0020 0139     		subs	r1, r1, #1
 161 0022 01AA     		add	r2, sp, #4
 162 0024 505C     		ldrb	r0, [r2, r1]
 163              	.LVL20:
 139:debug.c       ****         buf[len - i - 1] = buf[i];
 164              		.loc 1 139 0 discriminator 3
 165 0026 D55C     		ldrb	r5, [r2, r3]
 166 0028 5554     		strb	r5, [r2, r1]
 140:debug.c       ****         buf[i] = tmp;
 167              		.loc 1 140 0 discriminator 3
 168 002a D054     		strb	r0, [r2, r3]
 169              	.LBE3:
 136:debug.c       ****     for (i = 0; i < len / 2; ++i)
 170              		.loc 1 136 0 discriminator 3
 171 002c 0133     		adds	r3, r3, #1
 172              	.LVL21:
 173              	.L7:
 136:debug.c       ****     for (i = 0; i < len / 2; ++i)
 174              		.loc 1 136 0 is_stmt 0 discriminator 1
 175 002e 6208     		lsrs	r2, r4, #1
 176 0030 9342     		cmp	r3, r2
 177 0032 F4D3     		bcc	.L8
 141:debug.c       ****     }
 142:debug.c       ****     buf[len] = '\0';
 178              		.loc 1 142 0 is_stmt 1
 179 0034 01A8     		add	r0, sp, #4
 180 0036 0023     		movs	r3, #0
 181              	.LVL22:
 182 0038 0355     		strb	r3, [r0, r4]
 143:debug.c       ****     UART_PutString(buf);
 183              		.loc 1 143 0
 184 003a FFF7FEFF 		bl	UART_PutString
 185              	.LVL23:
 144:debug.c       **** }
 186              		.loc 1 144 0
 187 003e 05B0     		add	sp, sp, #20
 188              		@ sp needed
 189              	.LVL24:
ARM GAS  C:\Users\Tymek\AppData\Local\Temp\ccpWw2el.s 			page 7


 190 0040 30BD     		pop	{r4, r5, pc}
 191              		.cfi_endproc
 192              	.LFE38:
 193              		.size	DBG_PRINT_DEC, .-DBG_PRINT_DEC
 194 0042 C046     		.section	.text.decLength,"ax",%progbits
 195              		.align	2
 196              		.global	decLength
 197              		.code	16
 198              		.thumb_func
 199              		.type	decLength, %function
 200              	decLength:
 201              	.LFB39:
 145:debug.c       **** 
 146:debug.c       **** /* returns number of decimal digits in 'value' */
 147:debug.c       **** uint32 decLength(uint32 value)
 148:debug.c       **** {
 202              		.loc 1 148 0
 203              		.cfi_startproc
 204              		@ args = 0, pretend = 0, frame = 0
 205              		@ frame_needed = 0, uses_anonymous_args = 0
 206              		@ link register save eliminated.
 207              	.LVL25:
 149:debug.c       ****     uint32 decValue = 10;
 150:debug.c       ****     uint32 result = 10;
 151:debug.c       ****     uint32 i;
 152:debug.c       ****     uint32 found = 0;
 153:debug.c       ****     
 154:debug.c       ****     for (i = 1; i < 10; ++i)
 208              		.loc 1 154 0
 209 0000 0122     		movs	r2, #1
 149:debug.c       ****     uint32 decValue = 10;
 210              		.loc 1 149 0
 211 0002 0A23     		movs	r3, #10
 212              		.loc 1 154 0
 213 0004 06E0     		b	.L10
 214              	.LVL26:
 215              	.L12:
 155:debug.c       ****     {
 156:debug.c       ****         if (value < decValue)
 216              		.loc 1 156 0
 217 0006 8342     		cmp	r3, r0
 218 0008 09D8     		bhi	.L14
 157:debug.c       ****         {
 158:debug.c       ****             result = i;
 159:debug.c       ****             found = 1;
 160:debug.c       ****             break;
 161:debug.c       ****         }
 162:debug.c       ****         decValue *= 10;
 219              		.loc 1 162 0 discriminator 2
 220 000a 9900     		lsls	r1, r3, #2
 221 000c CB18     		adds	r3, r1, r3
 222              	.LVL27:
 223 000e 5900     		lsls	r1, r3, #1
 224 0010 0B00     		movs	r3, r1
 225              	.LVL28:
 154:debug.c       ****     {
 226              		.loc 1 154 0 discriminator 2
ARM GAS  C:\Users\Tymek\AppData\Local\Temp\ccpWw2el.s 			page 8


 227 0012 0132     		adds	r2, r2, #1
 228              	.LVL29:
 229              	.L10:
 154:debug.c       ****     {
 230              		.loc 1 154 0 is_stmt 0 discriminator 1
 231 0014 092A     		cmp	r2, #9
 232 0016 F6D9     		bls	.L12
 152:debug.c       ****     
 233              		.loc 1 152 0 is_stmt 1
 234 0018 0023     		movs	r3, #0
 235              	.LVL30:
 150:debug.c       ****     uint32 i;
 236              		.loc 1 150 0
 237 001a 0A22     		movs	r2, #10
 238              	.LVL31:
 239 001c 00E0     		b	.L11
 240              	.LVL32:
 241              	.L14:
 159:debug.c       ****             break;
 242              		.loc 1 159 0
 243 001e 0123     		movs	r3, #1
 244              	.LVL33:
 245              	.L11:
 163:debug.c       ****     }
 164:debug.c       ****     if (found == 0)
 246              		.loc 1 164 0
 247 0020 002B     		cmp	r3, #0
 248 0022 00D1     		bne	.L13
 165:debug.c       ****     {
 166:debug.c       ****         result = 10;   
 249              		.loc 1 166 0
 250 0024 0A22     		movs	r2, #10
 251              	.LVL34:
 252              	.L13:
 167:debug.c       ****     }
 168:debug.c       ****     return result;
 169:debug.c       **** }
 253              		.loc 1 169 0
 254 0026 1000     		movs	r0, r2
 255              	.LVL35:
 256              		@ sp needed
 257 0028 7047     		bx	lr
 258              		.cfi_endproc
 259              	.LFE39:
 260              		.size	decLength, .-decLength
 261 002a C046     		.section	.text.DBG_PRINT_DEC2,"ax",%progbits
 262              		.align	2
 263              		.global	DBG_PRINT_DEC2
 264              		.code	16
 265              		.thumb_func
 266              		.type	DBG_PRINT_DEC2, %function
 267              	DBG_PRINT_DEC2:
 268              	.LFB40:
 170:debug.c       **** 
 171:debug.c       **** /*
 172:debug.c       **** * prints decimal value with zero padding to the length,
 173:debug.c       **** * e.g value = 123, length = 5, result = "00123"
ARM GAS  C:\Users\Tymek\AppData\Local\Temp\ccpWw2el.s 			page 9


 174:debug.c       **** */
 175:debug.c       **** void DBG_PRINT_DEC2(uint32 value, uint32 length)
 176:debug.c       **** {
 269              		.loc 1 176 0
 270              		.cfi_startproc
 271              		@ args = 0, pretend = 0, frame = 0
 272              		@ frame_needed = 0, uses_anonymous_args = 0
 273              	.LVL36:
 274 0000 70B5     		push	{r4, r5, r6, lr}
 275              		.cfi_def_cfa_offset 16
 276              		.cfi_offset 4, -16
 277              		.cfi_offset 5, -12
 278              		.cfi_offset 6, -8
 279              		.cfi_offset 14, -4
 280 0002 0600     		movs	r6, r0
 281 0004 0D00     		movs	r5, r1
 177:debug.c       ****     uint32 i = decLength(value);
 282              		.loc 1 177 0
 283 0006 FFF7FEFF 		bl	decLength
 284              	.LVL37:
 285 000a 0400     		movs	r4, r0
 286              	.LVL38:
 178:debug.c       ****     
 179:debug.c       ****     if (i < length)
 287              		.loc 1 179 0
 288 000c A842     		cmp	r0, r5
 289 000e 04D3     		bcc	.L17
 290 0010 05E0     		b	.L18
 291              	.LVL39:
 292              	.L19:
 180:debug.c       ****     {
 181:debug.c       ****         for (; i < length; ++i)
 182:debug.c       ****         {
 183:debug.c       ****             DBG_PRINT_TEXT("0");   
 293              		.loc 1 183 0 discriminator 2
 294 0012 0548     		ldr	r0, .L20
 295 0014 FFF7FEFF 		bl	UART_PutString
 296              	.LVL40:
 181:debug.c       ****         {
 297              		.loc 1 181 0 discriminator 2
 298 0018 0134     		adds	r4, r4, #1
 299              	.LVL41:
 300              	.L17:
 181:debug.c       ****         {
 301              		.loc 1 181 0 is_stmt 0 discriminator 1
 302 001a AC42     		cmp	r4, r5
 303 001c F9D3     		bcc	.L19
 304              	.L18:
 184:debug.c       ****         }
 185:debug.c       ****     }
 186:debug.c       ****     DBG_PRINT_DEC(value);
 305              		.loc 1 186 0 is_stmt 1
 306 001e 3000     		movs	r0, r6
 307 0020 FFF7FEFF 		bl	DBG_PRINT_DEC
 308              	.LVL42:
 187:debug.c       **** }
 309              		.loc 1 187 0
ARM GAS  C:\Users\Tymek\AppData\Local\Temp\ccpWw2el.s 			page 10


 310              		@ sp needed
 311              	.LVL43:
 312              	.LVL44:
 313              	.LVL45:
 314 0024 70BD     		pop	{r4, r5, r6, pc}
 315              	.L21:
 316 0026 C046     		.align	2
 317              	.L20:
 318 0028 00000000 		.word	.LC0
 319              		.cfi_endproc
 320              	.LFE40:
 321              		.size	DBG_PRINT_DEC2, .-DBG_PRINT_DEC2
 322              		.section	.text.DBG_PRINT_HEX,"ax",%progbits
 323              		.align	2
 324              		.global	DBG_PRINT_HEX
 325              		.code	16
 326              		.thumb_func
 327              		.type	DBG_PRINT_HEX, %function
 328              	DBG_PRINT_HEX:
 329              	.LFB41:
 188:debug.c       **** 
 189:debug.c       **** void DBG_PRINT_HEX(uint32 a)
 190:debug.c       **** {
 330              		.loc 1 190 0
 331              		.cfi_startproc
 332              		@ args = 0, pretend = 0, frame = 0
 333              		@ frame_needed = 0, uses_anonymous_args = 0
 334              	.LVL46:
 335 0000 70B5     		push	{r4, r5, r6, lr}
 336              		.cfi_def_cfa_offset 16
 337              		.cfi_offset 4, -16
 338              		.cfi_offset 5, -12
 339              		.cfi_offset 6, -8
 340              		.cfi_offset 14, -4
 341 0002 0400     		movs	r4, r0
 342              	.LVL47:
 191:debug.c       ****     int len = 0;
 343              		.loc 1 191 0
 344 0004 0025     		movs	r5, #0
 345              	.LVL48:
 346              	.L24:
 192:debug.c       ****     do
 193:debug.c       ****     {
 194:debug.c       ****         if ((a >> 24) != 0)
 347              		.loc 1 194 0
 348 0006 230E     		lsrs	r3, r4, #24
 349 0008 03D1     		bne	.L23
 195:debug.c       ****         {
 196:debug.c       ****             break;
 197:debug.c       ****         }
 198:debug.c       ****         a <<= 8u;
 350              		.loc 1 198 0
 351 000a 2402     		lsls	r4, r4, #8
 352              	.LVL49:
 199:debug.c       ****         ++len;
 353              		.loc 1 199 0
 354 000c 0135     		adds	r5, r5, #1
ARM GAS  C:\Users\Tymek\AppData\Local\Temp\ccpWw2el.s 			page 11


 355              	.LVL50:
 200:debug.c       ****     }
 201:debug.c       ****     while (len < 3);
 356              		.loc 1 201 0
 357 000e 022D     		cmp	r5, #2
 358 0010 F9DD     		ble	.L24
 359              	.L23:
 202:debug.c       ****     len = 4 - len;
 360              		.loc 1 202 0
 361 0012 0423     		movs	r3, #4
 362 0014 5D1B     		subs	r5, r3, r5
 363              	.LVL51:
 203:debug.c       **** 
 204:debug.c       ****     for ( ; len != 0; --len)
 364              		.loc 1 204 0
 365 0016 04E0     		b	.L25
 366              	.L26:
 205:debug.c       ****     {
 206:debug.c       ****         UART_PutHexByte(a >> 24);
 367              		.loc 1 206 0 discriminator 2
 368 0018 200E     		lsrs	r0, r4, #24
 369 001a FFF7FEFF 		bl	UART_PutHexByte
 370              	.LVL52:
 207:debug.c       ****         a <<= 8;
 371              		.loc 1 207 0 discriminator 2
 372 001e 2402     		lsls	r4, r4, #8
 373              	.LVL53:
 204:debug.c       ****     {
 374              		.loc 1 204 0 discriminator 2
 375 0020 013D     		subs	r5, r5, #1
 376              	.LVL54:
 377              	.L25:
 204:debug.c       ****     {
 378              		.loc 1 204 0 is_stmt 0 discriminator 1
 379 0022 002D     		cmp	r5, #0
 380 0024 F8D1     		bne	.L26
 208:debug.c       ****     }
 209:debug.c       **** }
 381              		.loc 1 209 0 is_stmt 1
 382              		@ sp needed
 383              	.LVL55:
 384              	.LVL56:
 385 0026 70BD     		pop	{r4, r5, r6, pc}
 386              		.cfi_endproc
 387              	.LFE41:
 388              		.size	DBG_PRINT_HEX, .-DBG_PRINT_HEX
 389              		.section	.text.DBG_PRINT_HEX_TEXT,"ax",%progbits
 390              		.align	2
 391              		.global	DBG_PRINT_HEX_TEXT
 392              		.code	16
 393              		.thumb_func
 394              		.type	DBG_PRINT_HEX_TEXT, %function
 395              	DBG_PRINT_HEX_TEXT:
 396              	.LFB42:
 210:debug.c       **** 
 211:debug.c       **** #endif /* DEBUG_UART_USE_PRINTF_FORMAT == NO */
 212:debug.c       **** 
ARM GAS  C:\Users\Tymek\AppData\Local\Temp\ccpWw2el.s 			page 12


 213:debug.c       **** void DBG_PRINT_HEX_TEXT(uint32 hex, char *text)
 214:debug.c       **** {
 397              		.loc 1 214 0
 398              		.cfi_startproc
 399              		@ args = 0, pretend = 0, frame = 0
 400              		@ frame_needed = 0, uses_anonymous_args = 0
 401              	.LVL57:
 402 0000 10B5     		push	{r4, lr}
 403              		.cfi_def_cfa_offset 8
 404              		.cfi_offset 4, -8
 405              		.cfi_offset 14, -4
 406 0002 0C00     		movs	r4, r1
 215:debug.c       ****     DBG_PRINT_HEX(hex);
 407              		.loc 1 215 0
 408 0004 FFF7FEFF 		bl	DBG_PRINT_HEX
 409              	.LVL58:
 216:debug.c       ****     DBG_PRINT_TEXT(text);
 410              		.loc 1 216 0
 411 0008 2000     		movs	r0, r4
 412 000a FFF7FEFF 		bl	UART_PutString
 413              	.LVL59:
 217:debug.c       **** }
 414              		.loc 1 217 0
 415              		@ sp needed
 416              	.LVL60:
 417 000e 10BD     		pop	{r4, pc}
 418              		.cfi_endproc
 419              	.LFE42:
 420              		.size	DBG_PRINT_HEX_TEXT, .-DBG_PRINT_HEX_TEXT
 421              		.section	.text.DBG_PRINT_HEX8_TEXT,"ax",%progbits
 422              		.align	2
 423              		.global	DBG_PRINT_HEX8_TEXT
 424              		.code	16
 425              		.thumb_func
 426              		.type	DBG_PRINT_HEX8_TEXT, %function
 427              	DBG_PRINT_HEX8_TEXT:
 428              	.LFB43:
 218:debug.c       **** 
 219:debug.c       **** void DBG_PRINT_HEX8_TEXT(uint32 hex, char *text)
 220:debug.c       **** {
 429              		.loc 1 220 0
 430              		.cfi_startproc
 431              		@ args = 0, pretend = 0, frame = 0
 432              		@ frame_needed = 0, uses_anonymous_args = 0
 433              	.LVL61:
 434 0000 10B5     		push	{r4, lr}
 435              		.cfi_def_cfa_offset 8
 436              		.cfi_offset 4, -8
 437              		.cfi_offset 14, -4
 438 0002 0C00     		movs	r4, r1
 221:debug.c       ****     DBG_PRINT_HEX_BYTE(hex);
 439              		.loc 1 221 0
 440 0004 C0B2     		uxtb	r0, r0
 441              	.LVL62:
 442 0006 FFF7FEFF 		bl	UART_PutHexByte
 443              	.LVL63:
 222:debug.c       ****     DBG_PRINT_TEXT(text);
ARM GAS  C:\Users\Tymek\AppData\Local\Temp\ccpWw2el.s 			page 13


 444              		.loc 1 222 0
 445 000a 2000     		movs	r0, r4
 446 000c FFF7FEFF 		bl	UART_PutString
 447              	.LVL64:
 223:debug.c       **** }
 448              		.loc 1 223 0
 449              		@ sp needed
 450              	.LVL65:
 451 0010 10BD     		pop	{r4, pc}
 452              		.cfi_endproc
 453              	.LFE43:
 454              		.size	DBG_PRINT_HEX8_TEXT, .-DBG_PRINT_HEX8_TEXT
 455 0012 C046     		.section	.text.DBG_PRINT_DEC_TEXT,"ax",%progbits
 456              		.align	2
 457              		.global	DBG_PRINT_DEC_TEXT
 458              		.code	16
 459              		.thumb_func
 460              		.type	DBG_PRINT_DEC_TEXT, %function
 461              	DBG_PRINT_DEC_TEXT:
 462              	.LFB44:
 224:debug.c       **** 
 225:debug.c       **** void DBG_PRINT_DEC_TEXT(uint32 dec, char *text)
 226:debug.c       **** {
 463              		.loc 1 226 0
 464              		.cfi_startproc
 465              		@ args = 0, pretend = 0, frame = 0
 466              		@ frame_needed = 0, uses_anonymous_args = 0
 467              	.LVL66:
 468 0000 10B5     		push	{r4, lr}
 469              		.cfi_def_cfa_offset 8
 470              		.cfi_offset 4, -8
 471              		.cfi_offset 14, -4
 472 0002 0C00     		movs	r4, r1
 227:debug.c       ****     DBG_PRINT_DEC(dec);
 473              		.loc 1 227 0
 474 0004 FFF7FEFF 		bl	DBG_PRINT_DEC
 475              	.LVL67:
 228:debug.c       ****     DBG_PRINT_TEXT(text);
 476              		.loc 1 228 0
 477 0008 2000     		movs	r0, r4
 478 000a FFF7FEFF 		bl	UART_PutString
 479              	.LVL68:
 229:debug.c       **** }
 480              		.loc 1 229 0
 481              		@ sp needed
 482              	.LVL69:
 483 000e 10BD     		pop	{r4, pc}
 484              		.cfi_endproc
 485              	.LFE44:
 486              		.size	DBG_PRINT_DEC_TEXT, .-DBG_PRINT_DEC_TEXT
 487              		.section	.rodata.str1.4,"aMS",%progbits,1
 488              		.align	2
 489              	.LC0:
 490 0000 3000     		.ascii	"0\000"
 491              		.text
 492              	.Letext0:
 493              		.file 2 "d:\\apps\\cypress psoc creator\\psoc creator\\4.1\\psoc creator\\import\\gnu\\arm\\5.4.1\
ARM GAS  C:\Users\Tymek\AppData\Local\Temp\ccpWw2el.s 			page 14


 494              		.file 3 "d:\\apps\\cypress psoc creator\\psoc creator\\4.1\\psoc creator\\import\\gnu\\arm\\5.4.1\
 495              		.file 4 "Generated_Source\\PSoC4/cytypes.h"
 496              		.file 5 "Generated_Source\\PSoC4/UART.h"
 497              		.section	.debug_info,"",%progbits
 498              	.Ldebug_info0:
 499 0000 62040000 		.4byte	0x462
 500 0004 0400     		.2byte	0x4
 501 0006 00000000 		.4byte	.Ldebug_abbrev0
 502 000a 04       		.byte	0x4
 503 000b 01       		.uleb128 0x1
 504 000c 83010000 		.4byte	.LASF36
 505 0010 0C       		.byte	0xc
 506 0011 2E010000 		.4byte	.LASF37
 507 0015 9A000000 		.4byte	.LASF38
 508 0019 00000000 		.4byte	.Ldebug_ranges0+0
 509 001d 00000000 		.4byte	0
 510 0021 00000000 		.4byte	.Ldebug_line0
 511 0025 02       		.uleb128 0x2
 512 0026 01       		.byte	0x1
 513 0027 06       		.byte	0x6
 514 0028 68020000 		.4byte	.LASF0
 515 002c 02       		.uleb128 0x2
 516 002d 01       		.byte	0x1
 517 002e 08       		.byte	0x8
 518 002f 83000000 		.4byte	.LASF1
 519 0033 02       		.uleb128 0x2
 520 0034 02       		.byte	0x2
 521 0035 05       		.byte	0x5
 522 0036 31020000 		.4byte	.LASF2
 523 003a 02       		.uleb128 0x2
 524 003b 02       		.byte	0x2
 525 003c 07       		.byte	0x7
 526 003d 30000000 		.4byte	.LASF3
 527 0041 02       		.uleb128 0x2
 528 0042 04       		.byte	0x4
 529 0043 05       		.byte	0x5
 530 0044 53020000 		.4byte	.LASF4
 531 0048 03       		.uleb128 0x3
 532 0049 3D010000 		.4byte	.LASF9
 533 004d 02       		.byte	0x2
 534 004e 41       		.byte	0x41
 535 004f 53000000 		.4byte	0x53
 536 0053 02       		.uleb128 0x2
 537 0054 04       		.byte	0x4
 538 0055 07       		.byte	0x7
 539 0056 0E010000 		.4byte	.LASF5
 540 005a 02       		.uleb128 0x2
 541 005b 08       		.byte	0x8
 542 005c 05       		.byte	0x5
 543 005d 00000000 		.4byte	.LASF6
 544 0061 02       		.uleb128 0x2
 545 0062 08       		.byte	0x8
 546 0063 07       		.byte	0x7
 547 0064 8A020000 		.4byte	.LASF7
 548 0068 04       		.uleb128 0x4
 549 0069 04       		.byte	0x4
 550 006a 05       		.byte	0x5
ARM GAS  C:\Users\Tymek\AppData\Local\Temp\ccpWw2el.s 			page 15


 551 006b 696E7400 		.ascii	"int\000"
 552 006f 02       		.uleb128 0x2
 553 0070 04       		.byte	0x4
 554 0071 07       		.byte	0x7
 555 0072 4F010000 		.4byte	.LASF8
 556 0076 03       		.uleb128 0x3
 557 0077 4A020000 		.4byte	.LASF10
 558 007b 03       		.byte	0x3
 559 007c 30       		.byte	0x30
 560 007d 48000000 		.4byte	0x48
 561 0081 05       		.uleb128 0x5
 562 0082 48010000 		.4byte	.LASF11
 563 0086 04       		.byte	0x4
 564 0087 D401     		.2byte	0x1d4
 565 0089 53000000 		.4byte	0x53
 566 008d 02       		.uleb128 0x2
 567 008e 04       		.byte	0x4
 568 008f 04       		.byte	0x4
 569 0090 78000000 		.4byte	.LASF12
 570 0094 02       		.uleb128 0x2
 571 0095 08       		.byte	0x8
 572 0096 04       		.byte	0x4
 573 0097 36010000 		.4byte	.LASF13
 574 009b 02       		.uleb128 0x2
 575 009c 01       		.byte	0x1
 576 009d 08       		.byte	0x8
 577 009e 5C010000 		.4byte	.LASF14
 578 00a2 02       		.uleb128 0x2
 579 00a3 08       		.byte	0x8
 580 00a4 04       		.byte	0x4
 581 00a5 5C020000 		.4byte	.LASF15
 582 00a9 02       		.uleb128 0x2
 583 00aa 04       		.byte	0x4
 584 00ab 07       		.byte	0x7
 585 00ac 1B020000 		.4byte	.LASF16
 586 00b0 06       		.uleb128 0x6
 587 00b1 04       		.byte	0x4
 588 00b2 9B000000 		.4byte	0x9b
 589 00b6 07       		.uleb128 0x7
 590 00b7 6F000000 		.4byte	.LASF39
 591 00bb 01       		.byte	0x1
 592 00bc 75       		.byte	0x75
 593 00bd 81000000 		.4byte	0x81
 594 00c1 00000000 		.4byte	.LFB37
 595 00c5 18000000 		.4byte	.LFE37-.LFB37
 596 00c9 01       		.uleb128 0x1
 597 00ca 9C       		.byte	0x9c
 598 00cb FB000000 		.4byte	0xfb
 599 00cf 08       		.uleb128 0x8
 600 00d0 21000000 		.4byte	.LASF17
 601 00d4 01       		.byte	0x1
 602 00d5 75       		.byte	0x75
 603 00d6 81000000 		.4byte	0x81
 604 00da 00000000 		.4byte	.LLST0
 605 00de 08       		.uleb128 0x8
 606 00df 27000000 		.4byte	.LASF18
 607 00e3 01       		.byte	0x1
ARM GAS  C:\Users\Tymek\AppData\Local\Temp\ccpWw2el.s 			page 16


 608 00e4 75       		.byte	0x75
 609 00e5 FB000000 		.4byte	0xfb
 610 00e9 2C000000 		.4byte	.LLST1
 611 00ed 09       		.uleb128 0x9
 612 00ee 61010000 		.4byte	.LASF20
 613 00f2 01       		.byte	0x1
 614 00f3 77       		.byte	0x77
 615 00f4 76000000 		.4byte	0x76
 616 00f8 01       		.uleb128 0x1
 617 00f9 50       		.byte	0x50
 618 00fa 00       		.byte	0
 619 00fb 06       		.uleb128 0x6
 620 00fc 04       		.byte	0x4
 621 00fd 81000000 		.4byte	0x81
 622 0101 0A       		.uleb128 0xa
 623 0102 2A020000 		.4byte	.LASF21
 624 0106 01       		.byte	0x1
 625 0107 63       		.byte	0x63
 626 0108 68000000 		.4byte	0x68
 627 010c 00000000 		.4byte	.LFB36
 628 0110 1C000000 		.4byte	.LFE36-.LFB36
 629 0114 01       		.uleb128 0x1
 630 0115 9C       		.byte	0x9c
 631 0116 5E010000 		.4byte	0x15e
 632 011a 08       		.uleb128 0x8
 633 011b 7E000000 		.4byte	.LASF19
 634 011f 01       		.byte	0x1
 635 0120 63       		.byte	0x63
 636 0121 68000000 		.4byte	0x68
 637 0125 58000000 		.4byte	.LLST2
 638 0129 0B       		.uleb128 0xb
 639 012a 70747200 		.ascii	"ptr\000"
 640 012e 01       		.byte	0x1
 641 012f 63       		.byte	0x63
 642 0130 B0000000 		.4byte	0xb0
 643 0134 79000000 		.4byte	.LLST3
 644 0138 0B       		.uleb128 0xb
 645 0139 6C656E00 		.ascii	"len\000"
 646 013d 01       		.byte	0x1
 647 013e 63       		.byte	0x63
 648 013f 68000000 		.4byte	0x68
 649 0143 97000000 		.4byte	.LLST4
 650 0147 0C       		.uleb128 0xc
 651 0148 6900     		.ascii	"i\000"
 652 014a 01       		.byte	0x1
 653 014b 65       		.byte	0x65
 654 014c 68000000 		.4byte	0x68
 655 0150 C0000000 		.4byte	.LLST5
 656 0154 0D       		.uleb128 0xd
 657 0155 10000000 		.4byte	.LVL8
 658 0159 44040000 		.4byte	0x444
 659 015d 00       		.byte	0
 660 015e 0E       		.uleb128 0xe
 661 015f 75010000 		.4byte	.LASF25
 662 0163 01       		.byte	0x1
 663 0164 7C       		.byte	0x7c
 664 0165 00000000 		.4byte	.LFB38
ARM GAS  C:\Users\Tymek\AppData\Local\Temp\ccpWw2el.s 			page 17


 665 0169 42000000 		.4byte	.LFE38-.LFB38
 666 016d 01       		.uleb128 0x1
 667 016e 9C       		.byte	0x9c
 668 016f 06020000 		.4byte	0x206
 669 0173 08       		.uleb128 0x8
 670 0174 21000000 		.4byte	.LASF17
 671 0178 01       		.byte	0x1
 672 0179 7C       		.byte	0x7c
 673 017a 81000000 		.4byte	0x81
 674 017e DF000000 		.4byte	.LLST6
 675 0182 0F       		.uleb128 0xf
 676 0183 62756600 		.ascii	"buf\000"
 677 0187 01       		.byte	0x1
 678 0188 7E       		.byte	0x7e
 679 0189 06020000 		.4byte	0x206
 680 018d 02       		.uleb128 0x2
 681 018e 91       		.byte	0x91
 682 018f 64       		.sleb128 -28
 683 0190 0C       		.uleb128 0xc
 684 0191 6C656E00 		.ascii	"len\000"
 685 0195 01       		.byte	0x1
 686 0196 7F       		.byte	0x7f
 687 0197 81000000 		.4byte	0x81
 688 019b FD000000 		.4byte	.LLST7
 689 019f 0C       		.uleb128 0xc
 690 01a0 6900     		.ascii	"i\000"
 691 01a2 01       		.byte	0x1
 692 01a3 80       		.byte	0x80
 693 01a4 81000000 		.4byte	0x81
 694 01a8 1C010000 		.4byte	.LLST8
 695 01ac 10       		.uleb128 0x10
 696 01ad 06000000 		.4byte	.LBB2
 697 01b1 10000000 		.4byte	.LBE2-.LBB2
 698 01b5 D8010000 		.4byte	0x1d8
 699 01b9 0F       		.uleb128 0xf
 700 01ba 72656D00 		.ascii	"rem\000"
 701 01be 01       		.byte	0x1
 702 01bf 83       		.byte	0x83
 703 01c0 81000000 		.4byte	0x81
 704 01c4 02       		.uleb128 0x2
 705 01c5 91       		.byte	0x91
 706 01c6 60       		.sleb128 -32
 707 01c7 11       		.uleb128 0x11
 708 01c8 0C000000 		.4byte	.LVL17
 709 01cc B6000000 		.4byte	0xb6
 710 01d0 12       		.uleb128 0x12
 711 01d1 01       		.uleb128 0x1
 712 01d2 51       		.byte	0x51
 713 01d3 02       		.uleb128 0x2
 714 01d4 7D       		.byte	0x7d
 715 01d5 00       		.sleb128 0
 716 01d6 00       		.byte	0
 717 01d7 00       		.byte	0
 718 01d8 10       		.uleb128 0x10
 719 01d9 1E000000 		.4byte	.LBB3
 720 01dd 0E000000 		.4byte	.LBE3-.LBB3
 721 01e1 F5010000 		.4byte	0x1f5
ARM GAS  C:\Users\Tymek\AppData\Local\Temp\ccpWw2el.s 			page 18


 722 01e5 0C       		.uleb128 0xc
 723 01e6 746D7000 		.ascii	"tmp\000"
 724 01ea 01       		.byte	0x1
 725 01eb 8A       		.byte	0x8a
 726 01ec 9B000000 		.4byte	0x9b
 727 01f0 3B010000 		.4byte	.LLST9
 728 01f4 00       		.byte	0
 729 01f5 11       		.uleb128 0x11
 730 01f6 3E000000 		.4byte	.LVL23
 731 01fa 4F040000 		.4byte	0x44f
 732 01fe 12       		.uleb128 0x12
 733 01ff 01       		.uleb128 0x1
 734 0200 50       		.byte	0x50
 735 0201 02       		.uleb128 0x2
 736 0202 91       		.byte	0x91
 737 0203 64       		.sleb128 -28
 738 0204 00       		.byte	0
 739 0205 00       		.byte	0
 740 0206 13       		.uleb128 0x13
 741 0207 9B000000 		.4byte	0x9b
 742 020b 16020000 		.4byte	0x216
 743 020f 14       		.uleb128 0x14
 744 0210 A9000000 		.4byte	0xa9
 745 0214 0B       		.byte	0xb
 746 0215 00       		.byte	0
 747 0216 0A       		.uleb128 0xa
 748 0217 11020000 		.4byte	.LASF22
 749 021b 01       		.byte	0x1
 750 021c 93       		.byte	0x93
 751 021d 81000000 		.4byte	0x81
 752 0221 00000000 		.4byte	.LFB39
 753 0225 2A000000 		.4byte	.LFE39-.LFB39
 754 0229 01       		.uleb128 0x1
 755 022a 9C       		.byte	0x9c
 756 022b 79020000 		.4byte	0x279
 757 022f 08       		.uleb128 0x8
 758 0230 21000000 		.4byte	.LASF17
 759 0234 01       		.byte	0x1
 760 0235 93       		.byte	0x93
 761 0236 81000000 		.4byte	0x81
 762 023a 4E010000 		.4byte	.LLST10
 763 023e 15       		.uleb128 0x15
 764 023f 91000000 		.4byte	.LASF23
 765 0243 01       		.byte	0x1
 766 0244 95       		.byte	0x95
 767 0245 81000000 		.4byte	0x81
 768 0249 6F010000 		.4byte	.LLST11
 769 024d 15       		.uleb128 0x15
 770 024e 61010000 		.4byte	.LASF20
 771 0252 01       		.byte	0x1
 772 0253 96       		.byte	0x96
 773 0254 81000000 		.4byte	0x81
 774 0258 AF010000 		.4byte	.LLST12
 775 025c 0C       		.uleb128 0xc
 776 025d 6900     		.ascii	"i\000"
 777 025f 01       		.byte	0x1
 778 0260 97       		.byte	0x97
ARM GAS  C:\Users\Tymek\AppData\Local\Temp\ccpWw2el.s 			page 19


 779 0261 81000000 		.4byte	0x81
 780 0265 CE010000 		.4byte	.LLST13
 781 0269 15       		.uleb128 0x15
 782 026a 24020000 		.4byte	.LASF24
 783 026e 01       		.byte	0x1
 784 026f 98       		.byte	0x98
 785 0270 81000000 		.4byte	0x81
 786 0274 F8010000 		.4byte	.LLST14
 787 0278 00       		.byte	0
 788 0279 0E       		.uleb128 0xe
 789 027a 3B020000 		.4byte	.LASF26
 790 027e 01       		.byte	0x1
 791 027f AF       		.byte	0xaf
 792 0280 00000000 		.4byte	.LFB40
 793 0284 2C000000 		.4byte	.LFE40-.LFB40
 794 0288 01       		.uleb128 0x1
 795 0289 9C       		.byte	0x9c
 796 028a F5020000 		.4byte	0x2f5
 797 028e 08       		.uleb128 0x8
 798 028f 21000000 		.4byte	.LASF17
 799 0293 01       		.byte	0x1
 800 0294 AF       		.byte	0xaf
 801 0295 81000000 		.4byte	0x81
 802 0299 17020000 		.4byte	.LLST15
 803 029d 08       		.uleb128 0x8
 804 029e 83020000 		.4byte	.LASF27
 805 02a2 01       		.byte	0x1
 806 02a3 AF       		.byte	0xaf
 807 02a4 81000000 		.4byte	0x81
 808 02a8 43020000 		.4byte	.LLST16
 809 02ac 0C       		.uleb128 0xc
 810 02ad 6900     		.ascii	"i\000"
 811 02af 01       		.byte	0x1
 812 02b0 B1       		.byte	0xb1
 813 02b1 81000000 		.4byte	0x81
 814 02b5 6F020000 		.4byte	.LLST17
 815 02b9 16       		.uleb128 0x16
 816 02ba 0A000000 		.4byte	.LVL37
 817 02be 16020000 		.4byte	0x216
 818 02c2 CD020000 		.4byte	0x2cd
 819 02c6 12       		.uleb128 0x12
 820 02c7 01       		.uleb128 0x1
 821 02c8 50       		.byte	0x50
 822 02c9 02       		.uleb128 0x2
 823 02ca 76       		.byte	0x76
 824 02cb 00       		.sleb128 0
 825 02cc 00       		.byte	0
 826 02cd 16       		.uleb128 0x16
 827 02ce 18000000 		.4byte	.LVL40
 828 02d2 4F040000 		.4byte	0x44f
 829 02d6 E4020000 		.4byte	0x2e4
 830 02da 12       		.uleb128 0x12
 831 02db 01       		.uleb128 0x1
 832 02dc 50       		.byte	0x50
 833 02dd 05       		.uleb128 0x5
 834 02de 03       		.byte	0x3
 835 02df 00000000 		.4byte	.LC0
ARM GAS  C:\Users\Tymek\AppData\Local\Temp\ccpWw2el.s 			page 20


 836 02e3 00       		.byte	0
 837 02e4 11       		.uleb128 0x11
 838 02e5 24000000 		.4byte	.LVL42
 839 02e9 5E010000 		.4byte	0x15e
 840 02ed 12       		.uleb128 0x12
 841 02ee 01       		.uleb128 0x1
 842 02ef 50       		.byte	0x50
 843 02f0 02       		.uleb128 0x2
 844 02f1 76       		.byte	0x76
 845 02f2 00       		.sleb128 0
 846 02f3 00       		.byte	0
 847 02f4 00       		.byte	0
 848 02f5 0E       		.uleb128 0xe
 849 02f6 20010000 		.4byte	.LASF28
 850 02fa 01       		.byte	0x1
 851 02fb BD       		.byte	0xbd
 852 02fc 00000000 		.4byte	.LFB41
 853 0300 28000000 		.4byte	.LFE41-.LFB41
 854 0304 01       		.uleb128 0x1
 855 0305 9C       		.byte	0x9c
 856 0306 39030000 		.4byte	0x339
 857 030a 0B       		.uleb128 0xb
 858 030b 6100     		.ascii	"a\000"
 859 030d 01       		.byte	0x1
 860 030e BD       		.byte	0xbd
 861 030f 81000000 		.4byte	0x81
 862 0313 8D020000 		.4byte	.LLST18
 863 0317 0C       		.uleb128 0xc
 864 0318 6C656E00 		.ascii	"len\000"
 865 031c 01       		.byte	0x1
 866 031d BF       		.byte	0xbf
 867 031e 68000000 		.4byte	0x68
 868 0322 AB020000 		.4byte	.LLST19
 869 0326 11       		.uleb128 0x11
 870 0327 1E000000 		.4byte	.LVL52
 871 032b 5A040000 		.4byte	0x45a
 872 032f 12       		.uleb128 0x12
 873 0330 01       		.uleb128 0x1
 874 0331 50       		.byte	0x50
 875 0332 04       		.uleb128 0x4
 876 0333 74       		.byte	0x74
 877 0334 00       		.sleb128 0
 878 0335 48       		.byte	0x48
 879 0336 25       		.byte	0x25
 880 0337 00       		.byte	0
 881 0338 00       		.byte	0
 882 0339 0E       		.uleb128 0xe
 883 033a 0E000000 		.4byte	.LASF29
 884 033e 01       		.byte	0x1
 885 033f D5       		.byte	0xd5
 886 0340 00000000 		.4byte	.LFB42
 887 0344 10000000 		.4byte	.LFE42-.LFB42
 888 0348 01       		.uleb128 0x1
 889 0349 9C       		.byte	0x9c
 890 034a 92030000 		.4byte	0x392
 891 034e 0B       		.uleb128 0xb
 892 034f 68657800 		.ascii	"hex\000"
ARM GAS  C:\Users\Tymek\AppData\Local\Temp\ccpWw2el.s 			page 21


 893 0353 01       		.byte	0x1
 894 0354 D5       		.byte	0xd5
 895 0355 81000000 		.4byte	0x81
 896 0359 CA020000 		.4byte	.LLST20
 897 035d 08       		.uleb128 0x8
 898 035e 56000000 		.4byte	.LASF30
 899 0362 01       		.byte	0x1
 900 0363 D5       		.byte	0xd5
 901 0364 B0000000 		.4byte	0xb0
 902 0368 EB020000 		.4byte	.LLST21
 903 036c 16       		.uleb128 0x16
 904 036d 08000000 		.4byte	.LVL58
 905 0371 F5020000 		.4byte	0x2f5
 906 0375 81030000 		.4byte	0x381
 907 0379 12       		.uleb128 0x12
 908 037a 01       		.uleb128 0x1
 909 037b 50       		.byte	0x50
 910 037c 03       		.uleb128 0x3
 911 037d F3       		.byte	0xf3
 912 037e 01       		.uleb128 0x1
 913 037f 50       		.byte	0x50
 914 0380 00       		.byte	0
 915 0381 11       		.uleb128 0x11
 916 0382 0E000000 		.4byte	.LVL59
 917 0386 4F040000 		.4byte	0x44f
 918 038a 12       		.uleb128 0x12
 919 038b 01       		.uleb128 0x1
 920 038c 50       		.byte	0x50
 921 038d 02       		.uleb128 0x2
 922 038e 74       		.byte	0x74
 923 038f 00       		.sleb128 0
 924 0390 00       		.byte	0
 925 0391 00       		.byte	0
 926 0392 0E       		.uleb128 0xe
 927 0393 5B000000 		.4byte	.LASF31
 928 0397 01       		.byte	0x1
 929 0398 DB       		.byte	0xdb
 930 0399 00000000 		.4byte	.LFB43
 931 039d 12000000 		.4byte	.LFE43-.LFB43
 932 03a1 01       		.uleb128 0x1
 933 03a2 9C       		.byte	0x9c
 934 03a3 EB030000 		.4byte	0x3eb
 935 03a7 0B       		.uleb128 0xb
 936 03a8 68657800 		.ascii	"hex\000"
 937 03ac 01       		.byte	0x1
 938 03ad DB       		.byte	0xdb
 939 03ae 81000000 		.4byte	0x81
 940 03b2 17030000 		.4byte	.LLST22
 941 03b6 08       		.uleb128 0x8
 942 03b7 56000000 		.4byte	.LASF30
 943 03bb 01       		.byte	0x1
 944 03bc DB       		.byte	0xdb
 945 03bd B0000000 		.4byte	0xb0
 946 03c1 38030000 		.4byte	.LLST23
 947 03c5 16       		.uleb128 0x16
 948 03c6 0A000000 		.4byte	.LVL63
 949 03ca 5A040000 		.4byte	0x45a
ARM GAS  C:\Users\Tymek\AppData\Local\Temp\ccpWw2el.s 			page 22


 950 03ce DA030000 		.4byte	0x3da
 951 03d2 12       		.uleb128 0x12
 952 03d3 01       		.uleb128 0x1
 953 03d4 50       		.byte	0x50
 954 03d5 03       		.uleb128 0x3
 955 03d6 F3       		.byte	0xf3
 956 03d7 01       		.uleb128 0x1
 957 03d8 50       		.byte	0x50
 958 03d9 00       		.byte	0
 959 03da 11       		.uleb128 0x11
 960 03db 10000000 		.4byte	.LVL64
 961 03df 4F040000 		.4byte	0x44f
 962 03e3 12       		.uleb128 0x12
 963 03e4 01       		.uleb128 0x1
 964 03e5 50       		.byte	0x50
 965 03e6 02       		.uleb128 0x2
 966 03e7 74       		.byte	0x74
 967 03e8 00       		.sleb128 0
 968 03e9 00       		.byte	0
 969 03ea 00       		.byte	0
 970 03eb 0E       		.uleb128 0xe
 971 03ec 43000000 		.4byte	.LASF32
 972 03f0 01       		.byte	0x1
 973 03f1 E1       		.byte	0xe1
 974 03f2 00000000 		.4byte	.LFB44
 975 03f6 10000000 		.4byte	.LFE44-.LFB44
 976 03fa 01       		.uleb128 0x1
 977 03fb 9C       		.byte	0x9c
 978 03fc 44040000 		.4byte	0x444
 979 0400 0B       		.uleb128 0xb
 980 0401 64656300 		.ascii	"dec\000"
 981 0405 01       		.byte	0x1
 982 0406 E1       		.byte	0xe1
 983 0407 81000000 		.4byte	0x81
 984 040b 64030000 		.4byte	.LLST24
 985 040f 08       		.uleb128 0x8
 986 0410 56000000 		.4byte	.LASF30
 987 0414 01       		.byte	0x1
 988 0415 E1       		.byte	0xe1
 989 0416 B0000000 		.4byte	0xb0
 990 041a 85030000 		.4byte	.LLST25
 991 041e 16       		.uleb128 0x16
 992 041f 08000000 		.4byte	.LVL67
 993 0423 5E010000 		.4byte	0x15e
 994 0427 33040000 		.4byte	0x433
 995 042b 12       		.uleb128 0x12
 996 042c 01       		.uleb128 0x1
 997 042d 50       		.byte	0x50
 998 042e 03       		.uleb128 0x3
 999 042f F3       		.byte	0xf3
 1000 0430 01       		.uleb128 0x1
 1001 0431 50       		.byte	0x50
 1002 0432 00       		.byte	0
 1003 0433 11       		.uleb128 0x11
 1004 0434 0E000000 		.4byte	.LVL68
 1005 0438 4F040000 		.4byte	0x44f
 1006 043c 12       		.uleb128 0x12
ARM GAS  C:\Users\Tymek\AppData\Local\Temp\ccpWw2el.s 			page 23


 1007 043d 01       		.uleb128 0x1
 1008 043e 50       		.byte	0x50
 1009 043f 02       		.uleb128 0x2
 1010 0440 74       		.byte	0x74
 1011 0441 00       		.sleb128 0
 1012 0442 00       		.byte	0
 1013 0443 00       		.byte	0
 1014 0444 17       		.uleb128 0x17
 1015 0445 68010000 		.4byte	.LASF33
 1016 0449 68010000 		.4byte	.LASF33
 1017 044d 05       		.byte	0x5
 1018 044e 25       		.byte	0x25
 1019 044f 17       		.uleb128 0x17
 1020 0450 74020000 		.4byte	.LASF34
 1021 0454 74020000 		.4byte	.LASF34
 1022 0458 05       		.byte	0x5
 1023 0459 26       		.byte	0x26
 1024 045a 17       		.uleb128 0x17
 1025 045b A1020000 		.4byte	.LASF35
 1026 045f A1020000 		.4byte	.LASF35
 1027 0463 05       		.byte	0x5
 1028 0464 28       		.byte	0x28
 1029 0465 00       		.byte	0
 1030              		.section	.debug_abbrev,"",%progbits
 1031              	.Ldebug_abbrev0:
 1032 0000 01       		.uleb128 0x1
 1033 0001 11       		.uleb128 0x11
 1034 0002 01       		.byte	0x1
 1035 0003 25       		.uleb128 0x25
 1036 0004 0E       		.uleb128 0xe
 1037 0005 13       		.uleb128 0x13
 1038 0006 0B       		.uleb128 0xb
 1039 0007 03       		.uleb128 0x3
 1040 0008 0E       		.uleb128 0xe
 1041 0009 1B       		.uleb128 0x1b
 1042 000a 0E       		.uleb128 0xe
 1043 000b 55       		.uleb128 0x55
 1044 000c 17       		.uleb128 0x17
 1045 000d 11       		.uleb128 0x11
 1046 000e 01       		.uleb128 0x1
 1047 000f 10       		.uleb128 0x10
 1048 0010 17       		.uleb128 0x17
 1049 0011 00       		.byte	0
 1050 0012 00       		.byte	0
 1051 0013 02       		.uleb128 0x2
 1052 0014 24       		.uleb128 0x24
 1053 0015 00       		.byte	0
 1054 0016 0B       		.uleb128 0xb
 1055 0017 0B       		.uleb128 0xb
 1056 0018 3E       		.uleb128 0x3e
 1057 0019 0B       		.uleb128 0xb
 1058 001a 03       		.uleb128 0x3
 1059 001b 0E       		.uleb128 0xe
 1060 001c 00       		.byte	0
 1061 001d 00       		.byte	0
 1062 001e 03       		.uleb128 0x3
 1063 001f 16       		.uleb128 0x16
ARM GAS  C:\Users\Tymek\AppData\Local\Temp\ccpWw2el.s 			page 24


 1064 0020 00       		.byte	0
 1065 0021 03       		.uleb128 0x3
 1066 0022 0E       		.uleb128 0xe
 1067 0023 3A       		.uleb128 0x3a
 1068 0024 0B       		.uleb128 0xb
 1069 0025 3B       		.uleb128 0x3b
 1070 0026 0B       		.uleb128 0xb
 1071 0027 49       		.uleb128 0x49
 1072 0028 13       		.uleb128 0x13
 1073 0029 00       		.byte	0
 1074 002a 00       		.byte	0
 1075 002b 04       		.uleb128 0x4
 1076 002c 24       		.uleb128 0x24
 1077 002d 00       		.byte	0
 1078 002e 0B       		.uleb128 0xb
 1079 002f 0B       		.uleb128 0xb
 1080 0030 3E       		.uleb128 0x3e
 1081 0031 0B       		.uleb128 0xb
 1082 0032 03       		.uleb128 0x3
 1083 0033 08       		.uleb128 0x8
 1084 0034 00       		.byte	0
 1085 0035 00       		.byte	0
 1086 0036 05       		.uleb128 0x5
 1087 0037 16       		.uleb128 0x16
 1088 0038 00       		.byte	0
 1089 0039 03       		.uleb128 0x3
 1090 003a 0E       		.uleb128 0xe
 1091 003b 3A       		.uleb128 0x3a
 1092 003c 0B       		.uleb128 0xb
 1093 003d 3B       		.uleb128 0x3b
 1094 003e 05       		.uleb128 0x5
 1095 003f 49       		.uleb128 0x49
 1096 0040 13       		.uleb128 0x13
 1097 0041 00       		.byte	0
 1098 0042 00       		.byte	0
 1099 0043 06       		.uleb128 0x6
 1100 0044 0F       		.uleb128 0xf
 1101 0045 00       		.byte	0
 1102 0046 0B       		.uleb128 0xb
 1103 0047 0B       		.uleb128 0xb
 1104 0048 49       		.uleb128 0x49
 1105 0049 13       		.uleb128 0x13
 1106 004a 00       		.byte	0
 1107 004b 00       		.byte	0
 1108 004c 07       		.uleb128 0x7
 1109 004d 2E       		.uleb128 0x2e
 1110 004e 01       		.byte	0x1
 1111 004f 03       		.uleb128 0x3
 1112 0050 0E       		.uleb128 0xe
 1113 0051 3A       		.uleb128 0x3a
 1114 0052 0B       		.uleb128 0xb
 1115 0053 3B       		.uleb128 0x3b
 1116 0054 0B       		.uleb128 0xb
 1117 0055 27       		.uleb128 0x27
 1118 0056 19       		.uleb128 0x19
 1119 0057 49       		.uleb128 0x49
 1120 0058 13       		.uleb128 0x13
ARM GAS  C:\Users\Tymek\AppData\Local\Temp\ccpWw2el.s 			page 25


 1121 0059 11       		.uleb128 0x11
 1122 005a 01       		.uleb128 0x1
 1123 005b 12       		.uleb128 0x12
 1124 005c 06       		.uleb128 0x6
 1125 005d 40       		.uleb128 0x40
 1126 005e 18       		.uleb128 0x18
 1127 005f 9642     		.uleb128 0x2116
 1128 0061 19       		.uleb128 0x19
 1129 0062 01       		.uleb128 0x1
 1130 0063 13       		.uleb128 0x13
 1131 0064 00       		.byte	0
 1132 0065 00       		.byte	0
 1133 0066 08       		.uleb128 0x8
 1134 0067 05       		.uleb128 0x5
 1135 0068 00       		.byte	0
 1136 0069 03       		.uleb128 0x3
 1137 006a 0E       		.uleb128 0xe
 1138 006b 3A       		.uleb128 0x3a
 1139 006c 0B       		.uleb128 0xb
 1140 006d 3B       		.uleb128 0x3b
 1141 006e 0B       		.uleb128 0xb
 1142 006f 49       		.uleb128 0x49
 1143 0070 13       		.uleb128 0x13
 1144 0071 02       		.uleb128 0x2
 1145 0072 17       		.uleb128 0x17
 1146 0073 00       		.byte	0
 1147 0074 00       		.byte	0
 1148 0075 09       		.uleb128 0x9
 1149 0076 34       		.uleb128 0x34
 1150 0077 00       		.byte	0
 1151 0078 03       		.uleb128 0x3
 1152 0079 0E       		.uleb128 0xe
 1153 007a 3A       		.uleb128 0x3a
 1154 007b 0B       		.uleb128 0xb
 1155 007c 3B       		.uleb128 0x3b
 1156 007d 0B       		.uleb128 0xb
 1157 007e 49       		.uleb128 0x49
 1158 007f 13       		.uleb128 0x13
 1159 0080 02       		.uleb128 0x2
 1160 0081 18       		.uleb128 0x18
 1161 0082 00       		.byte	0
 1162 0083 00       		.byte	0
 1163 0084 0A       		.uleb128 0xa
 1164 0085 2E       		.uleb128 0x2e
 1165 0086 01       		.byte	0x1
 1166 0087 3F       		.uleb128 0x3f
 1167 0088 19       		.uleb128 0x19
 1168 0089 03       		.uleb128 0x3
 1169 008a 0E       		.uleb128 0xe
 1170 008b 3A       		.uleb128 0x3a
 1171 008c 0B       		.uleb128 0xb
 1172 008d 3B       		.uleb128 0x3b
 1173 008e 0B       		.uleb128 0xb
 1174 008f 27       		.uleb128 0x27
 1175 0090 19       		.uleb128 0x19
 1176 0091 49       		.uleb128 0x49
 1177 0092 13       		.uleb128 0x13
ARM GAS  C:\Users\Tymek\AppData\Local\Temp\ccpWw2el.s 			page 26


 1178 0093 11       		.uleb128 0x11
 1179 0094 01       		.uleb128 0x1
 1180 0095 12       		.uleb128 0x12
 1181 0096 06       		.uleb128 0x6
 1182 0097 40       		.uleb128 0x40
 1183 0098 18       		.uleb128 0x18
 1184 0099 9742     		.uleb128 0x2117
 1185 009b 19       		.uleb128 0x19
 1186 009c 01       		.uleb128 0x1
 1187 009d 13       		.uleb128 0x13
 1188 009e 00       		.byte	0
 1189 009f 00       		.byte	0
 1190 00a0 0B       		.uleb128 0xb
 1191 00a1 05       		.uleb128 0x5
 1192 00a2 00       		.byte	0
 1193 00a3 03       		.uleb128 0x3
 1194 00a4 08       		.uleb128 0x8
 1195 00a5 3A       		.uleb128 0x3a
 1196 00a6 0B       		.uleb128 0xb
 1197 00a7 3B       		.uleb128 0x3b
 1198 00a8 0B       		.uleb128 0xb
 1199 00a9 49       		.uleb128 0x49
 1200 00aa 13       		.uleb128 0x13
 1201 00ab 02       		.uleb128 0x2
 1202 00ac 17       		.uleb128 0x17
 1203 00ad 00       		.byte	0
 1204 00ae 00       		.byte	0
 1205 00af 0C       		.uleb128 0xc
 1206 00b0 34       		.uleb128 0x34
 1207 00b1 00       		.byte	0
 1208 00b2 03       		.uleb128 0x3
 1209 00b3 08       		.uleb128 0x8
 1210 00b4 3A       		.uleb128 0x3a
 1211 00b5 0B       		.uleb128 0xb
 1212 00b6 3B       		.uleb128 0x3b
 1213 00b7 0B       		.uleb128 0xb
 1214 00b8 49       		.uleb128 0x49
 1215 00b9 13       		.uleb128 0x13
 1216 00ba 02       		.uleb128 0x2
 1217 00bb 17       		.uleb128 0x17
 1218 00bc 00       		.byte	0
 1219 00bd 00       		.byte	0
 1220 00be 0D       		.uleb128 0xd
 1221 00bf 898201   		.uleb128 0x4109
 1222 00c2 00       		.byte	0
 1223 00c3 11       		.uleb128 0x11
 1224 00c4 01       		.uleb128 0x1
 1225 00c5 31       		.uleb128 0x31
 1226 00c6 13       		.uleb128 0x13
 1227 00c7 00       		.byte	0
 1228 00c8 00       		.byte	0
 1229 00c9 0E       		.uleb128 0xe
 1230 00ca 2E       		.uleb128 0x2e
 1231 00cb 01       		.byte	0x1
 1232 00cc 3F       		.uleb128 0x3f
 1233 00cd 19       		.uleb128 0x19
 1234 00ce 03       		.uleb128 0x3
ARM GAS  C:\Users\Tymek\AppData\Local\Temp\ccpWw2el.s 			page 27


 1235 00cf 0E       		.uleb128 0xe
 1236 00d0 3A       		.uleb128 0x3a
 1237 00d1 0B       		.uleb128 0xb
 1238 00d2 3B       		.uleb128 0x3b
 1239 00d3 0B       		.uleb128 0xb
 1240 00d4 27       		.uleb128 0x27
 1241 00d5 19       		.uleb128 0x19
 1242 00d6 11       		.uleb128 0x11
 1243 00d7 01       		.uleb128 0x1
 1244 00d8 12       		.uleb128 0x12
 1245 00d9 06       		.uleb128 0x6
 1246 00da 40       		.uleb128 0x40
 1247 00db 18       		.uleb128 0x18
 1248 00dc 9742     		.uleb128 0x2117
 1249 00de 19       		.uleb128 0x19
 1250 00df 01       		.uleb128 0x1
 1251 00e0 13       		.uleb128 0x13
 1252 00e1 00       		.byte	0
 1253 00e2 00       		.byte	0
 1254 00e3 0F       		.uleb128 0xf
 1255 00e4 34       		.uleb128 0x34
 1256 00e5 00       		.byte	0
 1257 00e6 03       		.uleb128 0x3
 1258 00e7 08       		.uleb128 0x8
 1259 00e8 3A       		.uleb128 0x3a
 1260 00e9 0B       		.uleb128 0xb
 1261 00ea 3B       		.uleb128 0x3b
 1262 00eb 0B       		.uleb128 0xb
 1263 00ec 49       		.uleb128 0x49
 1264 00ed 13       		.uleb128 0x13
 1265 00ee 02       		.uleb128 0x2
 1266 00ef 18       		.uleb128 0x18
 1267 00f0 00       		.byte	0
 1268 00f1 00       		.byte	0
 1269 00f2 10       		.uleb128 0x10
 1270 00f3 0B       		.uleb128 0xb
 1271 00f4 01       		.byte	0x1
 1272 00f5 11       		.uleb128 0x11
 1273 00f6 01       		.uleb128 0x1
 1274 00f7 12       		.uleb128 0x12
 1275 00f8 06       		.uleb128 0x6
 1276 00f9 01       		.uleb128 0x1
 1277 00fa 13       		.uleb128 0x13
 1278 00fb 00       		.byte	0
 1279 00fc 00       		.byte	0
 1280 00fd 11       		.uleb128 0x11
 1281 00fe 898201   		.uleb128 0x4109
 1282 0101 01       		.byte	0x1
 1283 0102 11       		.uleb128 0x11
 1284 0103 01       		.uleb128 0x1
 1285 0104 31       		.uleb128 0x31
 1286 0105 13       		.uleb128 0x13
 1287 0106 00       		.byte	0
 1288 0107 00       		.byte	0
 1289 0108 12       		.uleb128 0x12
 1290 0109 8A8201   		.uleb128 0x410a
 1291 010c 00       		.byte	0
ARM GAS  C:\Users\Tymek\AppData\Local\Temp\ccpWw2el.s 			page 28


 1292 010d 02       		.uleb128 0x2
 1293 010e 18       		.uleb128 0x18
 1294 010f 9142     		.uleb128 0x2111
 1295 0111 18       		.uleb128 0x18
 1296 0112 00       		.byte	0
 1297 0113 00       		.byte	0
 1298 0114 13       		.uleb128 0x13
 1299 0115 01       		.uleb128 0x1
 1300 0116 01       		.byte	0x1
 1301 0117 49       		.uleb128 0x49
 1302 0118 13       		.uleb128 0x13
 1303 0119 01       		.uleb128 0x1
 1304 011a 13       		.uleb128 0x13
 1305 011b 00       		.byte	0
 1306 011c 00       		.byte	0
 1307 011d 14       		.uleb128 0x14
 1308 011e 21       		.uleb128 0x21
 1309 011f 00       		.byte	0
 1310 0120 49       		.uleb128 0x49
 1311 0121 13       		.uleb128 0x13
 1312 0122 2F       		.uleb128 0x2f
 1313 0123 0B       		.uleb128 0xb
 1314 0124 00       		.byte	0
 1315 0125 00       		.byte	0
 1316 0126 15       		.uleb128 0x15
 1317 0127 34       		.uleb128 0x34
 1318 0128 00       		.byte	0
 1319 0129 03       		.uleb128 0x3
 1320 012a 0E       		.uleb128 0xe
 1321 012b 3A       		.uleb128 0x3a
 1322 012c 0B       		.uleb128 0xb
 1323 012d 3B       		.uleb128 0x3b
 1324 012e 0B       		.uleb128 0xb
 1325 012f 49       		.uleb128 0x49
 1326 0130 13       		.uleb128 0x13
 1327 0131 02       		.uleb128 0x2
 1328 0132 17       		.uleb128 0x17
 1329 0133 00       		.byte	0
 1330 0134 00       		.byte	0
 1331 0135 16       		.uleb128 0x16
 1332 0136 898201   		.uleb128 0x4109
 1333 0139 01       		.byte	0x1
 1334 013a 11       		.uleb128 0x11
 1335 013b 01       		.uleb128 0x1
 1336 013c 31       		.uleb128 0x31
 1337 013d 13       		.uleb128 0x13
 1338 013e 01       		.uleb128 0x1
 1339 013f 13       		.uleb128 0x13
 1340 0140 00       		.byte	0
 1341 0141 00       		.byte	0
 1342 0142 17       		.uleb128 0x17
 1343 0143 2E       		.uleb128 0x2e
 1344 0144 00       		.byte	0
 1345 0145 3F       		.uleb128 0x3f
 1346 0146 19       		.uleb128 0x19
 1347 0147 3C       		.uleb128 0x3c
 1348 0148 19       		.uleb128 0x19
ARM GAS  C:\Users\Tymek\AppData\Local\Temp\ccpWw2el.s 			page 29


 1349 0149 6E       		.uleb128 0x6e
 1350 014a 0E       		.uleb128 0xe
 1351 014b 03       		.uleb128 0x3
 1352 014c 0E       		.uleb128 0xe
 1353 014d 3A       		.uleb128 0x3a
 1354 014e 0B       		.uleb128 0xb
 1355 014f 3B       		.uleb128 0x3b
 1356 0150 0B       		.uleb128 0xb
 1357 0151 00       		.byte	0
 1358 0152 00       		.byte	0
 1359 0153 00       		.byte	0
 1360              		.section	.debug_loc,"",%progbits
 1361              	.Ldebug_loc0:
 1362              	.LLST0:
 1363 0000 00000000 		.4byte	.LVL0
 1364 0004 0B000000 		.4byte	.LVL2-1
 1365 0008 0100     		.2byte	0x1
 1366 000a 50       		.byte	0x50
 1367 000b 0B000000 		.4byte	.LVL2-1
 1368 000f 14000000 		.4byte	.LVL3
 1369 0013 0100     		.2byte	0x1
 1370 0015 54       		.byte	0x54
 1371 0016 14000000 		.4byte	.LVL3
 1372 001a 18000000 		.4byte	.LFE37
 1373 001e 0400     		.2byte	0x4
 1374 0020 F3       		.byte	0xf3
 1375 0021 01       		.uleb128 0x1
 1376 0022 50       		.byte	0x50
 1377 0023 9F       		.byte	0x9f
 1378 0024 00000000 		.4byte	0
 1379 0028 00000000 		.4byte	0
 1380              	.LLST1:
 1381 002c 00000000 		.4byte	.LVL0
 1382 0030 08000000 		.4byte	.LVL1
 1383 0034 0100     		.2byte	0x1
 1384 0036 51       		.byte	0x51
 1385 0037 08000000 		.4byte	.LVL1
 1386 003b 16000000 		.4byte	.LVL4
 1387 003f 0100     		.2byte	0x1
 1388 0041 55       		.byte	0x55
 1389 0042 16000000 		.4byte	.LVL4
 1390 0046 18000000 		.4byte	.LFE37
 1391 004a 0400     		.2byte	0x4
 1392 004c F3       		.byte	0xf3
 1393 004d 01       		.uleb128 0x1
 1394 004e 51       		.byte	0x51
 1395 004f 9F       		.byte	0x9f
 1396 0050 00000000 		.4byte	0
 1397 0054 00000000 		.4byte	0
 1398              	.LLST2:
 1399 0058 00000000 		.4byte	.LVL5
 1400 005c 0A000000 		.4byte	.LVL7
 1401 0060 0100     		.2byte	0x1
 1402 0062 50       		.byte	0x50
 1403 0063 0A000000 		.4byte	.LVL7
 1404 0067 1C000000 		.4byte	.LFE36
 1405 006b 0400     		.2byte	0x4
ARM GAS  C:\Users\Tymek\AppData\Local\Temp\ccpWw2el.s 			page 30


 1406 006d F3       		.byte	0xf3
 1407 006e 01       		.uleb128 0x1
 1408 006f 50       		.byte	0x50
 1409 0070 9F       		.byte	0x9f
 1410 0071 00000000 		.4byte	0
 1411 0075 00000000 		.4byte	0
 1412              	.LLST3:
 1413 0079 00000000 		.4byte	.LVL5
 1414 007d 0A000000 		.4byte	.LVL7
 1415 0081 0100     		.2byte	0x1
 1416 0083 51       		.byte	0x51
 1417 0084 0A000000 		.4byte	.LVL7
 1418 0088 1A000000 		.4byte	.LVL12
 1419 008c 0100     		.2byte	0x1
 1420 008e 55       		.byte	0x55
 1421 008f 00000000 		.4byte	0
 1422 0093 00000000 		.4byte	0
 1423              	.LLST4:
 1424 0097 00000000 		.4byte	.LVL5
 1425 009b 0A000000 		.4byte	.LVL7
 1426 009f 0100     		.2byte	0x1
 1427 00a1 52       		.byte	0x52
 1428 00a2 0A000000 		.4byte	.LVL7
 1429 00a6 1A000000 		.4byte	.LVL13
 1430 00aa 0100     		.2byte	0x1
 1431 00ac 56       		.byte	0x56
 1432 00ad 1A000000 		.4byte	.LVL13
 1433 00b1 1C000000 		.4byte	.LFE36
 1434 00b5 0100     		.2byte	0x1
 1435 00b7 50       		.byte	0x50
 1436 00b8 00000000 		.4byte	0
 1437 00bc 00000000 		.4byte	0
 1438              	.LLST5:
 1439 00c0 06000000 		.4byte	.LVL6
 1440 00c4 0A000000 		.4byte	.LVL7
 1441 00c8 0200     		.2byte	0x2
 1442 00ca 30       		.byte	0x30
 1443 00cb 9F       		.byte	0x9f
 1444 00cc 0A000000 		.4byte	.LVL7
 1445 00d0 1A000000 		.4byte	.LVL11
 1446 00d4 0100     		.2byte	0x1
 1447 00d6 54       		.byte	0x54
 1448 00d7 00000000 		.4byte	0
 1449 00db 00000000 		.4byte	0
 1450              	.LLST6:
 1451 00df 00000000 		.4byte	.LVL14
 1452 00e3 0B000000 		.4byte	.LVL17-1
 1453 00e7 0100     		.2byte	0x1
 1454 00e9 50       		.byte	0x50
 1455 00ea 0C000000 		.4byte	.LVL17
 1456 00ee 1E000000 		.4byte	.LVL19
 1457 00f2 0100     		.2byte	0x1
 1458 00f4 50       		.byte	0x50
 1459 00f5 00000000 		.4byte	0
 1460 00f9 00000000 		.4byte	0
 1461              	.LLST7:
 1462 00fd 04000000 		.4byte	.LVL15
ARM GAS  C:\Users\Tymek\AppData\Local\Temp\ccpWw2el.s 			page 31


 1463 0101 06000000 		.4byte	.LVL16
 1464 0105 0200     		.2byte	0x2
 1465 0107 30       		.byte	0x30
 1466 0108 9F       		.byte	0x9f
 1467 0109 06000000 		.4byte	.LVL16
 1468 010d 40000000 		.4byte	.LVL24
 1469 0111 0100     		.2byte	0x1
 1470 0113 54       		.byte	0x54
 1471 0114 00000000 		.4byte	0
 1472 0118 00000000 		.4byte	0
 1473              	.LLST8:
 1474 011c 04000000 		.4byte	.LVL15
 1475 0120 1E000000 		.4byte	.LVL19
 1476 0124 0200     		.2byte	0x2
 1477 0126 30       		.byte	0x30
 1478 0127 9F       		.byte	0x9f
 1479 0128 1E000000 		.4byte	.LVL19
 1480 012c 38000000 		.4byte	.LVL22
 1481 0130 0100     		.2byte	0x1
 1482 0132 53       		.byte	0x53
 1483 0133 00000000 		.4byte	0
 1484 0137 00000000 		.4byte	0
 1485              	.LLST9:
 1486 013b 26000000 		.4byte	.LVL20
 1487 013f 2E000000 		.4byte	.LVL21
 1488 0143 0100     		.2byte	0x1
 1489 0145 50       		.byte	0x50
 1490 0146 00000000 		.4byte	0
 1491 014a 00000000 		.4byte	0
 1492              	.LLST10:
 1493 014e 00000000 		.4byte	.LVL25
 1494 0152 28000000 		.4byte	.LVL35
 1495 0156 0100     		.2byte	0x1
 1496 0158 50       		.byte	0x50
 1497 0159 28000000 		.4byte	.LVL35
 1498 015d 2A000000 		.4byte	.LFE39
 1499 0161 0400     		.2byte	0x4
 1500 0163 F3       		.byte	0xf3
 1501 0164 01       		.uleb128 0x1
 1502 0165 50       		.byte	0x50
 1503 0166 9F       		.byte	0x9f
 1504 0167 00000000 		.4byte	0
 1505 016b 00000000 		.4byte	0
 1506              	.LLST11:
 1507 016f 00000000 		.4byte	.LVL25
 1508 0173 06000000 		.4byte	.LVL26
 1509 0177 0200     		.2byte	0x2
 1510 0179 3A       		.byte	0x3a
 1511 017a 9F       		.byte	0x9f
 1512 017b 06000000 		.4byte	.LVL26
 1513 017f 0E000000 		.4byte	.LVL27
 1514 0183 0100     		.2byte	0x1
 1515 0185 53       		.byte	0x53
 1516 0186 12000000 		.4byte	.LVL28
 1517 018a 14000000 		.4byte	.LVL29
 1518 018e 0100     		.2byte	0x1
 1519 0190 51       		.byte	0x51
ARM GAS  C:\Users\Tymek\AppData\Local\Temp\ccpWw2el.s 			page 32


 1520 0191 14000000 		.4byte	.LVL29
 1521 0195 1A000000 		.4byte	.LVL30
 1522 0199 0100     		.2byte	0x1
 1523 019b 53       		.byte	0x53
 1524 019c 1E000000 		.4byte	.LVL32
 1525 01a0 20000000 		.4byte	.LVL33
 1526 01a4 0100     		.2byte	0x1
 1527 01a6 53       		.byte	0x53
 1528 01a7 00000000 		.4byte	0
 1529 01ab 00000000 		.4byte	0
 1530              	.LLST12:
 1531 01af 00000000 		.4byte	.LVL25
 1532 01b3 20000000 		.4byte	.LVL33
 1533 01b7 0200     		.2byte	0x2
 1534 01b9 3A       		.byte	0x3a
 1535 01ba 9F       		.byte	0x9f
 1536 01bb 20000000 		.4byte	.LVL33
 1537 01bf 2A000000 		.4byte	.LFE39
 1538 01c3 0100     		.2byte	0x1
 1539 01c5 52       		.byte	0x52
 1540 01c6 00000000 		.4byte	0
 1541 01ca 00000000 		.4byte	0
 1542              	.LLST13:
 1543 01ce 00000000 		.4byte	.LVL25
 1544 01d2 06000000 		.4byte	.LVL26
 1545 01d6 0200     		.2byte	0x2
 1546 01d8 31       		.byte	0x31
 1547 01d9 9F       		.byte	0x9f
 1548 01da 06000000 		.4byte	.LVL26
 1549 01de 1C000000 		.4byte	.LVL31
 1550 01e2 0100     		.2byte	0x1
 1551 01e4 52       		.byte	0x52
 1552 01e5 1E000000 		.4byte	.LVL32
 1553 01e9 20000000 		.4byte	.LVL33
 1554 01ed 0100     		.2byte	0x1
 1555 01ef 52       		.byte	0x52
 1556 01f0 00000000 		.4byte	0
 1557 01f4 00000000 		.4byte	0
 1558              	.LLST14:
 1559 01f8 00000000 		.4byte	.LVL25
 1560 01fc 20000000 		.4byte	.LVL33
 1561 0200 0200     		.2byte	0x2
 1562 0202 30       		.byte	0x30
 1563 0203 9F       		.byte	0x9f
 1564 0204 20000000 		.4byte	.LVL33
 1565 0208 2A000000 		.4byte	.LFE39
 1566 020c 0100     		.2byte	0x1
 1567 020e 53       		.byte	0x53
 1568 020f 00000000 		.4byte	0
 1569 0213 00000000 		.4byte	0
 1570              	.LLST15:
 1571 0217 00000000 		.4byte	.LVL36
 1572 021b 09000000 		.4byte	.LVL37-1
 1573 021f 0100     		.2byte	0x1
 1574 0221 50       		.byte	0x50
 1575 0222 09000000 		.4byte	.LVL37-1
 1576 0226 24000000 		.4byte	.LVL45
ARM GAS  C:\Users\Tymek\AppData\Local\Temp\ccpWw2el.s 			page 33


 1577 022a 0100     		.2byte	0x1
 1578 022c 56       		.byte	0x56
 1579 022d 24000000 		.4byte	.LVL45
 1580 0231 2C000000 		.4byte	.LFE40
 1581 0235 0400     		.2byte	0x4
 1582 0237 F3       		.byte	0xf3
 1583 0238 01       		.uleb128 0x1
 1584 0239 50       		.byte	0x50
 1585 023a 9F       		.byte	0x9f
 1586 023b 00000000 		.4byte	0
 1587 023f 00000000 		.4byte	0
 1588              	.LLST16:
 1589 0243 00000000 		.4byte	.LVL36
 1590 0247 09000000 		.4byte	.LVL37-1
 1591 024b 0100     		.2byte	0x1
 1592 024d 51       		.byte	0x51
 1593 024e 09000000 		.4byte	.LVL37-1
 1594 0252 24000000 		.4byte	.LVL44
 1595 0256 0100     		.2byte	0x1
 1596 0258 55       		.byte	0x55
 1597 0259 24000000 		.4byte	.LVL44
 1598 025d 2C000000 		.4byte	.LFE40
 1599 0261 0400     		.2byte	0x4
 1600 0263 F3       		.byte	0xf3
 1601 0264 01       		.uleb128 0x1
 1602 0265 51       		.byte	0x51
 1603 0266 9F       		.byte	0x9f
 1604 0267 00000000 		.4byte	0
 1605 026b 00000000 		.4byte	0
 1606              	.LLST17:
 1607 026f 0C000000 		.4byte	.LVL38
 1608 0273 12000000 		.4byte	.LVL39
 1609 0277 0100     		.2byte	0x1
 1610 0279 50       		.byte	0x50
 1611 027a 12000000 		.4byte	.LVL39
 1612 027e 24000000 		.4byte	.LVL43
 1613 0282 0100     		.2byte	0x1
 1614 0284 54       		.byte	0x54
 1615 0285 00000000 		.4byte	0
 1616 0289 00000000 		.4byte	0
 1617              	.LLST18:
 1618 028d 00000000 		.4byte	.LVL46
 1619 0291 06000000 		.4byte	.LVL48
 1620 0295 0100     		.2byte	0x1
 1621 0297 50       		.byte	0x50
 1622 0298 06000000 		.4byte	.LVL48
 1623 029c 26000000 		.4byte	.LVL55
 1624 02a0 0100     		.2byte	0x1
 1625 02a2 54       		.byte	0x54
 1626 02a3 00000000 		.4byte	0
 1627 02a7 00000000 		.4byte	0
 1628              	.LLST19:
 1629 02ab 04000000 		.4byte	.LVL47
 1630 02af 06000000 		.4byte	.LVL48
 1631 02b3 0200     		.2byte	0x2
 1632 02b5 30       		.byte	0x30
 1633 02b6 9F       		.byte	0x9f
ARM GAS  C:\Users\Tymek\AppData\Local\Temp\ccpWw2el.s 			page 34


 1634 02b7 06000000 		.4byte	.LVL48
 1635 02bb 26000000 		.4byte	.LVL56
 1636 02bf 0100     		.2byte	0x1
 1637 02c1 55       		.byte	0x55
 1638 02c2 00000000 		.4byte	0
 1639 02c6 00000000 		.4byte	0
 1640              	.LLST20:
 1641 02ca 00000000 		.4byte	.LVL57
 1642 02ce 07000000 		.4byte	.LVL58-1
 1643 02d2 0100     		.2byte	0x1
 1644 02d4 50       		.byte	0x50
 1645 02d5 07000000 		.4byte	.LVL58-1
 1646 02d9 10000000 		.4byte	.LFE42
 1647 02dd 0400     		.2byte	0x4
 1648 02df F3       		.byte	0xf3
 1649 02e0 01       		.uleb128 0x1
 1650 02e1 50       		.byte	0x50
 1651 02e2 9F       		.byte	0x9f
 1652 02e3 00000000 		.4byte	0
 1653 02e7 00000000 		.4byte	0
 1654              	.LLST21:
 1655 02eb 00000000 		.4byte	.LVL57
 1656 02ef 07000000 		.4byte	.LVL58-1
 1657 02f3 0100     		.2byte	0x1
 1658 02f5 51       		.byte	0x51
 1659 02f6 07000000 		.4byte	.LVL58-1
 1660 02fa 0E000000 		.4byte	.LVL60
 1661 02fe 0100     		.2byte	0x1
 1662 0300 54       		.byte	0x54
 1663 0301 0E000000 		.4byte	.LVL60
 1664 0305 10000000 		.4byte	.LFE42
 1665 0309 0400     		.2byte	0x4
 1666 030b F3       		.byte	0xf3
 1667 030c 01       		.uleb128 0x1
 1668 030d 51       		.byte	0x51
 1669 030e 9F       		.byte	0x9f
 1670 030f 00000000 		.4byte	0
 1671 0313 00000000 		.4byte	0
 1672              	.LLST22:
 1673 0317 00000000 		.4byte	.LVL61
 1674 031b 06000000 		.4byte	.LVL62
 1675 031f 0100     		.2byte	0x1
 1676 0321 50       		.byte	0x50
 1677 0322 06000000 		.4byte	.LVL62
 1678 0326 12000000 		.4byte	.LFE43
 1679 032a 0400     		.2byte	0x4
 1680 032c F3       		.byte	0xf3
 1681 032d 01       		.uleb128 0x1
 1682 032e 50       		.byte	0x50
 1683 032f 9F       		.byte	0x9f
 1684 0330 00000000 		.4byte	0
 1685 0334 00000000 		.4byte	0
 1686              	.LLST23:
 1687 0338 00000000 		.4byte	.LVL61
 1688 033c 09000000 		.4byte	.LVL63-1
 1689 0340 0100     		.2byte	0x1
 1690 0342 51       		.byte	0x51
ARM GAS  C:\Users\Tymek\AppData\Local\Temp\ccpWw2el.s 			page 35


 1691 0343 09000000 		.4byte	.LVL63-1
 1692 0347 10000000 		.4byte	.LVL65
 1693 034b 0100     		.2byte	0x1
 1694 034d 54       		.byte	0x54
 1695 034e 10000000 		.4byte	.LVL65
 1696 0352 12000000 		.4byte	.LFE43
 1697 0356 0400     		.2byte	0x4
 1698 0358 F3       		.byte	0xf3
 1699 0359 01       		.uleb128 0x1
 1700 035a 51       		.byte	0x51
 1701 035b 9F       		.byte	0x9f
 1702 035c 00000000 		.4byte	0
 1703 0360 00000000 		.4byte	0
 1704              	.LLST24:
 1705 0364 00000000 		.4byte	.LVL66
 1706 0368 07000000 		.4byte	.LVL67-1
 1707 036c 0100     		.2byte	0x1
 1708 036e 50       		.byte	0x50
 1709 036f 07000000 		.4byte	.LVL67-1
 1710 0373 10000000 		.4byte	.LFE44
 1711 0377 0400     		.2byte	0x4
 1712 0379 F3       		.byte	0xf3
 1713 037a 01       		.uleb128 0x1
 1714 037b 50       		.byte	0x50
 1715 037c 9F       		.byte	0x9f
 1716 037d 00000000 		.4byte	0
 1717 0381 00000000 		.4byte	0
 1718              	.LLST25:
 1719 0385 00000000 		.4byte	.LVL66
 1720 0389 07000000 		.4byte	.LVL67-1
 1721 038d 0100     		.2byte	0x1
 1722 038f 51       		.byte	0x51
 1723 0390 07000000 		.4byte	.LVL67-1
 1724 0394 0E000000 		.4byte	.LVL69
 1725 0398 0100     		.2byte	0x1
 1726 039a 54       		.byte	0x54
 1727 039b 0E000000 		.4byte	.LVL69
 1728 039f 10000000 		.4byte	.LFE44
 1729 03a3 0400     		.2byte	0x4
 1730 03a5 F3       		.byte	0xf3
 1731 03a6 01       		.uleb128 0x1
 1732 03a7 51       		.byte	0x51
 1733 03a8 9F       		.byte	0x9f
 1734 03a9 00000000 		.4byte	0
 1735 03ad 00000000 		.4byte	0
 1736              		.section	.debug_aranges,"",%progbits
 1737 0000 5C000000 		.4byte	0x5c
 1738 0004 0200     		.2byte	0x2
 1739 0006 00000000 		.4byte	.Ldebug_info0
 1740 000a 04       		.byte	0x4
 1741 000b 00       		.byte	0
 1742 000c 0000     		.2byte	0
 1743 000e 0000     		.2byte	0
 1744 0010 00000000 		.4byte	.LFB37
 1745 0014 18000000 		.4byte	.LFE37-.LFB37
 1746 0018 00000000 		.4byte	.LFB36
 1747 001c 1C000000 		.4byte	.LFE36-.LFB36
ARM GAS  C:\Users\Tymek\AppData\Local\Temp\ccpWw2el.s 			page 36


 1748 0020 00000000 		.4byte	.LFB38
 1749 0024 42000000 		.4byte	.LFE38-.LFB38
 1750 0028 00000000 		.4byte	.LFB39
 1751 002c 2A000000 		.4byte	.LFE39-.LFB39
 1752 0030 00000000 		.4byte	.LFB40
 1753 0034 2C000000 		.4byte	.LFE40-.LFB40
 1754 0038 00000000 		.4byte	.LFB41
 1755 003c 28000000 		.4byte	.LFE41-.LFB41
 1756 0040 00000000 		.4byte	.LFB42
 1757 0044 10000000 		.4byte	.LFE42-.LFB42
 1758 0048 00000000 		.4byte	.LFB43
 1759 004c 12000000 		.4byte	.LFE43-.LFB43
 1760 0050 00000000 		.4byte	.LFB44
 1761 0054 10000000 		.4byte	.LFE44-.LFB44
 1762 0058 00000000 		.4byte	0
 1763 005c 00000000 		.4byte	0
 1764              		.section	.debug_ranges,"",%progbits
 1765              	.Ldebug_ranges0:
 1766 0000 00000000 		.4byte	.LFB37
 1767 0004 18000000 		.4byte	.LFE37
 1768 0008 00000000 		.4byte	.LFB36
 1769 000c 1C000000 		.4byte	.LFE36
 1770 0010 00000000 		.4byte	.LFB38
 1771 0014 42000000 		.4byte	.LFE38
 1772 0018 00000000 		.4byte	.LFB39
 1773 001c 2A000000 		.4byte	.LFE39
 1774 0020 00000000 		.4byte	.LFB40
 1775 0024 2C000000 		.4byte	.LFE40
 1776 0028 00000000 		.4byte	.LFB41
 1777 002c 28000000 		.4byte	.LFE41
 1778 0030 00000000 		.4byte	.LFB42
 1779 0034 10000000 		.4byte	.LFE42
 1780 0038 00000000 		.4byte	.LFB43
 1781 003c 12000000 		.4byte	.LFE43
 1782 0040 00000000 		.4byte	.LFB44
 1783 0044 10000000 		.4byte	.LFE44
 1784 0048 00000000 		.4byte	0
 1785 004c 00000000 		.4byte	0
 1786              		.section	.debug_line,"",%progbits
 1787              	.Ldebug_line0:
 1788 0000 84020000 		.section	.debug_str,"MS",%progbits,1
 1788      02004501 
 1788      00000201 
 1788      FB0E0D00 
 1788      01010101 
 1789              	.LASF6:
 1790 0000 6C6F6E67 		.ascii	"long long int\000"
 1790      206C6F6E 
 1790      6720696E 
 1790      7400
 1791              	.LASF29:
 1792 000e 4442475F 		.ascii	"DBG_PRINT_HEX_TEXT\000"
 1792      5052494E 
 1792      545F4845 
 1792      585F5445 
 1792      585400
 1793              	.LASF17:
ARM GAS  C:\Users\Tymek\AppData\Local\Temp\ccpWw2el.s 			page 37


 1794 0021 76616C75 		.ascii	"value\000"
 1794      6500
 1795              	.LASF18:
 1796 0027 72656D69 		.ascii	"reminder\000"
 1796      6E646572 
 1796      00
 1797              	.LASF3:
 1798 0030 73686F72 		.ascii	"short unsigned int\000"
 1798      7420756E 
 1798      7369676E 
 1798      65642069 
 1798      6E7400
 1799              	.LASF32:
 1800 0043 4442475F 		.ascii	"DBG_PRINT_DEC_TEXT\000"
 1800      5052494E 
 1800      545F4445 
 1800      435F5445 
 1800      585400
 1801              	.LASF30:
 1802 0056 74657874 		.ascii	"text\000"
 1802      00
 1803              	.LASF31:
 1804 005b 4442475F 		.ascii	"DBG_PRINT_HEX8_TEXT\000"
 1804      5052494E 
 1804      545F4845 
 1804      58385F54 
 1804      45585400 
 1805              	.LASF39:
 1806 006f 6469766D 		.ascii	"divmod10\000"
 1806      6F643130 
 1806      00
 1807              	.LASF12:
 1808 0078 666C6F61 		.ascii	"float\000"
 1808      7400
 1809              	.LASF19:
 1810 007e 66696C65 		.ascii	"file\000"
 1810      00
 1811              	.LASF1:
 1812 0083 756E7369 		.ascii	"unsigned char\000"
 1812      676E6564 
 1812      20636861 
 1812      7200
 1813              	.LASF23:
 1814 0091 64656356 		.ascii	"decValue\000"
 1814      616C7565 
 1814      00
 1815              	.LASF38:
 1816 009a 433A5C55 		.ascii	"C:\\Users\\Tymek\\Documents\\EE\\Programming\\PSoC\\"
 1816      73657273 
 1816      5C54796D 
 1816      656B5C44 
 1816      6F63756D 
 1817 00c7 4359424C 		.ascii	"CYBLE-224110-00_Clock_OTA\\BLE_OTA_UpgradableStackE"
 1817      452D3232 
 1817      34313130 
 1817      2D30305F 
 1817      436C6F63 
ARM GAS  C:\Users\Tymek\AppData\Local\Temp\ccpWw2el.s 			page 38


 1818 00f9 78616D70 		.ascii	"xample_Stack01.cydsn\000"
 1818      6C655F53 
 1818      7461636B 
 1818      30312E63 
 1818      7964736E 
 1819              	.LASF5:
 1820 010e 6C6F6E67 		.ascii	"long unsigned int\000"
 1820      20756E73 
 1820      69676E65 
 1820      6420696E 
 1820      7400
 1821              	.LASF28:
 1822 0120 4442475F 		.ascii	"DBG_PRINT_HEX\000"
 1822      5052494E 
 1822      545F4845 
 1822      5800
 1823              	.LASF37:
 1824 012e 64656275 		.ascii	"debug.c\000"
 1824      672E6300 
 1825              	.LASF13:
 1826 0136 646F7562 		.ascii	"double\000"
 1826      6C6500
 1827              	.LASF9:
 1828 013d 5F5F7569 		.ascii	"__uint32_t\000"
 1828      6E743332 
 1828      5F7400
 1829              	.LASF11:
 1830 0148 75696E74 		.ascii	"uint32\000"
 1830      333200
 1831              	.LASF8:
 1832 014f 756E7369 		.ascii	"unsigned int\000"
 1832      676E6564 
 1832      20696E74 
 1832      00
 1833              	.LASF14:
 1834 015c 63686172 		.ascii	"char\000"
 1834      00
 1835              	.LASF20:
 1836 0161 72657375 		.ascii	"result\000"
 1836      6C7400
 1837              	.LASF33:
 1838 0168 55415254 		.ascii	"UART_PutChar\000"
 1838      5F507574 
 1838      43686172 
 1838      00
 1839              	.LASF25:
 1840 0175 4442475F 		.ascii	"DBG_PRINT_DEC\000"
 1840      5052494E 
 1840      545F4445 
 1840      4300
 1841              	.LASF36:
 1842 0183 474E5520 		.ascii	"GNU C11 5.4.1 20160609 (release) [ARM/embedded-5-br"
 1842      43313120 
 1842      352E342E 
 1842      31203230 
 1842      31363036 
 1843 01b6 616E6368 		.ascii	"anch revision 237715] -mcpu=cortex-m0 -mthumb -g -O"
ARM GAS  C:\Users\Tymek\AppData\Local\Temp\ccpWw2el.s 			page 39


 1843      20726576 
 1843      6973696F 
 1843      6E203233 
 1843      37373135 
 1844 01e9 67202D66 		.ascii	"g -ffunction-sections -ffat-lto-objects\000"
 1844      66756E63 
 1844      74696F6E 
 1844      2D736563 
 1844      74696F6E 
 1845              	.LASF22:
 1846 0211 6465634C 		.ascii	"decLength\000"
 1846      656E6774 
 1846      6800
 1847              	.LASF16:
 1848 021b 73697A65 		.ascii	"sizetype\000"
 1848      74797065 
 1848      00
 1849              	.LASF24:
 1850 0224 666F756E 		.ascii	"found\000"
 1850      6400
 1851              	.LASF21:
 1852 022a 5F777269 		.ascii	"_write\000"
 1852      746500
 1853              	.LASF2:
 1854 0231 73686F72 		.ascii	"short int\000"
 1854      7420696E 
 1854      7400
 1855              	.LASF26:
 1856 023b 4442475F 		.ascii	"DBG_PRINT_DEC2\000"
 1856      5052494E 
 1856      545F4445 
 1856      433200
 1857              	.LASF10:
 1858 024a 75696E74 		.ascii	"uint32_t\000"
 1858      33325F74 
 1858      00
 1859              	.LASF4:
 1860 0253 6C6F6E67 		.ascii	"long int\000"
 1860      20696E74 
 1860      00
 1861              	.LASF15:
 1862 025c 6C6F6E67 		.ascii	"long double\000"
 1862      20646F75 
 1862      626C6500 
 1863              	.LASF0:
 1864 0268 7369676E 		.ascii	"signed char\000"
 1864      65642063 
 1864      68617200 
 1865              	.LASF34:
 1866 0274 55415254 		.ascii	"UART_PutString\000"
 1866      5F507574 
 1866      53747269 
 1866      6E6700
 1867              	.LASF27:
 1868 0283 6C656E67 		.ascii	"length\000"
 1868      746800
 1869              	.LASF7:
ARM GAS  C:\Users\Tymek\AppData\Local\Temp\ccpWw2el.s 			page 40


 1870 028a 6C6F6E67 		.ascii	"long long unsigned int\000"
 1870      206C6F6E 
 1870      6720756E 
 1870      7369676E 
 1870      65642069 
 1871              	.LASF35:
 1872 02a1 55415254 		.ascii	"UART_PutHexByte\000"
 1872      5F507574 
 1872      48657842 
 1872      79746500 
 1873              		.ident	"GCC: (GNU Tools for ARM Embedded Processors) 5.4.1 20160609 (release) [ARM/embedded-5-bran
