#***************************************************************************

#sjplacer

#Version:            1.1

#Build Date:         Jul 19 2017 14:31:00

#File Generated:     Jul 31 2019 22:57:35

#Purpose:            

#Copyright (C) 2010-2011 by Softjin Technologies Pvt Ltd. All rights reserved.

#***************************************************************************

Executing : D:\Apps\Cypress PSoc Creator\PSoC Creator\4.1\PSoC Creator\bin/sjplacer.exe --proj-name CYBLE-224110-00 Clock firmware --netlist-vh2 CYBLE-224110-00 Clock firmware_p.vh2 --arch p4_udb2x2 --arch-file D:\Apps\Cypress PSoc Creator\PSoC Creator\4.1\PSoC Creator\dev\arch/udbdsi_2x2_04.cydata --ip-file D:\Apps\Cypress PSoc Creator\PSoC Creator\4.1\PSoC Creator\dev\psoc4/3/256k/ip_blocks.cydata --rrg-file D:\Apps\Cypress PSoc Creator\PSoC Creator\4.1\PSoC Creator\dev\psoc4/3/256k/route_arch-rrg.cydata --irq-file D:\Apps\Cypress PSoc Creator\PSoC Creator\4.1\PSoC Creator\dev\psoc4/3/irqconn.cydata --dsi-conn-file D:\Apps\Cypress PSoc Creator\PSoC Creator\4.1\PSoC Creator\dev\psoc4/3/dsiconn.cydata --pins-file pins_32-SMT.xml --lib-file CYBLE-224110-00 Clock firmware_p.lib --sdc-file CYBLE-224110-00 Clock firmware.sdc --io-pcf CYBLE-224110-00 Clock firmware.pci --outdir .

		Softjin Techologies Placer, Version 1.1

Build Date : Jul 19 2017	14:29:55

D2004: Option and Settings Summary
=============================================================
Netlist vh2 file          - CYBLE-224110-00 Clock firmware_p.vh2
Architecture file         - D:\Apps\Cypress PSoc Creator\PSoC Creator\4.1\PSoC Creator\dev\arch/udbdsi_2x2_04.cydata
Package                   - 
Defparam file             - 
SDC file                  - CYBLE-224110-00 Clock firmware.sdc
Output directory          - .
Timing library            - CYBLE-224110-00 Clock firmware_p.lib
IO Placement file         - CYBLE-224110-00 Clock firmware.pci

D2050: Starting reading inputs for placer
=============================================================
D2065: Reading netlist file : "CYBLE-224110-00 Clock firmware_p.vh2"
D2065: Reading arch file : "D:\Apps\Cypress PSoc Creator\PSoC Creator\4.1\PSoC Creator\dev\arch/udbdsi_2x2_04.cydata"
D2051: Reading of inputs for placer completed successfully

D2053: Starting placement of the design
=============================================================

Phase 2
Phase 3

Design Statistics after Packing
    Number of Combinational MCs 	:	4
    Number of Sequential MCs    	:	10
    Number of DPs               	:	2
    Number of Controls          	:	2
    Number of Status            	:	1
    Number of SyncCells         	:	0
    Number of count7cells       	:	0

Device Utilization Summary after Packing
    Macrocells                  :	14/32
    UDBS                        :	2/4
    IOs                         :	10/36


D2088: Phase 3, elapsed time : 0.0 (sec)

Phase 4
D2088: Phase 4, elapsed time : 0.0 (sec)

Phase 6

######################################################################
Placement Timing Summary

The timing summary is based on estimated routing delays after
placement. For final timing report, please carry out the timing
analysis after routing.
======================================================================

######################################################################
                     Clock Summary 
======================================================================
Number of clocks: 14
Clock: ADC_intClock         | Frequency: N/A       | Target:   1.0 MHz
Clock: ADC_intClock(FFB)    | Frequency: N/A       | Target:   1.0 MHz
Clock: CyECO                | Frequency: N/A       | Target:  24.0 MHz
Clock: CyHFClk              | Frequency:  51.9 MHz | Target:  48.0 MHz
Clock: CyILO                | Frequency: N/A       | Target:   0.0 MHz
Clock: CyIMO                | Frequency: N/A       | Target:  48.0 MHz
Clock: CyLFClk              | Frequency: N/A       | Target:   0.0 MHz
Clock: CyRouted1            | Frequency: N/A       | Target:  48.0 MHz
Clock: CySysClk             | Frequency: N/A       | Target:  48.0 MHz
Clock: CyWCO                | Frequency: N/A       | Target:   0.0 MHz
Clock: I2C_SCBCLK           | Frequency: N/A       | Target:   8.0 MHz
Clock: I2C_SCBCLK(FFB)      | Frequency: N/A       | Target:   8.0 MHz
Clock: UART_SCBCLK          | Frequency: N/A       | Target:   0.1 MHz
Clock: UART_SCBCLK(FFB)     | Frequency: N/A       | Target:   0.1 MHz

======================================================================
                     End of Clock Summary
######################################################################

D2088: Phase 6, elapsed time : 0.1 (sec)

Phase 7
######################################################################
                     Clock Summary 
======================================================================
Number of clocks: 14
Clock: ADC_intClock         | Frequency: N/A       | Target:   1.0 MHz
Clock: ADC_intClock(FFB)    | Frequency: N/A       | Target:   1.0 MHz
Clock: CyECO                | Frequency: N/A       | Target:  24.0 MHz
Clock: CyHFClk              | Frequency:  51.9 MHz | Target:  48.0 MHz
Clock: CyILO                | Frequency: N/A       | Target:   0.0 MHz
Clock: CyIMO                | Frequency: N/A       | Target:  48.0 MHz
Clock: CyLFClk              | Frequency: N/A       | Target:   0.0 MHz
Clock: CyRouted1            | Frequency: N/A       | Target:  48.0 MHz
Clock: CySysClk             | Frequency: N/A       | Target:  48.0 MHz
Clock: CyWCO                | Frequency: N/A       | Target:   0.0 MHz
Clock: I2C_SCBCLK           | Frequency: N/A       | Target:   8.0 MHz
Clock: I2C_SCBCLK(FFB)      | Frequency: N/A       | Target:   8.0 MHz
Clock: UART_SCBCLK          | Frequency: N/A       | Target:   0.1 MHz
Clock: UART_SCBCLK(FFB)     | Frequency: N/A       | Target:   0.1 MHz

======================================================================
                     End of Clock Summary
######################################################################
D2088: Phase 7, elapsed time : 0.1 (sec)

Final Design Statistics
    Number of Combinational MCs 	:	4
    Number of Sequential MCs    	:	10
    Number of DPs               	:	2
    Number of Controls          	:	2
    Number of Status            	:	1
    Number of SyncCells         	:	0
    Number of count7cells       	:	0
    Number of IOs       	:	10

Device Utilization Summary
    Macrocells                  :	14/32
    IOs                         :	10/36



######################################################################
Placement Timing Summary

The timing summary is based on estimated routing delays after
placement. For final timing report, please carry out the timing
analysis after routing.
======================================================================


######################################################################
                     Clock Summary 
======================================================================
Number of clocks: 14
Clock: ADC_intClock         | Frequency: N/A       | Target:   1.0 MHz
Clock: ADC_intClock(FFB)    | Frequency: N/A       | Target:   1.0 MHz
Clock: CyECO                | Frequency: N/A       | Target:  24.0 MHz
Clock: CyHFClk              | Frequency:  51.9 MHz | Target:  52.6 MHz
Clock: CyILO                | Frequency: N/A       | Target:   0.0 MHz
Clock: CyIMO                | Frequency: N/A       | Target:  48.0 MHz
Clock: CyLFClk              | Frequency: N/A       | Target:   0.0 MHz
Clock: CyRouted1            | Frequency: N/A       | Target:  48.0 MHz
Clock: CySysClk             | Frequency: N/A       | Target:  48.0 MHz
Clock: CyWCO                | Frequency: N/A       | Target:   0.0 MHz
Clock: I2C_SCBCLK           | Frequency: N/A       | Target:   8.0 MHz
Clock: I2C_SCBCLK(FFB)      | Frequency: N/A       | Target:   8.0 MHz
Clock: UART_SCBCLK          | Frequency: N/A       | Target:   0.1 MHz
Clock: UART_SCBCLK(FFB)     | Frequency: N/A       | Target:   0.1 MHz

======================================================================
                     End of Clock Summary
######################################################################

Phase 8
D2088: Phase 8, elapsed time : 0.0 (sec)

D2054: Placement of the design completed successfully

I2076: Total run-time: 0.8 sec.

