ARM GAS  C:\Users\Tymek\AppData\Local\Temp\ccmoC6uO.s 			page 1


   1              		.syntax unified
   2              		.cpu cortex-m0
   3              		.fpu softvfp
   4              		.eabi_attribute 20, 1
   5              		.eabi_attribute 21, 1
   6              		.eabi_attribute 23, 3
   7              		.eabi_attribute 24, 1
   8              		.eabi_attribute 25, 1
   9              		.eabi_attribute 26, 1
  10              		.eabi_attribute 30, 4
  11              		.eabi_attribute 34, 0
  12              		.eabi_attribute 18, 4
  13              		.thumb
  14              		.syntax unified
  15              		.file	"main.c"
  16              		.text
  17              	.Ltext0:
  18              		.cfi_sections	.debug_frame
  19              		.section	.text.startup.main,"ax",%progbits
  20              		.align	1
  21              		.global	main
  22              		.code	16
  23              		.thumb_func
  24              		.type	main, %function
  25              	main:
  26              	.LFB36:
  27              		.file 1 "main.c"
   1:main.c        **** /*******************************************************************************
   2:main.c        **** * File Name: main.c
   3:main.c        **** *
   4:main.c        **** * Version: 1.20
   5:main.c        **** *
   6:main.c        **** * Description:
   7:main.c        **** *  This example shows how to build a launcher project for a BLE design.
   8:main.c        **** *  This project is required for designs that require Over the Air upgrade
   9:main.c        **** *  capability for both Application and the BLE stack.
  10:main.c        **** *
  11:main.c        **** * References:
  12:main.c        **** *  BLUETOOTH SPECIFICATION Version 4.1
  13:main.c        **** *
  14:main.c        **** * Hardware Dependency:
  15:main.c        **** *  CY8CKIT-042 BLE
  16:main.c        **** *
  17:main.c        **** ********************************************************************************
  18:main.c        **** * Copyright 2014-2016, Cypress Semiconductor Corporation. All rights reserved.
  19:main.c        **** * This software is owned by Cypress Semiconductor Corporation and is protected
  20:main.c        **** * by and subject to worldwide patent and copyright laws and treaties.
  21:main.c        **** * Therefore, you may use this software only as provided in the license agreement
  22:main.c        **** * accompanying the software package from which you obtained this software.
  23:main.c        **** * CYPRESS AND ITS SUPPLIERS MAKE NO WARRANTY OF ANY KIND, EXPRESS OR IMPLIED,
  24:main.c        **** * WITH REGARD TO THIS SOFTWARE, INCLUDING, BUT NOT LIMITED TO, NONINFRINGEMENT,
  25:main.c        **** * IMPLIED WARRANTIES OF MERCHANTABILITY AND FITNESS FOR A PARTICULAR PURPOSE.
  26:main.c        **** *******************************************************************************/
  27:main.c        **** 
  28:main.c        **** #include "project.h"
  29:main.c        **** #include "options.h"
  30:main.c        **** #include "debug.h"
ARM GAS  C:\Users\Tymek\AppData\Local\Temp\ccmoC6uO.s 			page 2


  31:main.c        **** 
  32:main.c        **** 
  33:main.c        **** #if CYDEV_FLASH_SIZE != 0x00040000u
  34:main.c        ****  #error "This design is specifically targeted to parts with 256k of flash. Please change project de
  35:main.c        ****  silicon that has 256K Flash array. For example CY8C4248LQI-BL483."
  36:main.c        **** #endif
  37:main.c        **** 
  38:main.c        **** 
  39:main.c        **** /*******************************************************************************
  40:main.c        **** * Function Name: main
  41:main.c        **** ********************************************************************************
  42:main.c        **** *
  43:main.c        **** * Summary:
  44:main.c        **** *  Starts the bootloader component in launcher+copier mode.
  45:main.c        **** *
  46:main.c        **** * Parameters:
  47:main.c        **** *  None
  48:main.c        **** *
  49:main.c        **** * Return:
  50:main.c        **** *  None
  51:main.c        **** *
  52:main.c        **** *******************************************************************************/
  53:main.c        **** int main()
  54:main.c        **** {
  28              		.loc 1 54 0
  29              		.cfi_startproc
  30              		@ Volatile: function does not return.
  31              		@ args = 0, pretend = 0, frame = 0
  32              		@ frame_needed = 0, uses_anonymous_args = 0
  33 0000 10B5     		push	{r4, lr}
  34              		.cfi_def_cfa_offset 8
  35              		.cfi_offset 4, -8
  36              		.cfi_offset 14, -4
  55:main.c        ****     L_LED_Write(1);
  37              		.loc 1 55 0
  38 0002 0120     		movs	r0, #1
  39 0004 FFF7FEFF 		bl	L_LED_Write
  40              	.LVL0:
  56:main.c        ****     L_LED_Write(0);
  41              		.loc 1 56 0
  42 0008 0020     		movs	r0, #0
  43 000a FFF7FEFF 		bl	L_LED_Write
  44              	.LVL1:
  57:main.c        ****     
  58:main.c        ****     DBG_NEW_PAGE();
  45              		.loc 1 58 0
  46 000e 0C20     		movs	r0, #12
  47 0010 FFF7FEFF 		bl	UART_PutChar
  48              	.LVL2:
  59:main.c        ****     DBG_PRINT_TEXT("\r\n");
  49              		.loc 1 59 0
  50 0014 0C4C     		ldr	r4, .L4
  51 0016 2000     		movs	r0, r4
  52 0018 FFF7FEFF 		bl	UART_PutString
  53              	.LVL3:
  60:main.c        ****     DBG_PRINT_TEXT("\r\n");
  54              		.loc 1 60 0
ARM GAS  C:\Users\Tymek\AppData\Local\Temp\ccmoC6uO.s 			page 3


  55 001c 2000     		movs	r0, r4
  56 001e FFF7FEFF 		bl	UART_PutString
  57              	.LVL4:
  61:main.c        ****     DBG_PRINT_TEXT("> BLE Upgradable Stack Example Launcher\r\n");
  58              		.loc 1 61 0
  59 0022 0A48     		ldr	r0, .L4+4
  60 0024 FFF7FEFF 		bl	UART_PutString
  61              	.LVL5:
  62:main.c        ****     DBG_PRINT_TEXT("> Version: 1.20\r\n");
  62              		.loc 1 62 0
  63 0028 0948     		ldr	r0, .L4+8
  64 002a FFF7FEFF 		bl	UART_PutString
  65              	.LVL6:
  63:main.c        ****     DBG_PRINT_TEXT("> Compile Date and Time: " __DATE__ " " __TIME__ "\r\n");
  66              		.loc 1 63 0
  67 002e 0948     		ldr	r0, .L4+12
  68 0030 FFF7FEFF 		bl	UART_PutString
  69              	.LVL7:
  64:main.c        ****     DBG_PRINT_TEXT("\r\n"); 
  70              		.loc 1 64 0
  71 0034 2000     		movs	r0, r4
  72 0036 FFF7FEFF 		bl	UART_PutString
  73              	.LVL8:
  65:main.c        ****     DBG_PRINT_TEXT("\r\n"); 
  74              		.loc 1 65 0
  75 003a 2000     		movs	r0, r4
  76 003c FFF7FEFF 		bl	UART_PutString
  77              	.LVL9:
  66:main.c        **** 
  67:main.c        ****     Launcher_Start();
  78              		.loc 1 67 0
  79 0040 FFF7FEFF 		bl	Launcher_Start
  80              	.LVL10:
  81              	.L2:
  82 0044 FEE7     		b	.L2
  83              	.L5:
  84 0046 C046     		.align	2
  85              	.L4:
  86 0048 00000000 		.word	.LC0
  87 004c 03000000 		.word	.LC2
  88 0050 2D000000 		.word	.LC4
  89 0054 3F000000 		.word	.LC6
  90              		.cfi_endproc
  91              	.LFE36:
  92              		.size	main, .-main
  93              		.section	.rodata.str1.1,"aMS",%progbits,1
  94              	.LC0:
  95 0000 0D0A00   		.ascii	"\015\012\000"
  96              	.LC2:
  97 0003 3E20424C 		.ascii	"> BLE Upgradable Stack Example Launcher\015\012\000"
  97      45205570 
  97      67726164 
  97      61626C65 
  97      20537461 
  98              	.LC4:
  99 002d 3E205665 		.ascii	"> Version: 1.20\015\012\000"
  99      7273696F 
ARM GAS  C:\Users\Tymek\AppData\Local\Temp\ccmoC6uO.s 			page 4


  99      6E3A2031 
  99      2E32300D 
  99      0A00
 100              	.LC6:
 101 003f 3E20436F 		.ascii	"> Compile Date and Time: Jul 30 2019 14:13:44\015\012"
 101      6D70696C 
 101      65204461 
 101      74652061 
 101      6E642054 
 102 006e 00       		.ascii	"\000"
 103              		.text
 104              	.Letext0:
 105              		.file 2 "Generated_Source\\PSoC4/L_LED.h"
 106              		.file 3 "Generated_Source\\PSoC4/UART.h"
 107              		.file 4 "Generated_Source\\PSoC4/Launcher.h"
 108              		.section	.debug_info,"",%progbits
 109              	.Ldebug_info0:
 110 0000 A8010000 		.4byte	0x1a8
 111 0004 0400     		.2byte	0x4
 112 0006 00000000 		.4byte	.Ldebug_abbrev0
 113 000a 04       		.byte	0x4
 114 000b 01       		.uleb128 0x1
 115 000c E0000000 		.4byte	.LASF18
 116 0010 0C       		.byte	0xc
 117 0011 1B000000 		.4byte	.LASF19
 118 0015 27000000 		.4byte	.LASF20
 119 0019 00000000 		.4byte	.Ldebug_ranges0+0
 120 001d 00000000 		.4byte	0
 121 0021 00000000 		.4byte	.Ldebug_line0
 122 0025 02       		.uleb128 0x2
 123 0026 01       		.byte	0x1
 124 0027 06       		.byte	0x6
 125 0028 C0010000 		.4byte	.LASF0
 126 002c 02       		.uleb128 0x2
 127 002d 01       		.byte	0x1
 128 002e 08       		.byte	0x8
 129 002f 6E010000 		.4byte	.LASF1
 130 0033 02       		.uleb128 0x2
 131 0034 02       		.byte	0x2
 132 0035 05       		.byte	0x5
 133 0036 BF000000 		.4byte	.LASF2
 134 003a 02       		.uleb128 0x2
 135 003b 02       		.byte	0x2
 136 003c 07       		.byte	0x7
 137 003d AD010000 		.4byte	.LASF3
 138 0041 02       		.uleb128 0x2
 139 0042 04       		.byte	0x4
 140 0043 05       		.byte	0x5
 141 0044 81010000 		.4byte	.LASF4
 142 0048 02       		.uleb128 0x2
 143 0049 04       		.byte	0x4
 144 004a 07       		.byte	0x7
 145 004b AD000000 		.4byte	.LASF5
 146 004f 02       		.uleb128 0x2
 147 0050 08       		.byte	0x8
 148 0051 05       		.byte	0x5
 149 0052 00000000 		.4byte	.LASF6
ARM GAS  C:\Users\Tymek\AppData\Local\Temp\ccmoC6uO.s 			page 5


 150 0056 02       		.uleb128 0x2
 151 0057 08       		.byte	0x8
 152 0058 07       		.byte	0x7
 153 0059 C9000000 		.4byte	.LASF7
 154 005d 03       		.uleb128 0x3
 155 005e 04       		.byte	0x4
 156 005f 05       		.byte	0x5
 157 0060 696E7400 		.ascii	"int\000"
 158 0064 02       		.uleb128 0x2
 159 0065 04       		.byte	0x4
 160 0066 07       		.byte	0x7
 161 0067 0E000000 		.4byte	.LASF8
 162 006b 02       		.uleb128 0x2
 163 006c 04       		.byte	0x4
 164 006d 04       		.byte	0x4
 165 006e E4010000 		.4byte	.LASF9
 166 0072 02       		.uleb128 0x2
 167 0073 08       		.byte	0x8
 168 0074 04       		.byte	0x4
 169 0075 97010000 		.4byte	.LASF10
 170 0079 02       		.uleb128 0x2
 171 007a 01       		.byte	0x1
 172 007b 08       		.byte	0x8
 173 007c 7C010000 		.4byte	.LASF11
 174 0080 02       		.uleb128 0x2
 175 0081 08       		.byte	0x8
 176 0082 04       		.byte	0x4
 177 0083 D8010000 		.4byte	.LASF12
 178 0087 02       		.uleb128 0x2
 179 0088 04       		.byte	0x4
 180 0089 07       		.byte	0x7
 181 008a EA010000 		.4byte	.LASF13
 182 008e 04       		.uleb128 0x4
 183 008f 22000000 		.4byte	.LASF21
 184 0093 01       		.byte	0x1
 185 0094 35       		.byte	0x35
 186 0095 5D000000 		.4byte	0x5d
 187 0099 00000000 		.4byte	.LFB36
 188 009d 58000000 		.4byte	.LFE36-.LFB36
 189 00a1 01       		.uleb128 0x1
 190 00a2 9C       		.byte	0x9c
 191 00a3 7F010000 		.4byte	0x17f
 192 00a7 05       		.uleb128 0x5
 193 00a8 08000000 		.4byte	.LVL0
 194 00ac 7F010000 		.4byte	0x17f
 195 00b0 BA000000 		.4byte	0xba
 196 00b4 06       		.uleb128 0x6
 197 00b5 01       		.uleb128 0x1
 198 00b6 50       		.byte	0x50
 199 00b7 01       		.uleb128 0x1
 200 00b8 31       		.byte	0x31
 201 00b9 00       		.byte	0
 202 00ba 05       		.uleb128 0x5
 203 00bb 0E000000 		.4byte	.LVL1
 204 00bf 7F010000 		.4byte	0x17f
 205 00c3 CD000000 		.4byte	0xcd
 206 00c7 06       		.uleb128 0x6
ARM GAS  C:\Users\Tymek\AppData\Local\Temp\ccmoC6uO.s 			page 6


 207 00c8 01       		.uleb128 0x1
 208 00c9 50       		.byte	0x50
 209 00ca 01       		.uleb128 0x1
 210 00cb 30       		.byte	0x30
 211 00cc 00       		.byte	0
 212 00cd 05       		.uleb128 0x5
 213 00ce 14000000 		.4byte	.LVL2
 214 00d2 8A010000 		.4byte	0x18a
 215 00d6 E0000000 		.4byte	0xe0
 216 00da 06       		.uleb128 0x6
 217 00db 01       		.uleb128 0x1
 218 00dc 50       		.byte	0x50
 219 00dd 01       		.uleb128 0x1
 220 00de 3C       		.byte	0x3c
 221 00df 00       		.byte	0
 222 00e0 05       		.uleb128 0x5
 223 00e1 1C000000 		.4byte	.LVL3
 224 00e5 95010000 		.4byte	0x195
 225 00e9 F4000000 		.4byte	0xf4
 226 00ed 06       		.uleb128 0x6
 227 00ee 01       		.uleb128 0x1
 228 00ef 50       		.byte	0x50
 229 00f0 02       		.uleb128 0x2
 230 00f1 74       		.byte	0x74
 231 00f2 00       		.sleb128 0
 232 00f3 00       		.byte	0
 233 00f4 05       		.uleb128 0x5
 234 00f5 22000000 		.4byte	.LVL4
 235 00f9 95010000 		.4byte	0x195
 236 00fd 08010000 		.4byte	0x108
 237 0101 06       		.uleb128 0x6
 238 0102 01       		.uleb128 0x1
 239 0103 50       		.byte	0x50
 240 0104 02       		.uleb128 0x2
 241 0105 74       		.byte	0x74
 242 0106 00       		.sleb128 0
 243 0107 00       		.byte	0
 244 0108 05       		.uleb128 0x5
 245 0109 28000000 		.4byte	.LVL5
 246 010d 95010000 		.4byte	0x195
 247 0111 1F010000 		.4byte	0x11f
 248 0115 06       		.uleb128 0x6
 249 0116 01       		.uleb128 0x1
 250 0117 50       		.byte	0x50
 251 0118 05       		.uleb128 0x5
 252 0119 03       		.byte	0x3
 253 011a 03000000 		.4byte	.LC2
 254 011e 00       		.byte	0
 255 011f 05       		.uleb128 0x5
 256 0120 2E000000 		.4byte	.LVL6
 257 0124 95010000 		.4byte	0x195
 258 0128 36010000 		.4byte	0x136
 259 012c 06       		.uleb128 0x6
 260 012d 01       		.uleb128 0x1
 261 012e 50       		.byte	0x50
 262 012f 05       		.uleb128 0x5
 263 0130 03       		.byte	0x3
ARM GAS  C:\Users\Tymek\AppData\Local\Temp\ccmoC6uO.s 			page 7


 264 0131 2D000000 		.4byte	.LC4
 265 0135 00       		.byte	0
 266 0136 05       		.uleb128 0x5
 267 0137 34000000 		.4byte	.LVL7
 268 013b 95010000 		.4byte	0x195
 269 013f 4D010000 		.4byte	0x14d
 270 0143 06       		.uleb128 0x6
 271 0144 01       		.uleb128 0x1
 272 0145 50       		.byte	0x50
 273 0146 05       		.uleb128 0x5
 274 0147 03       		.byte	0x3
 275 0148 3F000000 		.4byte	.LC6
 276 014c 00       		.byte	0
 277 014d 05       		.uleb128 0x5
 278 014e 3A000000 		.4byte	.LVL8
 279 0152 95010000 		.4byte	0x195
 280 0156 61010000 		.4byte	0x161
 281 015a 06       		.uleb128 0x6
 282 015b 01       		.uleb128 0x1
 283 015c 50       		.byte	0x50
 284 015d 02       		.uleb128 0x2
 285 015e 74       		.byte	0x74
 286 015f 00       		.sleb128 0
 287 0160 00       		.byte	0
 288 0161 05       		.uleb128 0x5
 289 0162 40000000 		.4byte	.LVL9
 290 0166 95010000 		.4byte	0x195
 291 016a 75010000 		.4byte	0x175
 292 016e 06       		.uleb128 0x6
 293 016f 01       		.uleb128 0x1
 294 0170 50       		.byte	0x50
 295 0171 02       		.uleb128 0x2
 296 0172 74       		.byte	0x74
 297 0173 00       		.sleb128 0
 298 0174 00       		.byte	0
 299 0175 07       		.uleb128 0x7
 300 0176 44000000 		.4byte	.LVL10
 301 017a A0010000 		.4byte	0x1a0
 302 017e 00       		.byte	0
 303 017f 08       		.uleb128 0x8
 304 0180 CC010000 		.4byte	.LASF14
 305 0184 CC010000 		.4byte	.LASF14
 306 0188 02       		.byte	0x2
 307 0189 33       		.byte	0x33
 308 018a 08       		.uleb128 0x8
 309 018b 8A010000 		.4byte	.LASF15
 310 018f 8A010000 		.4byte	.LASF15
 311 0193 03       		.byte	0x3
 312 0194 25       		.byte	0x25
 313 0195 08       		.uleb128 0x8
 314 0196 9E010000 		.4byte	.LASF16
 315 019a 9E010000 		.4byte	.LASF16
 316 019e 03       		.byte	0x3
 317 019f 26       		.byte	0x26
 318 01a0 08       		.uleb128 0x8
 319 01a1 9E000000 		.4byte	.LASF17
 320 01a5 9E000000 		.4byte	.LASF17
ARM GAS  C:\Users\Tymek\AppData\Local\Temp\ccmoC6uO.s 			page 8


 321 01a9 04       		.byte	0x4
 322 01aa E6       		.byte	0xe6
 323 01ab 00       		.byte	0
 324              		.section	.debug_abbrev,"",%progbits
 325              	.Ldebug_abbrev0:
 326 0000 01       		.uleb128 0x1
 327 0001 11       		.uleb128 0x11
 328 0002 01       		.byte	0x1
 329 0003 25       		.uleb128 0x25
 330 0004 0E       		.uleb128 0xe
 331 0005 13       		.uleb128 0x13
 332 0006 0B       		.uleb128 0xb
 333 0007 03       		.uleb128 0x3
 334 0008 0E       		.uleb128 0xe
 335 0009 1B       		.uleb128 0x1b
 336 000a 0E       		.uleb128 0xe
 337 000b 55       		.uleb128 0x55
 338 000c 17       		.uleb128 0x17
 339 000d 11       		.uleb128 0x11
 340 000e 01       		.uleb128 0x1
 341 000f 10       		.uleb128 0x10
 342 0010 17       		.uleb128 0x17
 343 0011 00       		.byte	0
 344 0012 00       		.byte	0
 345 0013 02       		.uleb128 0x2
 346 0014 24       		.uleb128 0x24
 347 0015 00       		.byte	0
 348 0016 0B       		.uleb128 0xb
 349 0017 0B       		.uleb128 0xb
 350 0018 3E       		.uleb128 0x3e
 351 0019 0B       		.uleb128 0xb
 352 001a 03       		.uleb128 0x3
 353 001b 0E       		.uleb128 0xe
 354 001c 00       		.byte	0
 355 001d 00       		.byte	0
 356 001e 03       		.uleb128 0x3
 357 001f 24       		.uleb128 0x24
 358 0020 00       		.byte	0
 359 0021 0B       		.uleb128 0xb
 360 0022 0B       		.uleb128 0xb
 361 0023 3E       		.uleb128 0x3e
 362 0024 0B       		.uleb128 0xb
 363 0025 03       		.uleb128 0x3
 364 0026 08       		.uleb128 0x8
 365 0027 00       		.byte	0
 366 0028 00       		.byte	0
 367 0029 04       		.uleb128 0x4
 368 002a 2E       		.uleb128 0x2e
 369 002b 01       		.byte	0x1
 370 002c 3F       		.uleb128 0x3f
 371 002d 19       		.uleb128 0x19
 372 002e 03       		.uleb128 0x3
 373 002f 0E       		.uleb128 0xe
 374 0030 3A       		.uleb128 0x3a
 375 0031 0B       		.uleb128 0xb
 376 0032 3B       		.uleb128 0x3b
 377 0033 0B       		.uleb128 0xb
ARM GAS  C:\Users\Tymek\AppData\Local\Temp\ccmoC6uO.s 			page 9


 378 0034 49       		.uleb128 0x49
 379 0035 13       		.uleb128 0x13
 380 0036 8701     		.uleb128 0x87
 381 0038 19       		.uleb128 0x19
 382 0039 11       		.uleb128 0x11
 383 003a 01       		.uleb128 0x1
 384 003b 12       		.uleb128 0x12
 385 003c 06       		.uleb128 0x6
 386 003d 40       		.uleb128 0x40
 387 003e 18       		.uleb128 0x18
 388 003f 9742     		.uleb128 0x2117
 389 0041 19       		.uleb128 0x19
 390 0042 01       		.uleb128 0x1
 391 0043 13       		.uleb128 0x13
 392 0044 00       		.byte	0
 393 0045 00       		.byte	0
 394 0046 05       		.uleb128 0x5
 395 0047 898201   		.uleb128 0x4109
 396 004a 01       		.byte	0x1
 397 004b 11       		.uleb128 0x11
 398 004c 01       		.uleb128 0x1
 399 004d 31       		.uleb128 0x31
 400 004e 13       		.uleb128 0x13
 401 004f 01       		.uleb128 0x1
 402 0050 13       		.uleb128 0x13
 403 0051 00       		.byte	0
 404 0052 00       		.byte	0
 405 0053 06       		.uleb128 0x6
 406 0054 8A8201   		.uleb128 0x410a
 407 0057 00       		.byte	0
 408 0058 02       		.uleb128 0x2
 409 0059 18       		.uleb128 0x18
 410 005a 9142     		.uleb128 0x2111
 411 005c 18       		.uleb128 0x18
 412 005d 00       		.byte	0
 413 005e 00       		.byte	0
 414 005f 07       		.uleb128 0x7
 415 0060 898201   		.uleb128 0x4109
 416 0063 00       		.byte	0
 417 0064 11       		.uleb128 0x11
 418 0065 01       		.uleb128 0x1
 419 0066 31       		.uleb128 0x31
 420 0067 13       		.uleb128 0x13
 421 0068 00       		.byte	0
 422 0069 00       		.byte	0
 423 006a 08       		.uleb128 0x8
 424 006b 2E       		.uleb128 0x2e
 425 006c 00       		.byte	0
 426 006d 3F       		.uleb128 0x3f
 427 006e 19       		.uleb128 0x19
 428 006f 3C       		.uleb128 0x3c
 429 0070 19       		.uleb128 0x19
 430 0071 6E       		.uleb128 0x6e
 431 0072 0E       		.uleb128 0xe
 432 0073 03       		.uleb128 0x3
 433 0074 0E       		.uleb128 0xe
 434 0075 3A       		.uleb128 0x3a
ARM GAS  C:\Users\Tymek\AppData\Local\Temp\ccmoC6uO.s 			page 10


 435 0076 0B       		.uleb128 0xb
 436 0077 3B       		.uleb128 0x3b
 437 0078 0B       		.uleb128 0xb
 438 0079 00       		.byte	0
 439 007a 00       		.byte	0
 440 007b 00       		.byte	0
 441              		.section	.debug_aranges,"",%progbits
 442 0000 1C000000 		.4byte	0x1c
 443 0004 0200     		.2byte	0x2
 444 0006 00000000 		.4byte	.Ldebug_info0
 445 000a 04       		.byte	0x4
 446 000b 00       		.byte	0
 447 000c 0000     		.2byte	0
 448 000e 0000     		.2byte	0
 449 0010 00000000 		.4byte	.LFB36
 450 0014 58000000 		.4byte	.LFE36-.LFB36
 451 0018 00000000 		.4byte	0
 452 001c 00000000 		.4byte	0
 453              		.section	.debug_ranges,"",%progbits
 454              	.Ldebug_ranges0:
 455 0000 00000000 		.4byte	.LFB36
 456 0004 58000000 		.4byte	.LFE36
 457 0008 00000000 		.4byte	0
 458 000c 00000000 		.4byte	0
 459              		.section	.debug_line,"",%progbits
 460              	.Ldebug_line0:
 461 0000 77000000 		.section	.debug_str,"MS",%progbits,1
 461      02005700 
 461      00000201 
 461      FB0E0D00 
 461      01010101 
 462              	.LASF6:
 463 0000 6C6F6E67 		.ascii	"long long int\000"
 463      206C6F6E 
 463      6720696E 
 463      7400
 464              	.LASF8:
 465 000e 756E7369 		.ascii	"unsigned int\000"
 465      676E6564 
 465      20696E74 
 465      00
 466              	.LASF19:
 467 001b 6D61696E 		.ascii	"main.c\000"
 467      2E6300
 468              	.LASF21:
 469 0022 6D61696E 		.ascii	"main\000"
 469      00
 470              	.LASF20:
 471 0027 433A5C55 		.ascii	"C:\\Users\\Tymek\\Documents\\EE\\Programming\\PSoC\\"
 471      73657273 
 471      5C54796D 
 471      656B5C44 
 471      6F63756D 
 472 0054 4359424C 		.ascii	"CYBLE-224110-00_Clock_OTA\\BLE_OTA_UpgradableStackE"
 472      452D3232 
 472      34313130 
 472      2D30305F 
ARM GAS  C:\Users\Tymek\AppData\Local\Temp\ccmoC6uO.s 			page 11


 472      436C6F63 
 473 0086 78616D70 		.ascii	"xample_Launcher01.cydsn\000"
 473      6C655F4C 
 473      61756E63 
 473      68657230 
 473      312E6379 
 474              	.LASF17:
 475 009e 4C61756E 		.ascii	"Launcher_Start\000"
 475      63686572 
 475      5F537461 
 475      727400
 476              	.LASF5:
 477 00ad 6C6F6E67 		.ascii	"long unsigned int\000"
 477      20756E73 
 477      69676E65 
 477      6420696E 
 477      7400
 478              	.LASF2:
 479 00bf 73686F72 		.ascii	"short int\000"
 479      7420696E 
 479      7400
 480              	.LASF7:
 481 00c9 6C6F6E67 		.ascii	"long long unsigned int\000"
 481      206C6F6E 
 481      6720756E 
 481      7369676E 
 481      65642069 
 482              	.LASF18:
 483 00e0 474E5520 		.ascii	"GNU C11 5.4.1 20160609 (release) [ARM/embedded-5-br"
 483      43313120 
 483      352E342E 
 483      31203230 
 483      31363036 
 484 0113 616E6368 		.ascii	"anch revision 237715] -mcpu=cortex-m0 -mthumb -g -O"
 484      20726576 
 484      6973696F 
 484      6E203233 
 484      37373135 
 485 0146 73202D66 		.ascii	"s -ffunction-sections -ffat-lto-objects\000"
 485      66756E63 
 485      74696F6E 
 485      2D736563 
 485      74696F6E 
 486              	.LASF1:
 487 016e 756E7369 		.ascii	"unsigned char\000"
 487      676E6564 
 487      20636861 
 487      7200
 488              	.LASF11:
 489 017c 63686172 		.ascii	"char\000"
 489      00
 490              	.LASF4:
 491 0181 6C6F6E67 		.ascii	"long int\000"
 491      20696E74 
 491      00
 492              	.LASF15:
 493 018a 55415254 		.ascii	"UART_PutChar\000"
ARM GAS  C:\Users\Tymek\AppData\Local\Temp\ccmoC6uO.s 			page 12


 493      5F507574 
 493      43686172 
 493      00
 494              	.LASF10:
 495 0197 646F7562 		.ascii	"double\000"
 495      6C6500
 496              	.LASF16:
 497 019e 55415254 		.ascii	"UART_PutString\000"
 497      5F507574 
 497      53747269 
 497      6E6700
 498              	.LASF3:
 499 01ad 73686F72 		.ascii	"short unsigned int\000"
 499      7420756E 
 499      7369676E 
 499      65642069 
 499      6E7400
 500              	.LASF0:
 501 01c0 7369676E 		.ascii	"signed char\000"
 501      65642063 
 501      68617200 
 502              	.LASF14:
 503 01cc 4C5F4C45 		.ascii	"L_LED_Write\000"
 503      445F5772 
 503      69746500 
 504              	.LASF12:
 505 01d8 6C6F6E67 		.ascii	"long double\000"
 505      20646F75 
 505      626C6500 
 506              	.LASF9:
 507 01e4 666C6F61 		.ascii	"float\000"
 507      7400
 508              	.LASF13:
 509 01ea 73697A65 		.ascii	"sizetype\000"
 509      74797065 
 509      00
 510              		.ident	"GCC: (GNU Tools for ARM Embedded Processors) 5.4.1 20160609 (release) [ARM/embedded-5-bran
