#***************************************************************************

#sjplacer

#Version:            1.1

#Build Date:         Jul 19 2017 14:31:00

#File Generated:     Jul 31 2019 22:51:07

#Purpose:            

#Copyright (C) 2010-2011 by Softjin Technologies Pvt Ltd. All rights reserved.

#***************************************************************************

Executing : D:\Apps\Cypress PSoc Creator\PSoC Creator\4.1\PSoC Creator\bin/sjplacer.exe --proj-name BLE_OTA_UpgradableStackExample_Stack01 --netlist-vh2 BLE_OTA_UpgradableStackExample_Stack01_p.vh2 --arch p4_udb2x2 --arch-file D:\Apps\Cypress PSoc Creator\PSoC Creator\4.1\PSoC Creator\dev\arch/udbdsi_2x2_04.cydata --ip-file D:\Apps\Cypress PSoc Creator\PSoC Creator\4.1\PSoC Creator\dev\psoc4/3/256k/ip_blocks.cydata --rrg-file D:\Apps\Cypress PSoc Creator\PSoC Creator\4.1\PSoC Creator\dev\psoc4/3/256k/route_arch-rrg.cydata --irq-file D:\Apps\Cypress PSoc Creator\PSoC Creator\4.1\PSoC Creator\dev\psoc4/3/irqconn.cydata --dsi-conn-file D:\Apps\Cypress PSoc Creator\PSoC Creator\4.1\PSoC Creator\dev\psoc4/3/dsiconn.cydata --pins-file pins_32-SMT.xml --lib-file BLE_OTA_UpgradableStackExample_Stack01_p.lib --sdc-file BLE_OTA_UpgradableStackExample_Stack01.sdc --io-pcf BLE_OTA_UpgradableStackExample_Stack01.pci --outdir .

		Softjin Techologies Placer, Version 1.1

Build Date : Jul 19 2017	14:29:55

D2004: Option and Settings Summary
=============================================================
Netlist vh2 file          - BLE_OTA_UpgradableStackExample_Stack01_p.vh2
Architecture file         - D:\Apps\Cypress PSoc Creator\PSoC Creator\4.1\PSoC Creator\dev\arch/udbdsi_2x2_04.cydata
Package                   - 
Defparam file             - 
SDC file                  - BLE_OTA_UpgradableStackExample_Stack01.sdc
Output directory          - .
Timing library            - BLE_OTA_UpgradableStackExample_Stack01_p.lib
IO Placement file         - BLE_OTA_UpgradableStackExample_Stack01.pci

D2050: Starting reading inputs for placer
=============================================================
D2065: Reading netlist file : "BLE_OTA_UpgradableStackExample_Stack01_p.vh2"
D2065: Reading arch file : "D:\Apps\Cypress PSoc Creator\PSoC Creator\4.1\PSoC Creator\dev\arch/udbdsi_2x2_04.cydata"
D2051: Reading of inputs for placer completed successfully

D2053: Starting placement of the design
=============================================================

Phase 2
Phase 3
I2659: No Constrained paths were found. The placer will run in non-timing driven mode.

Design Statistics after Packing
    Number of Combinational MCs 	:	0
    Number of Sequential MCs    	:	0
    Number of DPs               	:	0
    Number of Controls          	:	0
    Number of Status            	:	0
    Number of SyncCells         	:	0
    Number of count7cells       	:	0

Device Utilization Summary after Packing
    Macrocells                  :	0/32
    UDBS                        :	0/4
    IOs                         :	5/36


D2088: Phase 3, elapsed time : 0.0 (sec)

Phase 4
D2088: Phase 4, elapsed time : 0.0 (sec)

Phase 8
D2088: Phase 8, elapsed time : 0.0 (sec)

D2054: Placement of the design completed successfully

I2076: Total run-time: 0.4 sec.

