--------------- Build Started: 08/10/2019 17:14:05 Project: CYBLE-224110-00 Clock firmware, Configuration: ARM GCC 5.4-2016-q2-update Debug ---------------
The code generation step is up to date.
arm-none-eabi-gcc.exe -mcpu=cortex-m0 -mthumb -I. -IGenerated_Source\PSoC4 -Wa,-alh=.\CortexM0\ARM_GCC_541\Debug/main.lst -g -D DEBUG -D CY_CORE_ID=0 -Wall -ffunction-sections -ffat-lto-objects -Og -c main.c -o .\CortexM0\ARM_GCC_541\Debug\main.o
main.c: In function 'bleEventHandler':
main.c:176:17: warning: implicit declaration of function 'Bootloadable_SetActiveApplication' [-Wimplicit-function-declaration]
                 Bootloadable_SetActiveApplication(0);
                 ^
main.c: In function 'main':
main.c:404:9: warning: implicit declaration of function 'InitializeBootloaderSRAM' [-Wimplicit-function-declaration]
         InitializeBootloaderSRAM();
         ^
main.c:406:5: warning: implicit declaration of function 'AfterImageUpdate' [-Wimplicit-function-declaration]
     AfterImageUpdate();
     ^
arm-none-eabi-ar.exe -rs ".\CortexM0\ARM_GCC_541\Debug\CYBLE-224110-00 Clock firmware.a" .\CortexM0\ARM_GCC_541\Debug\CyFlash.o .\CortexM0\ARM_GCC_541\Debug\CyLib.o .\CortexM0\ARM_GCC_541\Debug\cyPm.o .\CortexM0\ARM_GCC_541\Debug\cyutils.o .\CortexM0\ARM_GCC_541\Debug\CyLFClk.o .\CortexM0\ARM_GCC_541\Debug\I2C.o .\CortexM0\ARM_GCC_541\Debug\I2C_I2C_INT.o .\CortexM0\ARM_GCC_541\Debug\I2C_I2C.o .\CortexM0\ARM_GCC_541\Debug\I2C_I2C_BOOT.o .\CortexM0\ARM_GCC_541\Debug\I2C_I2C_MASTER.o .\CortexM0\ARM_GCC_541\Debug\I2C_PM.o .\CortexM0\ARM_GCC_541\Debug\I2C_BOOT.o .\CortexM0\ARM_GCC_541\Debug\UART.o .\CortexM0\ARM_GCC_541\Debug\UART_PM.o .\CortexM0\ARM_GCC_541\Debug\UART_BOOT.o .\CortexM0\ARM_GCC_541\Debug\UART_SPI_UART.o .\CortexM0\ARM_GCC_541\Debug\UART_SPI_UART_INT.o .\CortexM0\ARM_GCC_541\Debug\UART_UART.o .\CortexM0\ARM_GCC_541\Debug\UART_UART_BOOT.o .\CortexM0\ARM_GCC_541\Debug\BLE.o .\CortexM0\ARM_GCC_541\Debug\BLE_gatt.o .\CortexM0\ARM_GCC_541\Debug\BLE_eventHandler.o .\CortexM0\ARM_GCC_541\Debug\BLE_HAL_INT.o .\CortexM0\ARM_GCC_541\Debug\BLE_HAL_PVT.o .\CortexM0\ARM_GCC_541\Debug\BLE_custom.o .\CortexM0\ARM_GCC_541\Debug\ADC.o .\CortexM0\ARM_GCC_541\Debug\ADC_PM.o .\CortexM0\ARM_GCC_541\Debug\ADC_INT.o .\CortexM0\ARM_GCC_541\Debug\ldrPin.o .\CortexM0\ARM_GCC_541\Debug\ldrPin_PM.o .\CortexM0\ARM_GCC_541\Debug\pirPin.o .\CortexM0\ARM_GCC_541\Debug\pirPin_PM.o .\CortexM0\ARM_GCC_541\Debug\sqwPin.o .\CortexM0\ARM_GCC_541\Debug\sqwPin_PM.o .\CortexM0\ARM_GCC_541\Debug\sqwPin_isr.o .\CortexM0\ARM_GCC_541\Debug\stripHourPin.o .\CortexM0\ARM_GCC_541\Debug\stripHourPin_PM.o .\CortexM0\ARM_GCC_541\Debug\stripMinutePin.o .\CortexM0\ARM_GCC_541\Debug\stripMinutePin_PM.o .\CortexM0\ARM_GCC_541\Debug\ledStrip.o .\CortexM0\ARM_GCC_541\Debug\ledStrip_fonts.o .\CortexM0\ARM_GCC_541\Debug\I2C_SCBCLK.o .\CortexM0\ARM_GCC_541\Debug\I2C_sda.o .\CortexM0\ARM_GCC_541\Debug\I2C_sda_PM.o .\CortexM0\ARM_GCC_541\Debug\I2C_scl.o .\CortexM0\ARM_GCC_541\Debug\I2C_scl_PM.o .\CortexM0\ARM_GCC_541\Debug\I2C_SCB_IRQ.o .\CortexM0\ARM_GCC_541\Debug\BLE_bless_isr.o .\CortexM0\ARM_GCC_541\Debug\ADC_IRQ.o .\CortexM0\ARM_GCC_541\Debug\ADC_intClock.o .\CortexM0\ARM_GCC_541\Debug\ledStrip_cisr.o .\CortexM0\ARM_GCC_541\Debug\ledStrip_fisr.o .\CortexM0\ARM_GCC_541\Debug\ledStrip_StringSel.o .\CortexM0\ARM_GCC_541\Debug\ledStrip_StringSel_PM.o .\CortexM0\ARM_GCC_541\Debug\UART_SCBCLK.o .\CortexM0\ARM_GCC_541\Debug\UART_tx.o .\CortexM0\ARM_GCC_541\Debug\UART_tx_PM.o .\CortexM0\ARM_GCC_541\Debug\CPS.o .\CortexM0\ARM_GCC_541\Debug\CPS_PM.o .\CortexM0\ARM_GCC_541\Debug\CSD.o .\CortexM0\ARM_GCC_541\Debug\CSD_PM.o .\CortexM0\ARM_GCC_541\Debug\Bootloadable.o .\CortexM0\ARM_GCC_541\Debug\CyBootAsmGnu.o
arm-none-eabi-ar.exe: creating .\CortexM0\ARM_GCC_541\Debug\CYBLE-224110-00 Clock firmware.a
arm-none-eabi-gcc.exe -Wl,--start-group -o "C:\Users\Tymek\Documents\EE\Clock\CYBLE-224110-00_clock_firmware\CYBLE-224110-00_Clock\CYBLE-224110-00 Clock firmware.cydsn\CortexM0\ARM_GCC_541\Debug\CYBLE-224110-00 Clock firmware.elf" .\CortexM0\ARM_GCC_541\Debug\main.o .\CortexM0\ARM_GCC_541\Debug\ota_mandatory.o .\CortexM0\ARM_GCC_541\Debug\debug.o .\CortexM0\ARM_GCC_541\Debug\cyfitter_cfg.o .\CortexM0\ARM_GCC_541\Debug\cymetadata.o .\CortexM0\ARM_GCC_541\Debug\Cm0Start.o .\CortexM0\ARM_GCC_541\Debug\cybootloader.o ".\CortexM0\ARM_GCC_541\Debug\CYBLE-224110-00 Clock firmware.a" "D:\Apps\Cypress PSoc Creator\PSoC Creator\4.1\PSoC Creator\psoc\content\cycomponentlibrary\CyComponentLibrary.cylib\CortexM0\ARM_GCC_541\Debug\CyComponentLibrary.a" -mcpu=cortex-m0 -mthumb -L Generated_Source\PSoC4 "-Wl,-Map,.\CortexM0\ARM_GCC_541\Debug/CYBLE-224110-00 Clock firmware.map" -T .\cm0gcc.ld -specs=nano.specs -Wl,--gc-sections -g -ffunction-sections -Og -ffat-lto-objects -Wl,--end-group
cyelftool.exe -B "C:\Users\Tymek\Documents\EE\Clock\CYBLE-224110-00_clock_firmware\CYBLE-224110-00_Clock\CYBLE-224110-00 Clock firmware.cydsn\CortexM0\ARM_GCC_541\Debug\CYBLE-224110-00 Clock firmware.elf" --flash_row_size 256 --flash_size 262144 --flash_offset 0x00000000 --flash_array_size 131072
cyelftool.exe -S "C:\Users\Tymek\Documents\EE\Clock\CYBLE-224110-00_clock_firmware\CYBLE-224110-00_Clock\CYBLE-224110-00 Clock firmware.cydsn\CortexM0\ARM_GCC_541\Debug\CYBLE-224110-00 Clock firmware.elf"
Flash used: 143675 of 262144 bytes (54.8%). Bootloader: 130304 bytes. Application: 13115 bytes. Metadata: 256 bytes.
SRAM used: 13692 of 32768 bytes (41.8%). Stack: 2048 bytes. Heap: 1024 bytes.
--------------- Build Succeeded: 08/10/2019 17:14:10 ---------------
