--------------- Clean Started: 07/29/2019 14:15:54 Project: CYBLE-224110-00 Clock firmware, Configuration: ARM GCC 5.4-2016-q2-update Debug ---------------
Deleting file ".\CortexM0\ARM_GCC_541\Debug\main.o"
Deleting file ".\CortexM0\ARM_GCC_541\Debug\cyfitter_cfg.o"
Deleting file ".\CortexM0\ARM_GCC_541\Debug\cymetadata.o"
Deleting file ".\CortexM0\ARM_GCC_541\Debug\Cm0Start.o"
Deleting file ".\CortexM0\ARM_GCC_541\Debug\CyFlash.o"
Deleting file ".\CortexM0\ARM_GCC_541\Debug\CyLib.o"
Deleting file ".\CortexM0\ARM_GCC_541\Debug\cyPm.o"
Deleting file ".\CortexM0\ARM_GCC_541\Debug\cyutils.o"
Deleting file ".\CortexM0\ARM_GCC_541\Debug\CyBootAsmGnu.o"
Deleting file ".\CortexM0\ARM_GCC_541\Debug\CyLFClk.o"
Deleting file ".\CortexM0\ARM_GCC_541\Debug\I2C.o"
Deleting file ".\CortexM0\ARM_GCC_541\Debug\I2C_I2C_INT.o"
Deleting file ".\CortexM0\ARM_GCC_541\Debug\I2C_I2C.o"
Deleting file ".\CortexM0\ARM_GCC_541\Debug\I2C_I2C_BOOT.o"
Deleting file ".\CortexM0\ARM_GCC_541\Debug\I2C_I2C_MASTER.o"
Deleting file ".\CortexM0\ARM_GCC_541\Debug\I2C_PM.o"
Deleting file ".\CortexM0\ARM_GCC_541\Debug\I2C_BOOT.o"
Deleting file ".\CortexM0\ARM_GCC_541\Debug\UART.o"
Deleting file ".\CortexM0\ARM_GCC_541\Debug\UART_PM.o"
Deleting file ".\CortexM0\ARM_GCC_541\Debug\UART_BOOT.o"
Deleting file ".\CortexM0\ARM_GCC_541\Debug\UART_SPI_UART.o"
Deleting file ".\CortexM0\ARM_GCC_541\Debug\UART_SPI_UART_INT.o"
Deleting file ".\CortexM0\ARM_GCC_541\Debug\UART_UART.o"
Deleting file ".\CortexM0\ARM_GCC_541\Debug\UART_UART_BOOT.o"
Deleting file ".\CortexM0\ARM_GCC_541\Debug\BLE.o"
Deleting file ".\CortexM0\ARM_GCC_541\Debug\BLE_gatt.o"
Deleting file ".\CortexM0\ARM_GCC_541\Debug\BLE_eventHandler.o"
Deleting file ".\CortexM0\ARM_GCC_541\Debug\BLE_HAL_INT.o"
Deleting file ".\CortexM0\ARM_GCC_541\Debug\BLE_HAL_PVT.o"
Deleting file ".\CortexM0\ARM_GCC_541\Debug\BLE_custom.o"
Deleting file ".\CortexM0\ARM_GCC_541\Debug\ADC.o"
Deleting file ".\CortexM0\ARM_GCC_541\Debug\ADC_PM.o"
Deleting file ".\CortexM0\ARM_GCC_541\Debug\ADC_INT.o"
Deleting file ".\CortexM0\ARM_GCC_541\Debug\ldrPin.o"
Deleting file ".\CortexM0\ARM_GCC_541\Debug\ldrPin_PM.o"
Deleting file ".\CortexM0\ARM_GCC_541\Debug\pirPin.o"
Deleting file ".\CortexM0\ARM_GCC_541\Debug\pirPin_PM.o"
Deleting file ".\CortexM0\ARM_GCC_541\Debug\sqwPin.o"
Deleting file ".\CortexM0\ARM_GCC_541\Debug\sqwPin_PM.o"
Deleting file ".\CortexM0\ARM_GCC_541\Debug\sqwPin_isr.o"
Deleting file ".\CortexM0\ARM_GCC_541\Debug\stripHourPin.o"
Deleting file ".\CortexM0\ARM_GCC_541\Debug\stripHourPin_PM.o"
Deleting file ".\CortexM0\ARM_GCC_541\Debug\stripMinutePin.o"
Deleting file ".\CortexM0\ARM_GCC_541\Debug\stripMinutePin_PM.o"
Deleting file ".\CortexM0\ARM_GCC_541\Debug\ledStrip.o"
Deleting file ".\CortexM0\ARM_GCC_541\Debug\ledStrip_fonts.o"
Deleting file ".\CortexM0\ARM_GCC_541\Debug\I2C_SCBCLK.o"
Deleting file ".\CortexM0\ARM_GCC_541\Debug\I2C_sda.o"
Deleting file ".\CortexM0\ARM_GCC_541\Debug\I2C_sda_PM.o"
Deleting file ".\CortexM0\ARM_GCC_541\Debug\I2C_scl.o"
Deleting file ".\CortexM0\ARM_GCC_541\Debug\I2C_scl_PM.o"
Deleting file ".\CortexM0\ARM_GCC_541\Debug\I2C_SCB_IRQ.o"
Deleting file ".\CortexM0\ARM_GCC_541\Debug\BLE_bless_isr.o"
Deleting file ".\CortexM0\ARM_GCC_541\Debug\ADC_IRQ.o"
Deleting file ".\CortexM0\ARM_GCC_541\Debug\ADC_intClock.o"
Deleting file ".\CortexM0\ARM_GCC_541\Debug\ledStrip_cisr.o"
Deleting file ".\CortexM0\ARM_GCC_541\Debug\ledStrip_fisr.o"
Deleting file ".\CortexM0\ARM_GCC_541\Debug\ledStrip_StringSel.o"
Deleting file ".\CortexM0\ARM_GCC_541\Debug\ledStrip_StringSel_PM.o"
Deleting file ".\CortexM0\ARM_GCC_541\Debug\UART_SCBCLK.o"
Deleting file ".\CortexM0\ARM_GCC_541\Debug\UART_tx.o"
Deleting file ".\CortexM0\ARM_GCC_541\Debug\UART_tx_PM.o"
Deleting file ".\CortexM0\ARM_GCC_541\Debug\CPS.o"
Deleting file ".\CortexM0\ARM_GCC_541\Debug\CPS_PM.o"
Deleting file ".\CortexM0\ARM_GCC_541\Debug\CSD.o"
Deleting file ".\CortexM0\ARM_GCC_541\Debug\CSD_PM.o"
Deleting file ".\CortexM0\ARM_GCC_541\Debug\CYBLE-224110-00 Clock firmware.hex"
Deleting file ".\CortexM0\ARM_GCC_541\Debug\CYBLE-224110-00 Clock firmware.elf"
Deleting file ".\CortexM0\ARM_GCC_541\Debug\CYBLE-224110-00 Clock firmware.map"
Deleting file ".\CYBLE-224110-00 Clock firmware.cycdx"
Deleting file ".\CYBLE-224110-00 Clock firmware.svd"
Deleting file ".\CYBLE-224110-00 Clock firmware.rpt"
Deleting file ".\CYBLE-224110-00 Clock firmware_timing.html"
Deleting file ".\CortexM0\ARM_GCC_541\Debug\.deps\SOURCE_C__ARM_GCC_GENERIC.P"
Deleting file ".\CortexM0\ARM_GCC_541\Debug\.deps\SOURCE_ASM__ARM_GCC_GENERIC.P"
--------------- Clean Succeeded: 07/29/2019 14:15:54 ---------------
