--------------- Build Started: 07/31/2019 22:56:33 Project: CYBLE-224110-00 Clock firmware, Configuration: ARM GCC 5.4-2016-q2-update Debug ---------------
cydsfit.exe -.appdatapath "C:\Users\Tymek\AppData\Local\Cypress Semiconductor\PSoC Creator\4.1" -.fdsnotice -.fdswarpdepfile=warp_dependencies.txt -.fdselabdepfile=elab_dependencies.txt -.fdsbldfile=generated_files.txt -.fdsreffile=referenced_files.txt -p "C:\Users\Tymek\Documents\EE\Clock\CYBLE-224110-00_clock_firmware\CYBLE-224110-00_Clock\CYBLE-224110-00 Clock firmware.cydsn\CYBLE-224110-00 Clock firmware.cyprj" -d CYBLE-224110-00 -s "C:\Users\Tymek\Documents\EE\Clock\CYBLE-224110-00_clock_firmware\CYBLE-224110-00_Clock\CYBLE-224110-00 Clock firmware.cydsn\Generated_Source\PSoC4" -- -yv2 -q10 -ygs -o2 -v3 -.fftcfgtype=LE
Elaborating Design...
ADD: sdb.M0033: error: The instance 'B_WS2811', of component B_WS2811_v1_3, contains an error. Unable to locate and customize component 'B_WS2811_v1_3' used in schematic 'C:\Users\Tymek\Documents\EE\Clock\CYBLE-224110-00_clock_firmware\CYBLE-224110-00_Clock\CYBLE-224110-00 Clock firmware.cydsn\StripLights_v2_2\PSoC4\StripLights_v2_2.cysch'.
 *  (Component Update Tool)
 * C:\Users\Tymek\Documents\EE\Clock\CYBLE-224110-00_clock_firmware\CYBLE-224110-00_Clock\CYBLE-224110-00 Clock firmware.cydsn\StripLights_v2_2\PSoC4\StripLights_v2_2.cysch (Instance:B_WS2811)
ADD: sdb.M0025: error: No input on Instance "fisr", terminal "int_signal".
 * C:\Users\Tymek\Documents\EE\Clock\CYBLE-224110-00_clock_firmware\CYBLE-224110-00_Clock\CYBLE-224110-00 Clock firmware.cydsn\StripLights_v2_2\PSoC4\StripLights_v2_2.cysch (Signal: Net_159)
 * C:\Users\Tymek\Documents\EE\Clock\CYBLE-224110-00_clock_firmware\CYBLE-224110-00_Clock\CYBLE-224110-00 Clock firmware.cydsn\StripLights_v2_2\PSoC4\StripLights_v2_2.cysch (Shape_135)
 * C:\Users\Tymek\Documents\EE\Clock\CYBLE-224110-00_clock_firmware\CYBLE-224110-00_Clock\CYBLE-224110-00 Clock firmware.cydsn\StripLights_v2_2\PSoC4\StripLights_v2_2.cysch (Shape_154.1)
ADD: sdb.M0050: error: Terminal "int_signal" requires connection when it is visible.
 * C:\Users\Tymek\Documents\EE\Clock\CYBLE-224110-00_clock_firmware\CYBLE-224110-00_Clock\CYBLE-224110-00 Clock firmware.cydsn\StripLights_v2_2\PSoC4\StripLights_v2_2.cysch (Signal: Net_159)
 * C:\Users\Tymek\Documents\EE\Clock\CYBLE-224110-00_clock_firmware\CYBLE-224110-00_Clock\CYBLE-224110-00 Clock firmware.cydsn\StripLights_v2_2\PSoC4\StripLights_v2_2.cysch (Shape_135)
 * C:\Users\Tymek\Documents\EE\Clock\CYBLE-224110-00_clock_firmware\CYBLE-224110-00_Clock\CYBLE-224110-00 Clock firmware.cydsn\StripLights_v2_2\PSoC4\StripLights_v2_2.cysch (Shape_154.1)
ADD: sdb.M0025: error: No input on Instance "demux_1", terminal "inTerm".
 * C:\Users\Tymek\Documents\EE\Clock\CYBLE-224110-00_clock_firmware\CYBLE-224110-00_Clock\CYBLE-224110-00 Clock firmware.cydsn\StripLights_v2_2\PSoC4\StripLights_v2_2.cysch (Signal: Net_64)
 * C:\Users\Tymek\Documents\EE\Clock\CYBLE-224110-00_clock_firmware\CYBLE-224110-00_Clock\CYBLE-224110-00 Clock firmware.cydsn\StripLights_v2_2\PSoC4\StripLights_v2_2.cysch (Shape_120)
 * C:\Users\Tymek\Documents\EE\Clock\CYBLE-224110-00_clock_firmware\CYBLE-224110-00_Clock\CYBLE-224110-00 Clock firmware.cydsn\StripLights_v2_2\PSoC4\StripLights_v2_2.cysch (Shape_83.20)
ADD: sdb.M0050: error: Terminal "inTerm" requires connection when it is visible.
 * C:\Users\Tymek\Documents\EE\Clock\CYBLE-224110-00_clock_firmware\CYBLE-224110-00_Clock\CYBLE-224110-00 Clock firmware.cydsn\StripLights_v2_2\PSoC4\StripLights_v2_2.cysch (Signal: Net_64)
 * C:\Users\Tymek\Documents\EE\Clock\CYBLE-224110-00_clock_firmware\CYBLE-224110-00_Clock\CYBLE-224110-00 Clock firmware.cydsn\StripLights_v2_2\PSoC4\StripLights_v2_2.cysch (Shape_120)
 * C:\Users\Tymek\Documents\EE\Clock\CYBLE-224110-00_clock_firmware\CYBLE-224110-00_Clock\CYBLE-224110-00 Clock firmware.cydsn\StripLights_v2_2\PSoC4\StripLights_v2_2.cysch (Shape_83.20)
ADD: sdb.M0017: error: No drivers on signal "rdy", bit(s) "0".
 * C:\Users\Tymek\Documents\EE\Clock\CYBLE-224110-00_clock_firmware\CYBLE-224110-00_Clock\CYBLE-224110-00 Clock firmware.cydsn\StripLights_v2_2\PSoC4\StripLights_v2_2.cysch (Signal: rdy)
 * C:\Users\Tymek\Documents\EE\Clock\CYBLE-224110-00_clock_firmware\CYBLE-224110-00_Clock\CYBLE-224110-00 Clock firmware.cydsn\StripLights_v2_2\PSoC4\StripLights_v2_2.cysch (Shape_130)
 * C:\Users\Tymek\Documents\EE\Clock\CYBLE-224110-00_clock_firmware\CYBLE-224110-00_Clock\CYBLE-224110-00 Clock firmware.cydsn\StripLights_v2_2\PSoC4\StripLights_v2_2.cysch (Shape_131.1)
 * C:\Users\Tymek\Documents\EE\Clock\CYBLE-224110-00_clock_firmware\CYBLE-224110-00_Clock\CYBLE-224110-00 Clock firmware.cydsn\StripLights_v2_2\PSoC4\StripLights_v2_2.cysch (Shape_136)
 * C:\Users\Tymek\Documents\EE\Clock\CYBLE-224110-00_clock_firmware\CYBLE-224110-00_Clock\CYBLE-224110-00 Clock firmware.cydsn\StripLights_v2_2\PSoC4\StripLights_v2_2.cysch (Shape_137)
 * C:\Users\Tymek\Documents\EE\Clock\CYBLE-224110-00_clock_firmware\CYBLE-224110-00_Clock\CYBLE-224110-00 Clock firmware.cydsn\StripLights_v2_2\PSoC4\StripLights_v2_2.cysch (Shape_138)
 * C:\Users\Tymek\Documents\EE\Clock\CYBLE-224110-00_clock_firmware\CYBLE-224110-00_Clock\CYBLE-224110-00 Clock firmware.cydsn\StripLights_v2_2\PSoC4\StripLights_v2_2.cysch (Shape_139)
 * C:\Users\Tymek\Documents\EE\Clock\CYBLE-224110-00_clock_firmware\CYBLE-224110-00_Clock\CYBLE-224110-00 Clock firmware.cydsn\StripLights_v2_2\PSoC4\StripLights_v2_2.cysch (Shape_42)
ADD: sdb.M0061: information: Info from component: ADC. The actual sample rate (6944 SPS) differs from the desired sample rate (7000 SPS) due to the clock configuration in the DWR.
 * C:\Users\Tymek\Documents\EE\Clock\CYBLE-224110-00_clock_firmware\CYBLE-224110-00_Clock\CYBLE-224110-00 Clock firmware.cydsn\TopDesign\TopDesign.cysch (Instance:ADC)
Error: fit.M0050: The fitter aborted due to errors, please address all errors and rebuild. (App=cydsfit)
--------------- Build Failed: 07/31/2019 22:56:39 ---------------
