Loading plugins phase: Elapsed time ==> 0s.270ms
<CYPRESSTAG name="CyDsfit arguments...">
cydsfit arguments: -.fdsnotice -.fdswarpdepfile=warp_dependencies.txt -.fdselabdepfile=elab_dependencies.txt -.fdsbldfile=generated_files.txt -.fdsreffile=referenced_files.txt -p C:\Users\Tymek\Documents\EE\Clock\CYBLE-224110-00_clock_firmware\CYBLE-224110-00_Clock\BLE_OTA_UpgradableStackExample_Launcher01.cydsn\BLE_OTA_UpgradableStackExample_Launcher01.cyprj -d CYBLE-224110-00 -s C:\Users\Tymek\Documents\EE\Clock\CYBLE-224110-00_clock_firmware\CYBLE-224110-00_Clock\BLE_OTA_UpgradableStackExample_Launcher01.cydsn\Generated_Source\PSoC4 -- -yv2 -q10 -ygs -o2 -v3 -.fftcfgtype=LE
</CYPRESSTAG>
<CYPRESSTAG name="Design elaboration results...">
</CYPRESSTAG>
Elaboration phase: Elapsed time ==> 0s.988ms
<CYPRESSTAG name="HDL generation results...">
</CYPRESSTAG>
HDL generation phase: Elapsed time ==> 0s.024ms
<CYPRESSTAG name="Synthesis results...">

     | | | | | | |
   _________________
  -|               |-
  -|               |-
  -|               |-
  -|    CYPRESS    |-
  -|               |-
  -|               |-   Warp Verilog Synthesis Compiler: Version 6.3 IR 41
  -|               |-   Copyright (C) 1991-2001 Cypress Semiconductor
   |_______________|
     | | | | | | |

======================================================================
Compiling:  BLE_OTA_UpgradableStackExample_Launcher01.v
Program  :   D:\Apps\Cypress PSoc Creator\PSoC Creator\4.1\PSoC Creator\warp\bin\warp.exe
Options  :    -yv2 -q10 -ygs -o2 -v3 -.fftcfgtype=LE -ya -.fftprj=C:\Users\Tymek\Documents\EE\Clock\CYBLE-224110-00_clock_firmware\CYBLE-224110-00_Clock\BLE_OTA_UpgradableStackExample_Launcher01.cydsn\BLE_OTA_UpgradableStackExample_Launcher01.cyprj -dcpsoc3 BLE_OTA_UpgradableStackExample_Launcher01.v -verilog
======================================================================

======================================================================
Compiling:  BLE_OTA_UpgradableStackExample_Launcher01.v
Program  :   D:\Apps\Cypress PSoc Creator\PSoC Creator\4.1\PSoC Creator\warp\bin\warp.exe
Options  :    -yv2 -q10 -ygs -o2 -v3 -.fftcfgtype=LE -ya -.fftprj=C:\Users\Tymek\Documents\EE\Clock\CYBLE-224110-00_clock_firmware\CYBLE-224110-00_Clock\BLE_OTA_UpgradableStackExample_Launcher01.cydsn\BLE_OTA_UpgradableStackExample_Launcher01.cyprj -dcpsoc3 BLE_OTA_UpgradableStackExample_Launcher01.v -verilog
======================================================================

======================================================================
Compiling:  BLE_OTA_UpgradableStackExample_Launcher01.v
Program  :   vlogfe
Options  :    -yv2 -q10 -ygs -o2 -v3 -.fftcfgtype=LE -ya -.fftprj=C:\Users\Tymek\Documents\EE\Clock\CYBLE-224110-00_clock_firmware\CYBLE-224110-00_Clock\BLE_OTA_UpgradableStackExample_Launcher01.cydsn\BLE_OTA_UpgradableStackExample_Launcher01.cyprj -dcpsoc3 -verilog BLE_OTA_UpgradableStackExample_Launcher01.v
======================================================================

vlogfe V6.3 IR 41:  Verilog parser
Wed Jul 31 22:50:46 2019


======================================================================
Compiling:  BLE_OTA_UpgradableStackExample_Launcher01.v
Program  :   vpp
Options  :    -yv2 -q10 BLE_OTA_UpgradableStackExample_Launcher01.v
======================================================================

vpp V6.3 IR 41:  Verilog Pre-Processor
Wed Jul 31 22:50:46 2019


vpp:  No errors.

Library 'work' => directory 'lcpsoc3'
General_symbol_table
General_symbol_table
Linking 'D:\Apps\Cypress PSoc Creator\PSoC Creator\4.1\PSoC Creator\warp\lib\common\std.vhd'.
Linking 'D:\Apps\Cypress PSoc Creator\PSoC Creator\4.1\PSoC Creator\warp\lib\common\cypress.vhd'.
Linking 'D:\Apps\Cypress PSoc Creator\PSoC Creator\4.1\PSoC Creator\warp\lib\common\work\cypress.vif'.
Linking 'D:\Apps\Cypress PSoc Creator\PSoC Creator\4.1\PSoC Creator\warp\lib\ieee\work\stdlogic.vif'.
Linking 'D:\Apps\Cypress PSoc Creator\PSoC Creator\4.1\PSoC Creator\warp\lib\common\stdlogic\lpmpkg.vif'.
Linking 'D:\Apps\Cypress PSoc Creator\PSoC Creator\4.1\PSoC Creator\warp\lib\common\stdlogic\rtlpkg.vif'.
Linking 'D:\Apps\Cypress PSoc Creator\PSoC Creator\4.1\PSoC Creator\warp\lib\common\stdlogic\mod_cnst.vif'.
Linking 'D:\Apps\Cypress PSoc Creator\PSoC Creator\4.1\PSoC Creator\warp\lib\common\stdlogic\mod_mthv.vif'.
Linking 'D:\Apps\Cypress PSoc Creator\PSoC Creator\4.1\PSoC Creator\warp\lib\common\stdlogic\mod_genv.vif'.
Using control file 'BLE_OTA_UpgradableStackExample_Launcher01.ctl'.

vlogfe:  No errors.


======================================================================
Compiling:  BLE_OTA_UpgradableStackExample_Launcher01.v
Program  :   tovif
Options  :    -yv2 -q10 -ygs -o2 -v3 -.fftcfgtype=LE -ya -.fftprj=C:\Users\Tymek\Documents\EE\Clock\CYBLE-224110-00_clock_firmware\CYBLE-224110-00_Clock\BLE_OTA_UpgradableStackExample_Launcher01.cydsn\BLE_OTA_UpgradableStackExample_Launcher01.cyprj -dcpsoc3 -verilog BLE_OTA_UpgradableStackExample_Launcher01.v
======================================================================

tovif V6.3 IR 41:  High-level synthesis
Wed Jul 31 22:50:46 2019

Linking 'D:\Apps\Cypress PSoc Creator\PSoC Creator\4.1\PSoC Creator\warp\lib\common\std.vhd'.
Linking 'D:\Apps\Cypress PSoc Creator\PSoC Creator\4.1\PSoC Creator\warp\lib\common\cypress.vhd'.
Linking 'D:\Apps\Cypress PSoc Creator\PSoC Creator\4.1\PSoC Creator\warp\lib\common\work\cypress.vif'.
Linking 'D:\Apps\Cypress PSoc Creator\PSoC Creator\4.1\PSoC Creator\warp\lib\ieee\work\stdlogic.vif'.
Linking 'D:\Apps\Cypress PSoc Creator\PSoC Creator\4.1\PSoC Creator\warp\lib\common\stdlogic\lpmpkg.vif'.
Linking 'D:\Apps\Cypress PSoc Creator\PSoC Creator\4.1\PSoC Creator\warp\lib\common\stdlogic\rtlpkg.vif'.
Linking 'D:\Apps\Cypress PSoc Creator\PSoC Creator\4.1\PSoC Creator\warp\lib\common\stdlogic\mod_cnst.vif'.
Linking 'D:\Apps\Cypress PSoc Creator\PSoC Creator\4.1\PSoC Creator\warp\lib\common\stdlogic\mod_mthv.vif'.
Linking 'D:\Apps\Cypress PSoc Creator\PSoC Creator\4.1\PSoC Creator\warp\lib\common\stdlogic\mod_genv.vif'.
Linking 'C:\Users\Tymek\Documents\EE\Clock\CYBLE-224110-00_clock_firmware\CYBLE-224110-00_Clock\BLE_OTA_UpgradableStackExample_Launcher01.cydsn\codegentemp\BLE_OTA_UpgradableStackExample_Launcher01.ctl'.
Linking 'C:\Users\Tymek\Documents\EE\Clock\CYBLE-224110-00_clock_firmware\CYBLE-224110-00_Clock\BLE_OTA_UpgradableStackExample_Launcher01.cydsn\codegentemp\BLE_OTA_UpgradableStackExample_Launcher01.v'.

tovif:  No errors.


======================================================================
Compiling:  BLE_OTA_UpgradableStackExample_Launcher01.v
Program  :   topld
Options  :    -yv2 -q10 -ygs -o2 -v3 -.fftcfgtype=LE -ya -.fftprj=C:\Users\Tymek\Documents\EE\Clock\CYBLE-224110-00_clock_firmware\CYBLE-224110-00_Clock\BLE_OTA_UpgradableStackExample_Launcher01.cydsn\BLE_OTA_UpgradableStackExample_Launcher01.cyprj -dcpsoc3 -verilog BLE_OTA_UpgradableStackExample_Launcher01.v
======================================================================

topld V6.3 IR 41:  Synthesis and optimization
Wed Jul 31 22:50:46 2019

Linking 'D:\Apps\Cypress PSoc Creator\PSoC Creator\4.1\PSoC Creator\warp\lib\common\std.vhd'.
Linking 'D:\Apps\Cypress PSoc Creator\PSoC Creator\4.1\PSoC Creator\warp\lib\common\cypress.vhd'.
Linking 'D:\Apps\Cypress PSoc Creator\PSoC Creator\4.1\PSoC Creator\warp\lib\common\work\cypress.vif'.
Linking 'D:\Apps\Cypress PSoc Creator\PSoC Creator\4.1\PSoC Creator\warp\lib\ieee\work\stdlogic.vif'.
Linking 'D:\Apps\Cypress PSoc Creator\PSoC Creator\4.1\PSoC Creator\warp\lib\common\stdlogic\lpmpkg.vif'.
Linking 'D:\Apps\Cypress PSoc Creator\PSoC Creator\4.1\PSoC Creator\warp\lib\common\stdlogic\rtlpkg.vif'.
Linking 'D:\Apps\Cypress PSoc Creator\PSoC Creator\4.1\PSoC Creator\warp\lib\common\stdlogic\mod_cnst.vif'.
Linking 'D:\Apps\Cypress PSoc Creator\PSoC Creator\4.1\PSoC Creator\warp\lib\common\stdlogic\mod_mthv.vif'.
Linking 'D:\Apps\Cypress PSoc Creator\PSoC Creator\4.1\PSoC Creator\warp\lib\common\stdlogic\mod_genv.vif'.
Linking 'C:\Users\Tymek\Documents\EE\Clock\CYBLE-224110-00_clock_firmware\CYBLE-224110-00_Clock\BLE_OTA_UpgradableStackExample_Launcher01.cydsn\codegentemp\BLE_OTA_UpgradableStackExample_Launcher01.ctl'.
Linking 'C:\Users\Tymek\Documents\EE\Clock\CYBLE-224110-00_clock_firmware\CYBLE-224110-00_Clock\BLE_OTA_UpgradableStackExample_Launcher01.cydsn\codegentemp\BLE_OTA_UpgradableStackExample_Launcher01.v'.
Linking 'D:\Apps\Cypress PSoc Creator\PSoC Creator\4.1\PSoC Creator\warp\lib\lcpsoc3\stdlogic\cpsoc3.vif'.

----------------------------------------------------------
Detecting unused logic.
----------------------------------------------------------



------------------------------------------------------
Alias Detection
------------------------------------------------------
Aliasing one to tmpOE__L_LED_net_0
Aliasing \UART:tmpOE__tx_net_0\ to tmpOE__L_LED_net_0
Removing Lhs of wire one[7] = tmpOE__L_LED_net_0[1]
Removing Lhs of wire \UART:tmpOE__tx_net_0\[10] = tmpOE__L_LED_net_0[1]

------------------------------------------------------
Aliased 0 equations, 2 wires.
------------------------------------------------------

----------------------------------------------------------
Circuit simplification
----------------------------------------------------------

Substituting virtuals - pass 1:


----------------------------------------------------------
Circuit simplification results:

	Expanded 0 signals.
	Turned 0 signals into soft nodes.
	Maximum default expansion cost was set at 3.
----------------------------------------------------------

topld:  No errors.

CYPRESS_DIR    : D:\Apps\Cypress PSoc Creator\PSoC Creator\4.1\PSoC Creator\warp
Warp Program   : D:\Apps\Cypress PSoc Creator\PSoC Creator\4.1\PSoC Creator\warp\bin\warp.exe
Warp Arguments : -yv2 -q10 -ygs -o2 -v3 -.fftcfgtype=LE -ya -.fftprj=C:\Users\Tymek\Documents\EE\Clock\CYBLE-224110-00_clock_firmware\CYBLE-224110-00_Clock\BLE_OTA_UpgradableStackExample_Launcher01.cydsn\BLE_OTA_UpgradableStackExample_Launcher01.cyprj -dcpsoc3 BLE_OTA_UpgradableStackExample_Launcher01.v -verilog
</CYPRESSTAG>
Warp synthesis phase: Elapsed time ==> 0s.571ms
<CYPRESSTAG name="Fitter results...">
<CYPRESSTAG name="Fitter startup details...">
cyp3fit: V4.1.0.3210, Family: PSoC3, Started at: Wednesday, 31 July 2019 22:50:46
Options: -yv2 -q10 -ygs -o2 -v3 -.fftcfgtype=LE -ya -.fftprj=C:\Users\Tymek\Documents\EE\Clock\CYBLE-224110-00_clock_firmware\CYBLE-224110-00_Clock\BLE_OTA_UpgradableStackExample_Launcher01.cydsn\BLE_OTA_UpgradableStackExample_Launcher01.cyprj -d CYBLE-224110-00 BLE_OTA_UpgradableStackExample_Launcher01.v -verilog
</CYPRESSTAG>
<CYPRESSTAG name="Design parsing">
Design parsing phase: Elapsed time ==> 0s.011ms
</CYPRESSTAG>
<CYPRESSTAG name="Tech Mapping">
<CYPRESSTAG name="Initial Mapping" icon="FILE_RPT_TECHM">
<CYPRESSTAG name="Global Clock Selection" icon="FILE_RPT_TECHM">
<CYPRESSTAG name="UDB Clock/Enable Remapping Results">
</CYPRESSTAG>
</CYPRESSTAG>
<CYPRESSTAG name="Duplicate Macrocell detection">
</CYPRESSTAG>
</CYPRESSTAG>
<CYPRESSTAG name="Duplicate Macrocell detection">
</CYPRESSTAG>
<CYPRESSTAG name="Design Equations" icon="FILE_RPT_EQUATION">

------------------------------------------------------------
Design Equations
------------------------------------------------------------
    <CYPRESSTAG name="Pin listing">

    ------------------------------------------------------------
    Pin listing
    ------------------------------------------------------------

    Pin : Name = L_LED(0)
        Attributes:
            In Group/Port: True
            In Sync Option: AUTO
            Out Sync Option: NOSYNC
            Interrupt generated: False
            Interrupt mode: NONE
            Drive mode: CMOS_OUT
            VTrip: EITHER
            Slew: FAST
            Input Sync needed: False
            Output Sync needed: False
            SC shield enabled: False
            POR State: ANY
            LCD Mode: COMMON
            Register Mode: RegComb
            CaSense Mode: NEITHER
            Treat as pin: True
            Is OE Registered: False
            Uses Analog: False
            Can contain Digital: True
            Is SIO: False
            SIO Output Buf: NONREGULATED
            SIO Input Buf: SINGLE_ENDED
            SIO HiFreq: LOW
            SIO Hyst: DISABLED
            SIO Vtrip: MULTIPLIER_0_5
            SIO Multiplier Index: 0
            SIO RefSel: VCC_IO
            Required Capabilities: DIGITAL
            Initial Value: 0
            IO Voltage: 0
        PORT MAP (
            pa_out => L_LED(0)__PA ,
            annotation => Net_202 ,
            pad => L_LED(0)_PAD );
        Properties:
        {
        }

    Pin : Name = \UART:tx(0)\
        Attributes:
            In Group/Port: True
            In Sync Option: AUTO
            Out Sync Option: NOSYNC
            Interrupt generated: False
            Interrupt mode: NONE
            Drive mode: CMOS_OUT
            VTrip: EITHER
            Slew: FAST
            Input Sync needed: False
            Output Sync needed: False
            SC shield enabled: False
            POR State: ANY
            LCD Mode: COMMON
            Register Mode: RegComb
            CaSense Mode: NEITHER
            Treat as pin: True
            Is OE Registered: False
            Uses Analog: False
            Can contain Digital: True
            Is SIO: False
            SIO Output Buf: NONREGULATED
            SIO Input Buf: SINGLE_ENDED
            SIO HiFreq: LOW
            SIO Hyst: DISABLED
            SIO Vtrip: MULTIPLIER_0_5
            SIO Multiplier Index: 0
            SIO RefSel: VCC_IO
            Required Capabilities: DIGITAL
            Initial Value: 1
            IO Voltage: 0
        PORT MAP (
            pa_out => \UART:tx(0)\__PA ,
            pad => \UART:tx(0)_PAD\ );
        Properties:
        {
        }
    </CYPRESSTAG>
    <CYPRESSTAG name="Macrocell listing" icon="FILE_RPT_EQUATION">
    </CYPRESSTAG>
    <CYPRESSTAG name="Datapath listing">
    </CYPRESSTAG>
    <CYPRESSTAG name="Status register listing">
    </CYPRESSTAG>
    <CYPRESSTAG name="StatusI register listing">
    </CYPRESSTAG>
    <CYPRESSTAG name="Sync listing">
    </CYPRESSTAG>
    <CYPRESSTAG name="Control register listing">
    </CYPRESSTAG>
    <CYPRESSTAG name="Count7 listing">
    </CYPRESSTAG>
    <CYPRESSTAG name="DRQ listing">
    </CYPRESSTAG>
    <CYPRESSTAG name="Interrupt listing">
    </CYPRESSTAG>
</CYPRESSTAG>
<CYPRESSTAG name="Technology mapping summary" expanded>

------------------------------------------------------------
Technology mapping summary
------------------------------------------------------------

Resource Type                 : Used : Free :  Max :  % Used
============================================================
Digital Clocks                :    0 :    4 :    4 :  0.00 %
Interrupts                    :    0 :   32 :   32 :  0.00 %
IO                            :    4 :   25 :   29 : 13.79 %
Segment LCD                   :    0 :    1 :    1 :  0.00 %
CapSense                      :    0 :    1 :    1 :  0.00 %
Die Temp                      :    0 :    1 :    1 :  0.00 %
Serial Communication (SCB)    :    0 :    2 :    2 :  0.00 %
BLE                           :    0 :    1 :    1 :  0.00 %
Timer/Counter/PWM             :    0 :    4 :    4 :  0.00 %
UDB                           :      :      :      :        
  Macrocells                  :    0 :   32 :   32 :  0.00 %
  Unique P-terms              :    0 :   64 :   64 :  0.00 %
  Total P-terms               :    0 :      :      :        
  Datapath Cells              :    0 :    4 :    4 :  0.00 %
  Status Cells                :    0 :    4 :    4 :  0.00 %
  Control Cells               :    0 :    4 :    4 :  0.00 %
Comparator/Opamp              :    0 :    4 :    4 :  0.00 %
LP Comparator                 :    0 :    1 :    1 :  0.00 %
SAR ADC                       :    0 :    1 :    1 :  0.00 %
DAC                           :      :      :      :        
  7-bit IDAC                  :    0 :    1 :    1 :  0.00 %
  8-bit IDAC                  :    0 :    1 :    1 :  0.00 %
</CYPRESSTAG>
Technology Mapping: Elapsed time ==> 0s.016ms
Tech Mapping phase: Elapsed time ==> 0s.045ms
</CYPRESSTAG>
<CYPRESSTAG name="Analog Placement">
<CYPRESSTAG name="FFB & IO Pre Placement">
<CYPRESSTAG name="Placement" icon="FILE_RPT_PLACEMENT">

Cell                                : Block                              
=========================================================================
L_LED(0)                            : [IOP=(3)][IoId=(7)]                
\UART:tx(0)\                        : [IOP=(1)][IoId=(5)]                
ClockGenBlock                       : CLK_GEN_[FFB(CLK_GEN,0)]           

</CYPRESSTAG>
</CYPRESSTAG>
<CYPRESSTAG name="Real Analog Placement">
Elapsed time ==> 0.1482199s
</CYPRESSTAG>
Analog Placement phase: Elapsed time ==> 0s.358ms
</CYPRESSTAG>
<CYPRESSTAG name="Analog Routing">
<CYPRESSTAG name="Analog Routing">
Route success=True, Iterations=1 Elapsed=0.0012293 secs
</CYPRESSTAG>
Analog Routing phase: Elapsed time ==> 0s.002ms
</CYPRESSTAG>
<CYPRESSTAG name="Analog Code Generation">
============ Analog Final Answer Routes ============
Dump of CyAnalogRoutingResultsDB
Map of net to items {
}
Map of item to net {
}
Mux Info {
}
Analog Code Generation phase: Elapsed time ==> 0s.038ms
</CYPRESSTAG>
<CYPRESSTAG name="Digital Placement">
<CYPRESSTAG name="Detailed placement messages">
I2659: No Constrained paths were found. The placer will run in non-timing driven mode.
I2076: Total run-time: 0.4 sec.

</CYPRESSTAG>
<CYPRESSTAG name="PLD Packing">
<CYPRESSTAG name="PLD Packing Summary">
No PLDs were packed.
</CYPRESSTAG>
PLD Packing: Elapsed time ==> 0s.001ms
</CYPRESSTAG>
<CYPRESSTAG name="Partitioning">
<CYPRESSTAG name="Initial Partitioning Summary">
Initial Partitioning Summary not displayed at this verbose level.</CYPRESSTAG>
<CYPRESSTAG name="Final Partitioning Summary">
Final Partitioning Summary not displayed at this verbose level.</CYPRESSTAG>
Partitioning: Elapsed time ==> 0s.013ms
</CYPRESSTAG>
<CYPRESSTAG name="Final Placement Summary">

------------------------------------------------------------
Final Placement Summary
------------------------------------------------------------

       Resource Type :      Count : Avg Inputs : Avg Outputs
    ========================================================
                 UDB :          0 :       0.00 :       0.00
<CYPRESSTAG name="Final Placement Details">
<CYPRESSTAG name="Component Details">

------------------------------------------------------------
Component Placement Details
------------------------------------------------------------
UDB [UDB=(0,0)] is empty.
UDB [UDB=(0,1)] is empty.
UDB [UDB=(1,0)] is empty.
UDB [UDB=(1,1)] is empty.
Intr container @ [IntrContainer=(0)]: empty
Port 0 contains the following IO cells:
Port 1 contains the following IO cells:
[IoId=5]: 
Pin : Name = \UART:tx(0)\
    Attributes:
        In Group/Port: True
        In Sync Option: AUTO
        Out Sync Option: NOSYNC
        Interrupt generated: False
        Interrupt mode: NONE
        Drive mode: CMOS_OUT
        VTrip: EITHER
        Slew: FAST
        Input Sync needed: False
        Output Sync needed: False
        SC shield enabled: False
        POR State: ANY
        LCD Mode: COMMON
        Register Mode: RegComb
        CaSense Mode: NEITHER
        Treat as pin: True
        Is OE Registered: False
        Uses Analog: False
        Can contain Digital: True
        Is SIO: False
        SIO Output Buf: NONREGULATED
        SIO Input Buf: SINGLE_ENDED
        SIO HiFreq: LOW
        SIO Hyst: DISABLED
        SIO Vtrip: MULTIPLIER_0_5
        SIO Multiplier Index: 0
        SIO RefSel: VCC_IO
        Required Capabilities: DIGITAL
        Initial Value: 1
        IO Voltage: 0
    PORT MAP (
        pa_out => \UART:tx(0)\__PA ,
        pad => \UART:tx(0)_PAD\ );
    Properties:
    {
    }

Port 2 contains the following IO cells:
Port 3 contains the following IO cells:
[IoId=7]: 
Pin : Name = L_LED(0)
    Attributes:
        In Group/Port: True
        In Sync Option: AUTO
        Out Sync Option: NOSYNC
        Interrupt generated: False
        Interrupt mode: NONE
        Drive mode: CMOS_OUT
        VTrip: EITHER
        Slew: FAST
        Input Sync needed: False
        Output Sync needed: False
        SC shield enabled: False
        POR State: ANY
        LCD Mode: COMMON
        Register Mode: RegComb
        CaSense Mode: NEITHER
        Treat as pin: True
        Is OE Registered: False
        Uses Analog: False
        Can contain Digital: True
        Is SIO: False
        SIO Output Buf: NONREGULATED
        SIO Input Buf: SINGLE_ENDED
        SIO HiFreq: LOW
        SIO Hyst: DISABLED
        SIO Vtrip: MULTIPLIER_0_5
        SIO Multiplier Index: 0
        SIO RefSel: VCC_IO
        Required Capabilities: DIGITAL
        Initial Value: 0
        IO Voltage: 0
    PORT MAP (
        pa_out => L_LED(0)__PA ,
        annotation => Net_202 ,
        pad => L_LED(0)_PAD );
    Properties:
    {
    }

Port 4 contains the following IO cells:
Port 5 contains the following IO cells:
ARM group 0: empty
Clock group 0: 
    Clock Block @ F(Clock,0): 
    m0s8clockblockcell: Name =ClockBlock
        PORT MAP (
            hfclk => ClockBlock_HFCLK ,
            imo => ClockBlock_IMO ,
            ext => ClockBlock_EXTCLK ,
            sysclk => ClockBlock_SYSCLK ,
            eco => ClockBlock_ECO ,
            ilo => ClockBlock_ILO ,
            lfclk => ClockBlock_LFCLK ,
            wco => ClockBlock_WCO ,
            dsi_in_0 => ClockBlock_Routed1 );
        Properties:
        {
        }
LCD group 0: empty
PICU group 0: empty
LPCOMP group 0: empty
SCB group 0: empty
CSD group 0: empty
CSIDAC8 group 0: empty
CSIDAC7 group 0: empty
TCPWM group 0: empty
OA group 0: empty
TEMP group 0: empty
SARADC group 0: empty
CLK_GEN group 0: 
    M0S8 Clock Gen Block @ F(CLK_GEN,0): 
    m0s8clockgenblockcell: Name =ClockGenBlock
        PORT MAP (
             );
        Properties:
        {
        }
LPCOMPBLOCK group 0: empty
PASSBLOCK group 0: empty
BLE group 0: empty
WCO group 0: empty
SRSS group 0: empty
CPUSS group 0: empty
IOSS group 0: empty
</CYPRESSTAG>
<CYPRESSTAG name="Port Configuration Details">

------------------------------------------------------------
Port Configuration report
------------------------------------------------------------
     |     |       | Interrupt |                  |              | 
Port | Pin | Fixed |      Type |       Drive Mode |         Name | Connections
-----+-----+-------+-----------+------------------+--------------+------------
   1 |   5 |     * |      NONE |         CMOS_OUT | \UART:tx(0)\ | 
-----+-----+-------+-----------+------------------+--------------+------------
   3 |   7 |     * |      NONE |         CMOS_OUT |     L_LED(0) | 
------------------------------------------------------------------------------
</CYPRESSTAG>
</CYPRESSTAG>
</CYPRESSTAG>
Digital component placer commit/Report: Elapsed time ==> 0s.006ms
Digital Placement phase: Elapsed time ==> 1s.134ms
</CYPRESSTAG>
<CYPRESSTAG name="Digital Routing">
"D:\Apps\Cypress PSoc Creator\PSoC Creator\4.1\PSoC Creator\bin/sjrouter.exe" --xml-path "D:\Apps\Cypress PSoc Creator\PSoC Creator\4.1\PSoC Creator\dev\psoc4/3/256k/route_arch-rrg.cydata" --vh2-path "BLE_OTA_UpgradableStackExample_Launcher01_r.vh2" --pcf-path "BLE_OTA_UpgradableStackExample_Launcher01.pco" --des-name "BLE_OTA_UpgradableStackExample_Launcher01" --dsf-path "BLE_OTA_UpgradableStackExample_Launcher01.dsf" --sdc-path "BLE_OTA_UpgradableStackExample_Launcher01.sdc" --lib-path "BLE_OTA_UpgradableStackExample_Launcher01_r.lib"
Routing successful.
Digital Routing phase: Elapsed time ==> 0s.918ms
</CYPRESSTAG>
<CYPRESSTAG name="Bitstream Generation">
Bitstream Generation phase: Elapsed time ==> 0s.343ms
</CYPRESSTAG>
<CYPRESSTAG name="Bitstream Verification">
Bitstream Verification phase: Elapsed time ==> 0s.108ms
</CYPRESSTAG>
<CYPRESSTAG name="Static timing analysis">
Timing report is in BLE_OTA_UpgradableStackExample_Launcher01_timing.html.
Static timing analysis phase: Elapsed time ==> 0s.312ms
</CYPRESSTAG>
<CYPRESSTAG name="Data reporting">
Data reporting phase: Elapsed time ==> 0s.000ms
</CYPRESSTAG>
<CYPRESSTAG name="Database update...">
Design database save phase: Elapsed time ==> 0s.280ms
</CYPRESSTAG>
cydsfit: Elapsed time ==> 3s.576ms
</CYPRESSTAG>
Fitter phase: Elapsed time ==> 3s.578ms
API generation phase: Elapsed time ==> 7s.033ms
Dependency generation phase: Elapsed time ==> 0s.011ms
Cleanup phase: Elapsed time ==> 0s.000ms
